Removed Pin From Net: NetName=TTL_A_OUT_GPIO Pin=C5-1
Removed Pin From Net: NetName=GND Pin=C5-2
Removed Pin From Net: NetName=TTL_B_OUT_GPIO Pin=C9-1
Removed Pin From Net: NetName=GND Pin=C9-2
Removed Pin From Net: NetName=3V3 Pin=C24-1
Removed Pin From Net: NetName=GND Pin=C24-2
Removed Pin From Net: NetName=TTL_B_IN_GPIO Pin=DD3-17
Removed Pin From Net: NetName=TTL_A_IN_GPIO Pin=DD3-38
Removed Pin From Net: NetName=GND Pin=R17-1
Removed Pin From Net: NetName=TTL_A_OUT_GPIO Pin=R17-2
Removed Pin From Net: NetName=GND Pin=R29-1
Removed Pin From Net: NetName=TTL_B_OUT_GPIO Pin=R29-2
Removed Member From Class: ClassName=ץולא1 Member=C35
Removed Member From Class: ClassName=ץולא1 Member=C36
Removed Member From Class: ClassName=ץולא1 Member=C37
Removed Member From Class: ClassName=ץולא1 Member=R49
Removed Member From Class: ClassName=ץולא1 Member=R50
Change Component Comment : Designator=R3 Old Comment=10k New Comment=5k
Change Component Comment : Designator=R6 Old Comment=10k New Comment=5k
Change Component Designator: OldDesignator=C2 NewDesignator=C15
Change Component Designator: OldDesignator=C3 NewDesignator=C17
Change Component Designator: OldDesignator=C4 NewDesignator=C25
Change Component Designator: OldDesignator=C6 NewDesignator=C18
Change Component Designator: OldDesignator=C7 NewDesignator=C26
Change Component Designator: OldDesignator=C8 NewDesignator=C30
Change Component Designator: OldDesignator=C11 NewDesignator=C21
Change Component Designator: OldDesignator=C12 NewDesignator=C22
Change Component Designator: OldDesignator=C14 NewDesignator=C23
Change Component Designator: OldDesignator=C15 NewDesignator=C24
Change Component Designator: OldDesignator=C16 NewDesignator=C29
Change Component Designator: OldDesignator=C17 NewDesignator=C16
Change Component Designator: OldDesignator=C18 NewDesignator=C31
Change Component Designator: OldDesignator=C19 NewDesignator=C11
Change Component Designator: OldDesignator=C20 NewDesignator=C32
Change Component Designator: OldDesignator=C21 NewDesignator=C12
Change Component Designator: OldDesignator=C22 NewDesignator=C34
Change Component Designator: OldDesignator=C23 NewDesignator=C14
Change Component Designator: OldDesignator=C25 NewDesignator=C9
Change Component Designator: OldDesignator=C26 NewDesignator=C19
Change Component Designator: OldDesignator=C27 NewDesignator=C20
Change Component Designator: OldDesignator=C28 NewDesignator=C8
Change Component Designator: OldDesignator=C29 NewDesignator=C7
Change Component Designator: OldDesignator=C30 NewDesignator=C6
Change Component Designator: OldDesignator=C31 NewDesignator=C5
Change Component Designator: OldDesignator=C32 NewDesignator=C27
Change Component Designator: OldDesignator=C33 NewDesignator=C28
Change Component Designator: OldDesignator=C34 NewDesignator=C4
Change Component Designator: OldDesignator=C35 NewDesignator=C3
Change Component Designator: OldDesignator=C36 NewDesignator=C2
Change Component Designator: OldDesignator=C37 NewDesignator=C33
Change Component Designator: OldDesignator=DA1 NewDesignator=DA4
Change Component Designator: OldDesignator=DA2 NewDesignator=DA3
Change Component Designator: OldDesignator=DA3 NewDesignator=DA2
Change Component Designator: OldDesignator=DA4 NewDesignator=DA1
Change Component Designator: OldDesignator=DD1 NewDesignator=DD3
Change Component Designator: OldDesignator=DD2 NewDesignator=DD1
Change Component Designator: OldDesignator=DD3 NewDesignator=DD2
Change Component Designator: OldDesignator=R1 NewDesignator=R16
Change Component Designator: OldDesignator=R2 NewDesignator=R5
Change Component Designator: OldDesignator=R3 NewDesignator=R46
Change Component Designator: OldDesignator=R4 NewDesignator=R18
Change Component Designator: OldDesignator=R5 NewDesignator=R6
Change Component Designator: OldDesignator=R6 NewDesignator=R43
Change Component Designator: OldDesignator=R7 NewDesignator=R9
Change Component Designator: OldDesignator=R8 NewDesignator=R10
Change Component Designator: OldDesignator=R9 NewDesignator=R34
Change Component Designator: OldDesignator=R10 NewDesignator=R27
Change Component Designator: OldDesignator=R11 NewDesignator=R32
Change Component Designator: OldDesignator=R12 NewDesignator=R25
Change Component Designator: OldDesignator=R13 NewDesignator=R36
Change Component Designator: OldDesignator=R14 NewDesignator=R37
Change Component Designator: OldDesignator=R15 NewDesignator=R38
Change Component Designator: OldDesignator=R16 NewDesignator=R31
Change Component Designator: OldDesignator=R18 NewDesignator=R19
Change Component Designator: OldDesignator=R19 NewDesignator=R35
Change Component Designator: OldDesignator=R20 NewDesignator=R33
Change Component Designator: OldDesignator=R21 NewDesignator=R26
Change Component Designator: OldDesignator=R22 NewDesignator=R30
Change Component Designator: OldDesignator=R23 NewDesignator=R24
Change Component Designator: OldDesignator=R24 NewDesignator=R47
Change Component Designator: OldDesignator=R25 NewDesignator=R42
Change Component Designator: OldDesignator=R26 NewDesignator=R45
Change Component Designator: OldDesignator=R27 NewDesignator=R41
Change Component Designator: OldDesignator=R28 NewDesignator=R44
Change Component Designator: OldDesignator=R30 NewDesignator=R17
Change Component Designator: OldDesignator=R31 NewDesignator=R23
Change Component Designator: OldDesignator=R32 NewDesignator=R20
Change Component Designator: OldDesignator=R33 NewDesignator=R21
Change Component Designator: OldDesignator=R34 NewDesignator=R48
Change Component Designator: OldDesignator=R35 NewDesignator=R22
Change Component Designator: OldDesignator=R36 NewDesignator=R15
Change Component Designator: OldDesignator=R37 NewDesignator=R13
Change Component Designator: OldDesignator=R38 NewDesignator=R28
Change Component Designator: OldDesignator=R39 NewDesignator=R29
Change Component Designator: OldDesignator=R40 NewDesignator=R14
Change Component Designator: OldDesignator=R41 NewDesignator=R12
Change Component Designator: OldDesignator=R42 NewDesignator=R39
Change Component Designator: OldDesignator=R43 NewDesignator=R40
Change Component Designator: OldDesignator=R44 NewDesignator=R11
Change Component Designator: OldDesignator=R45 NewDesignator=R8
Change Component Designator: OldDesignator=R46 NewDesignator=R7
Change Component Designator: OldDesignator=R47 NewDesignator=R4
Change Component Designator: OldDesignator=R48 NewDesignator=R3
Change Component Designator: OldDesignator=R49 NewDesignator=R2
Change Component Designator: OldDesignator=R50 NewDesignator=R1
Change Component Designator: OldDesignator=XS1 NewDesignator=XS11
Change Component Designator: OldDesignator=XS2 NewDesignator=XS5
Change Component Designator: OldDesignator=XS3 NewDesignator=XS1
Change Component Designator: OldDesignator=XS4 NewDesignator=XS9
Change Component Designator: OldDesignator=XS5 NewDesignator=XS8
Change Component Designator: OldDesignator=XS8 NewDesignator=XS4
Change Component Designator: OldDesignator=XS9 NewDesignator=XS3
Change Component Designator: OldDesignator=XS10 NewDesignator=XS2
Change Component Designator: OldDesignator=XS11 NewDesignator=XS10
Change component parameters: Designator = "R3" ("R3"); Footprint = "0402_res"; UniqueID = "\HQRYKJAG" ("\HQRYKJAG")
Change component parameters (AddParameter): Name = "Case"; Value = "0402"; VariantName = "[No Variations]"
Change component parameters (AddParameter): Name = "Power"; Value = ""; VariantName = "[No Variations]"
Change component parameters (AddParameter): Name = "Temp"; Value = ""; VariantName = "[No Variations]"
Change component parameters (AddParameter): Name = "Tolerance"; Value = ""; VariantName = "[No Variations]"
Change component parameters (AddParameter): Name = "URL"; Value = ""; VariantName = "[No Variations]"
Change component parameters (AddParameter): Name = "Value"; Value = "5k"; VariantName = "[No Variations]"
Change component parameters (AddParameter): Name = "ValueDescription"; Value = ""; VariantName = "[No Variations]"
Change component parameters (AddParameter): Name = "ValueManufacturer"; Value = ""; VariantName = "[No Variations]"
Change component parameters (AddParameter): Name = "ValueManufacturerPartNumber"; Value = ""; VariantName = "[No Variations]"
Change component parameters (AddParameter): Name = "ValueType"; Value = "וחטסעמנ"; VariantName = "[No Variations]"
Change component parameters: Designator = "R6" ("R6"); Footprint = "0402_res"; UniqueID = "\DBLTJKMA" ("\DBLTJKMA")
Change component parameters (AddParameter): Name = "Case"; Value = "0402"; VariantName = "[No Variations]"
Change component parameters (AddParameter): Name = "Power"; Value = ""; VariantName = "[No Variations]"
Change component parameters (AddParameter): Name = "Temp"; Value = ""; VariantName = "[No Variations]"
Change component parameters (AddParameter): Name = "Tolerance"; Value = ""; VariantName = "[No Variations]"
Change component parameters (AddParameter): Name = "URL"; Value = ""; VariantName = "[No Variations]"
Change component parameters (AddParameter): Name = "Value"; Value = "5k"; VariantName = "[No Variations]"
Change component parameters (AddParameter): Name = "ValueDescription"; Value = ""; VariantName = "[No Variations]"
Change component parameters (AddParameter): Name = "ValueManufacturer"; Value = ""; VariantName = "[No Variations]"
Change component parameters (AddParameter): Name = "ValueManufacturerPartNumber"; Value = ""; VariantName = "[No Variations]"
Change component parameters (AddParameter): Name = "ValueType"; Value = "וחטסעמנ"; VariantName = "[No Variations]"
Added Pin To Net: NetName=TTL_A_IN_GPIO Pin=DD2-21
Added Pin To Net: NetName=TTL_B_IN_GPIO Pin=DD2-22
Change Net Name : Old Net Name=I2C_SCL/USART_TX_OUT New Net Name=NetR36_1
Change Net Name : Old Net Name=I2C_SDA/USART_RX_OUT New Net Name=NetR37_1
Change Net Name : Old Net Name=NetC3_1 New Net Name=NetC17_1
Change Net Name : Old Net Name=NetC3_2 New Net Name=NetC17_2
Change Net Name : Old Net Name=NetC26_1 New Net Name=NetC19_1
Change Net Name : Old Net Name=NetC27_1 New Net Name=NetC20_1
Change Net Name : Old Net Name=NetC31_2 New Net Name=NetC5_2
Change Net Name : Old Net Name=NetDA2_6 New Net Name=NetDA2_3
Change Net Name : Old Net Name=NetDA2_7 New Net Name=NetDA3_7
Change Net Name : Old Net Name=NetDA2_8 New Net Name=NetDA3_8
Change Net Name : Old Net Name=NetDA3_1 New Net Name=NetDA2_1
Change Net Name : Old Net Name=NetDA3_7 New Net Name=NetDA2_7
Change Net Name : Old Net Name=NetDA4_1 New Net Name=NetDA1_1
Change Net Name : Old Net Name=NetDA4_2 New Net Name=NetDA1_2
Change Net Name : Old Net Name=NetDA4_3 New Net Name=NetDA1_3
Change Net Name : Old Net Name=NetDA4_4 New Net Name=NetDA1_4
Change Net Name : Old Net Name=NetDD1_5 New Net Name=NetDD3_5
Change Net Name : Old Net Name=NetDD1_6 New Net Name=NetDD3_6
Change Net Name : Old Net Name=NetDD1_8 New Net Name=NetDD3_8
Change Net Name : Old Net Name=NetDD2_5 New Net Name=NetDD1_5
Change Net Name : Old Net Name=NetDD2_6 New Net Name=NetDD1_6
Change Net Name : Old Net Name=NetDD2_8 New Net Name=NetDD1_8
Change Net Name : Old Net Name=NetDD3_6 New Net Name=NetDD2_6
Change Net Name : Old Net Name=NetDD3_20 New Net Name=NetDD2_20
Change Net Name : Old Net Name=NetDD3_39 New Net Name=NetDD2_39
Change Net Name : Old Net Name=NetDD3_44 New Net Name=NetDD2_44
Change Net Name : Old Net Name=NetR3_1 New Net Name=NetR35_2
Change Net Name : Old Net Name=NetR15_2 New Net Name=NetR38_2
Change Net Name : Old Net Name=NetR30_2 New Net Name=NetR17_2
Change Net Name : Old Net Name=NetR41_2 New Net Name=NetR12_2
Added Pin To Net: NetName=NetC27_2 Pin=C27-2
Added Pin To Net: NetName=NetC27_2 Pin=R29-2
Added Pin To Net: NetName=NetC27_2 Pin=R39-1
Added Pin To Net: NetName=NetC27_2 Pin=XS10-2
Added Net: Name=NetC27_2
Added Pin To Net: NetName=NetC28_2 Pin=C28-2
Added Pin To Net: NetName=NetC28_2 Pin=R28-2
Added Pin To Net: NetName=NetC28_2 Pin=R40-1
Added Pin To Net: NetName=NetC28_2 Pin=XS10-1
Added Net: Name=NetC28_2
Added Pin To Net: NetName=NetDD1_7 Pin=DD1-7
Added Pin To Net: NetName=NetDD1_7 Pin=R5-2
Added Net: Name=NetDD1_7
Added Pin To Net: NetName=NetR24_1 Pin=R24-1
Added Pin To Net: NetName=NetR24_1 Pin=R43-1
Added Pin To Net: NetName=NetR24_1 Pin=XS9-4
Added Net: Name=NetR24_1
Added Pin To Net: NetName=NetR30_2 Pin=R30-2
Added Pin To Net: NetName=NetR30_2 Pin=XS9-3
Added Net: Name=NetR30_2
Change Class Name : Old Net Name=ץולא1 New Net Name=Drive
Added Room: Name=Drive
