Added Pin To Net: NetName=GND Pin=C2-2
Added Pin To Net: NetName=GND Pin=C4-2
Added Member To Class: ClassName=Drive Member=Component C2 100x50
Added Member To Class: ClassName=Drive Member=Component C3 100n
Added Member To Class: ClassName=Drive Member=Component C5 1.0n
Added Member To Class: ClassName=Drive Member=Component C7 0.1u
Added Member To Class: ClassName=Drive Member=Component C9 1.0n
Added Member To Class: ClassName=Drive Member=Component C11 0.1u
Added Member To Class: ClassName=Drive Member=Component C15 0.1u
Added Member To Class: ClassName=Drive Member=Component C17 1.8n
Added Member To Class: ClassName=Drive Member=Component C18 0.1u
Added Member To Class: ClassName=Drive Member=Component C20 18p
Added Member To Class: ClassName=Drive Member=Component C22 0.1u
Added Member To Class: ClassName=Drive Member=Component C23 22Ux16V
Added Member To Class: ClassName=Drive Member=Component C24 22Ux16V
Added Member To Class: ClassName=Drive Member=Component C25 100n
Added Member To Class: ClassName=Drive Member=Component C26 0,1
Added Member To Class: ClassName=Drive Member=Component C28 15p
Added Member To Class: ClassName=Drive Member=Component C29 47p
Added Member To Class: ClassName=Drive Member=Component C30 100n
Added Member To Class: ClassName=Drive Member=Component C32 10p
Added Member To Class: ClassName=Drive Member=Component C33 0.1
Added Member To Class: ClassName=Drive Member=Component C34 0.1
Added Member To Class: ClassName=Drive Member=Component DA1 INA826AIDR
Added Member To Class: ClassName=Drive Member=Component DA3 A4950ELJTR-T
Added Member To Class: ClassName=Drive Member=Component DD1 SN65HVD230DR
Added Member To Class: ClassName=Drive Member=Component DD3 MAX3490EESA
Added Member To Class: ClassName=Drive Member=Component R1 10k
Added Member To Class: ClassName=Drive Member=Component R2 0.1
Added Member To Class: ClassName=Drive Member=Component R4 10k
Added Member To Class: ClassName=Drive Member=Component R6 62
Added Member To Class: ClassName=Drive Member=Component R7 10k
Added Member To Class: ClassName=Drive Member=Component R8 10k
Added Member To Class: ClassName=Drive Member=Component R9 10k
Added Member To Class: ClassName=Drive Member=Component R10 0
Added Member To Class: ClassName=Drive Member=Component R11 10k
Added Member To Class: ClassName=Drive Member=Component R12 5k1
Added Member To Class: ClassName=Drive Member=Component R14 10k
Added Member To Class: ClassName=Drive Member=Component R15 10k
Added Member To Class: ClassName=Drive Member=Component R16 4k7
Added Member To Class: ClassName=Drive Member=Component R17 220
Added Member To Class: ClassName=Drive Member=Component R18 120
Added Member To Class: ClassName=Drive Member=Component R22 220
Added Member To Class: ClassName=Drive Member=Component R24 22
Added Member To Class: ClassName=Drive Member=Component R26 2ê
Added Member To Class: ClassName=Drive Member=Component R28 1k
Added Member To Class: ClassName=Drive Member=Component R29 1k
Added Member To Class: ClassName=Drive Member=Component R30 22
Added Member To Class: ClassName=Drive Member=Component R32 5k1
Added Member To Class: ClassName=Drive Member=Component R34 22
Added Member To Class: ClassName=Drive Member=Component R35 22
Added Member To Class: ClassName=Drive Member=Component R39 10k
Added Member To Class: ClassName=Drive Member=Component R41 5k1
Added Member To Class: ClassName=Drive Member=Component XS3 OUT
Added Member To Class: ClassName=Drive Member=Component XS5 SSI
Added Member To Class: ClassName=Drive Member=Component XS8 I2C or UART
Added Member To Class: ClassName=Drive Member=Component XS9 SPI
Added Member To Class: ClassName=Drive Member=Component XS10 ENC
Added Room: Name=Drive
