Removed Pin From Net: NetName=GND Pin=C15-2
Removed Pin From Net: NetName=GND Pin=C26-1
Removed Pin From Net: NetName=3V3 Pin=C26-2
Removed Pin From Net: NetName=GND Pin=DA2-1
Removed Pin From Net: NetName=GND Pin=DA2-1
Removed Pin From Net: NetName=IN2 Pin=DA2-2
Removed Pin From Net: NetName=IN1 Pin=DA2-3
Removed Pin From Net: NetName=3V3 Pin=DA2-4
Removed Pin From Net: NetName=+12V Pin=DA2-5
Removed Pin From Net: NetName=+ Pin=DA2-6
Removed Pin From Net: NetName=NetDA2_7 Pin=DA2-7
Removed Pin From Net: NetName=NetDA2_8 Pin=DA2-8
Removed Pin From Net: NetName=GND Pin=DA4-2
Removed Pin From Net: NetName=NetDA2_7 Pin=DA4-3
Removed Pin From Net: NetName=GND Pin=DA4-4
Removed Pin From Net: NetName=GND Pin=DA4-5
Removed Pin From Net: NetName=3V3 Pin=DA4-6
Removed Pin From Net: NetName=NetC20_1 Pin=DD3-6
Removed Pin From Net: NetName=3V3 Pin=DD3-9
Removed Pin From Net: NetName=TTL_A_OUT_GPIO Pin=DD3-10
Removed Pin From Net: NetName=TTL_B_OUT_GPIO Pin=DD3-11
Removed Pin From Net: NetName=3V3 Pin=DD3-24
Removed Pin From Net: NetName=3V3 Pin=DD3-36
Removed Pin From Net: NetName=3V3 Pin=DD3-48
Removed Pin From Net: NetName=+5V Pin=HL1-A
Removed Pin From Net: NetName=NetHL1_K Pin=HL1-K
Removed Pin From Net: NetName=SPI_SS Pin=R5-1
Removed Pin From Net: NetName=GND Pin=R29-1
Removed Pin From Net: NetName=NetHL1_K Pin=R29-2
Removed Pin From Net: NetName=NetC21_1 Pin=R33-2
Removed Pin From Net: NetName=GND Pin=XS1-3
Removed Pin From Net: NetName=GND Pin=XS2-3
Removed Pin From Net: NetName=SPI_SS Pin=XS5-4
Change Component Footprint: Designator=C3 Old Footprint=0402_CAP New Footprint=0603_CAP
Change Component Footprint: Designator=C4 Old Footprint=0402_CAP New Footprint=0603_CAP
Change Component Footprint: Designator=C8 Old Footprint=0402_CAP New Footprint=0603_CAP
Change Component Footprint: Designator=C9 Old Footprint=0402_CAP New Footprint=0603_CAP
Change Component Footprint: Designator=R6 Old Footprint=0402_res New Footprint=0603_RES
Change Component Footprint: Designator=R7 Old Footprint=0402_res New Footprint=0603_RES
Change Component Footprint: Designator=R22 Old Footprint=0402_res New Footprint=0603_RES
Change Component Footprint: Designator=R23 Old Footprint=0402_res New Footprint=0603_RES
Change Component Comment : Designator=C20 Old Comment=12p New Comment=18p
Change Component Comment : Designator=C21 Old Comment=12p New Comment=18p
Change Component Designator: OldDesignator=C11 NewDesignator=C12
Change Component Designator: OldDesignator=C12 NewDesignator=C13
Change Component Designator: OldDesignator=C13 NewDesignator=C14
Change Component Designator: OldDesignator=C14 NewDesignator=C15
Change Component Designator: OldDesignator=C16 NewDesignator=C17
Change Component Designator: OldDesignator=C17 NewDesignator=C18
Change Component Designator: OldDesignator=C18 NewDesignator=C19
Change Component Designator: OldDesignator=C19 NewDesignator=C20
Change Component Designator: OldDesignator=C20 NewDesignator=C21
Change Component Designator: OldDesignator=C21 NewDesignator=C22
Change Component Designator: OldDesignator=C22 NewDesignator=C23
Change Component Designator: OldDesignator=C23 NewDesignator=C24
Change Component Designator: OldDesignator=C24 NewDesignator=C26
Change Component Designator: OldDesignator=C25 NewDesignator=C27
Change Component Designator: OldDesignator=C27 NewDesignator=C28
Change Component Designator: OldDesignator=C28 NewDesignator=C29
Change Component Designator: OldDesignator=C29 NewDesignator=C30
Change Component Designator: OldDesignator=C30 NewDesignator=C31
Change Component Designator: OldDesignator=C31 NewDesignator=C32
Change Component Designator: OldDesignator=C32 NewDesignator=C35
Change Component Designator: OldDesignator=DA3 NewDesignator=DA4
Change Component Designator: OldDesignator=R10 NewDesignator=R12
Change Component Designator: OldDesignator=R11 NewDesignator=R13
Change Component Designator: OldDesignator=R12 NewDesignator=R14
Change Component Designator: OldDesignator=R13 NewDesignator=R15
Change Component Designator: OldDesignator=R14 NewDesignator=R16
Change Component Designator: OldDesignator=R15 NewDesignator=R10
Change Component Designator: OldDesignator=R16 NewDesignator=R11
Change Component Designator: OldDesignator=R17 NewDesignator=R19
Change Component Designator: OldDesignator=R18 NewDesignator=R17
Change Component Designator: OldDesignator=R21 NewDesignator=R18
Change Component Designator: OldDesignator=R22 NewDesignator=R21
Change Component Designator: OldDesignator=R23 NewDesignator=R22
Change Component Designator: OldDesignator=R24 NewDesignator=R23
Change Component Designator: OldDesignator=R25 NewDesignator=R24
Change Component Designator: OldDesignator=R26 NewDesignator=R25
Change Component Designator: OldDesignator=R27 NewDesignator=R26
Change Component Designator: OldDesignator=R28 NewDesignator=R27
Change Component Designator: OldDesignator=R30 NewDesignator=R31
Change Component Designator: OldDesignator=R31 NewDesignator=R29
Change Component Designator: OldDesignator=R32 NewDesignator=R30
Change Component Designator: OldDesignator=R33 NewDesignator=R32
Change Component Designator: OldDesignator=R34 NewDesignator=R33
Change Component Designator: OldDesignator=R35 NewDesignator=R34
Change Component Designator: OldDesignator=R36 NewDesignator=R35
Change Component Designator: OldDesignator=R37 NewDesignator=R36
Change Component Designator: OldDesignator=R38 NewDesignator=R37
Change Component Designator: OldDesignator=R39 NewDesignator=R38
Change Component Designator: OldDesignator=R40 NewDesignator=R39
Change Component Designator: OldDesignator=R41 NewDesignator=R40
Change Component Designator: OldDesignator=R42 NewDesignator=R41
Change Component Designator: OldDesignator=R43 NewDesignator=R42
Change Component Designator: OldDesignator=R44 NewDesignator=R43
Change Component Designator: OldDesignator=XS3 NewDesignator=XS1
Change Component Designator: OldDesignator=XS4 NewDesignator=XS3
Change Component Designator: OldDesignator=XS5 NewDesignator=XS4
Change Component Designator: OldDesignator=XS6 NewDesignator=XS2
Change Component Designator: OldDesignator=XS7 NewDesignator=XS6
Change Component Designator: OldDesignator=XS8 NewDesignator=XS7
Change Component Designator: OldDesignator=XS9 NewDesignator=XS8
Change Component Designator: OldDesignator=XS10 NewDesignator=XS9
Change Component Designator: OldDesignator=XS11 NewDesignator=XS10
Change component parameters: Designator = "C3" ("C3"); Footprint = "0402_CAP"; UniqueID = "\YJRIRCMI" ("\YJRIRCMI")
Change component parameters (AddParameter): Name = "Case"; Value = "0603"; VariantName = "[No Variations]"
Change component parameters (AddParameter): Name = "Dielectric"; Value = ""; VariantName = "[No Variations]"
Change component parameters (AddParameter): Name = "ESR"; Value = ""; VariantName = "[No Variations]"
Change component parameters (AddParameter): Name = "Package"; Value = ""; VariantName = "[No Variations]"
Change component parameters (AddParameter): Name = "Parameter 1"; Value = ""; VariantName = "[No Variations]"
Change component parameters (AddParameter): Name = "Power"; Value = ""; VariantName = "[No Variations]"
Change component parameters (AddParameter): Name = "Temp"; Value = ""; VariantName = "[No Variations]"
Change component parameters (AddParameter): Name = "Tolerance"; Value = ""; VariantName = "[No Variations]"
Change component parameters (AddParameter): Name = "URL"; Value = ""; VariantName = "[No Variations]"
Change component parameters (AddParameter): Name = "Value"; Value = "100n"; VariantName = "[No Variations]"
Change component parameters (AddParameter): Name = "ValueDescription"; Value = ""; VariantName = "[No Variations]"
Change component parameters (AddParameter): Name = "ValueManufacturer"; Value = ""; VariantName = "[No Variations]"
Change component parameters (AddParameter): Name = "ValueManufacturerPartNumber"; Value = ""; VariantName = "[No Variations]"
Change component parameters (AddParameter): Name = "ValueType"; Value = "Конденсатор"; VariantName = "[No Variations]"
Change component parameters (AddParameter): Name = "Voltage"; Value = ""; VariantName = "[No Variations]"
Change component parameters: Designator = "C4" ("C4"); Footprint = "0402_CAP"; UniqueID = "\XJLDLTBC" ("\XJLDLTBC")
Change component parameters (AddParameter): Name = "Case"; Value = "0603"; VariantName = "[No Variations]"
Change component parameters (AddParameter): Name = "Dielectric"; Value = ""; VariantName = "[No Variations]"
Change component parameters (AddParameter): Name = "ESR"; Value = ""; VariantName = "[No Variations]"
Change component parameters (AddParameter): Name = "Package"; Value = ""; VariantName = "[No Variations]"
Change component parameters (AddParameter): Name = "Parameter 1"; Value = ""; VariantName = "[No Variations]"
Change component parameters (AddParameter): Name = "Power"; Value = ""; VariantName = "[No Variations]"
Change component parameters (AddParameter): Name = "Temp"; Value = ""; VariantName = "[No Variations]"
Change component parameters (AddParameter): Name = "Tolerance"; Value = ""; VariantName = "[No Variations]"
Change component parameters (AddParameter): Name = "URL"; Value = ""; VariantName = "[No Variations]"
Change component parameters (AddParameter): Name = "Value"; Value = "100n"; VariantName = "[No Variations]"
Change component parameters (AddParameter): Name = "ValueDescription"; Value = ""; VariantName = "[No Variations]"
Change component parameters (AddParameter): Name = "ValueManufacturer"; Value = ""; VariantName = "[No Variations]"
Change component parameters (AddParameter): Name = "ValueManufacturerPartNumber"; Value = ""; VariantName = "[No Variations]"
Change component parameters (AddParameter): Name = "ValueType"; Value = "Конденсатор"; VariantName = "[No Variations]"
Change component parameters (AddParameter): Name = "Voltage"; Value = ""; VariantName = "[No Variations]"
Change component parameters: Designator = "C8" ("C8"); Footprint = "0402_CAP"; UniqueID = "\UMIDDVVX" ("\UMIDDVVX")
Change component parameters (AddParameter): Name = "Case"; Value = "0603"; VariantName = "[No Variations]"
Change component parameters (AddParameter): Name = "Dielectric"; Value = ""; VariantName = "[No Variations]"
Change component parameters (AddParameter): Name = "ESR"; Value = ""; VariantName = "[No Variations]"
Change component parameters (AddParameter): Name = "Package"; Value = ""; VariantName = "[No Variations]"
Change component parameters (AddParameter): Name = "Parameter 1"; Value = ""; VariantName = "[No Variations]"
Change component parameters (AddParameter): Name = "Power"; Value = ""; VariantName = "[No Variations]"
Change component parameters (AddParameter): Name = "Temp"; Value = ""; VariantName = "[No Variations]"
Change component parameters (AddParameter): Name = "Tolerance"; Value = ""; VariantName = "[No Variations]"
Change component parameters (AddParameter): Name = "URL"; Value = ""; VariantName = "[No Variations]"
Change component parameters (AddParameter): Name = "Value"; Value = "100n"; VariantName = "[No Variations]"
Change component parameters (AddParameter): Name = "ValueDescription"; Value = ""; VariantName = "[No Variations]"
Change component parameters (AddParameter): Name = "ValueManufacturer"; Value = ""; VariantName = "[No Variations]"
Change component parameters (AddParameter): Name = "ValueManufacturerPartNumber"; Value = ""; VariantName = "[No Variations]"
Change component parameters (AddParameter): Name = "ValueType"; Value = "Конденсатор"; VariantName = "[No Variations]"
Change component parameters (AddParameter): Name = "Voltage"; Value = ""; VariantName = "[No Variations]"
Change component parameters: Designator = "C9" ("C9"); Footprint = "0402_CAP"; UniqueID = "\EOFUTQBD" ("\EOFUTQBD")
Change component parameters (AddParameter): Name = "Case"; Value = "0603"; VariantName = "[No Variations]"
Change component parameters (AddParameter): Name = "Dielectric"; Value = ""; VariantName = "[No Variations]"
Change component parameters (AddParameter): Name = "ESR"; Value = ""; VariantName = "[No Variations]"
Change component parameters (AddParameter): Name = "Package"; Value = ""; VariantName = "[No Variations]"
Change component parameters (AddParameter): Name = "Parameter 1"; Value = ""; VariantName = "[No Variations]"
Change component parameters (AddParameter): Name = "Power"; Value = ""; VariantName = "[No Variations]"
Change component parameters (AddParameter): Name = "Temp"; Value = ""; VariantName = "[No Variations]"
Change component parameters (AddParameter): Name = "Tolerance"; Value = ""; VariantName = "[No Variations]"
Change component parameters (AddParameter): Name = "URL"; Value = ""; VariantName = "[No Variations]"
Change component parameters (AddParameter): Name = "Value"; Value = "100n"; VariantName = "[No Variations]"
Change component parameters (AddParameter): Name = "ValueDescription"; Value = ""; VariantName = "[No Variations]"
Change component parameters (AddParameter): Name = "ValueManufacturer"; Value = ""; VariantName = "[No Variations]"
Change component parameters (AddParameter): Name = "ValueManufacturerPartNumber"; Value = ""; VariantName = "[No Variations]"
Change component parameters (AddParameter): Name = "ValueType"; Value = "Конденсатор"; VariantName = "[No Variations]"
Change component parameters (AddParameter): Name = "Voltage"; Value = ""; VariantName = "[No Variations]"
Change component parameters: Designator = "R6" ("R6"); Footprint = "0402_res"; UniqueID = "\GVZUBMSB" ("\GVZUBMSB")
Change component parameters (AddParameter): Name = "Case"; Value = ""; VariantName = "[No Variations]"
Change component parameters (AddParameter): Name = "Power"; Value = "0603"; VariantName = "[No Variations]"
Change component parameters (AddParameter): Name = "Temp"; Value = ""; VariantName = "[No Variations]"
Change component parameters (AddParameter): Name = "Tolerance"; Value = ""; VariantName = "[No Variations]"
Change component parameters (AddParameter): Name = "URL"; Value = ""; VariantName = "[No Variations]"
Change component parameters (AddParameter): Name = "Value"; Value = "22"; VariantName = "[No Variations]"
Change component parameters (AddParameter): Name = "ValueDescription"; Value = ""; VariantName = "[No Variations]"
Change component parameters (AddParameter): Name = "ValueManufacturer"; Value = ""; VariantName = "[No Variations]"
Change component parameters (AddParameter): Name = "ValueManufacturerPartNumber"; Value = ""; VariantName = "[No Variations]"
Change component parameters (AddParameter): Name = "ValueType"; Value = "Резистор"; VariantName = "[No Variations]"
Change component parameters: Designator = "R7" ("R7"); Footprint = "0402_res"; UniqueID = "\QYRWUNWV" ("\QYRWUNWV")
Change component parameters (AddParameter): Name = "Case"; Value = ""; VariantName = "[No Variations]"
Change component parameters (AddParameter): Name = "Power"; Value = "0603"; VariantName = "[No Variations]"
Change component parameters (AddParameter): Name = "Temp"; Value = ""; VariantName = "[No Variations]"
Change component parameters (AddParameter): Name = "Tolerance"; Value = ""; VariantName = "[No Variations]"
Change component parameters (AddParameter): Name = "URL"; Value = ""; VariantName = "[No Variations]"
Change component parameters (AddParameter): Name = "Value"; Value = "22"; VariantName = "[No Variations]"
Change component parameters (AddParameter): Name = "ValueDescription"; Value = ""; VariantName = "[No Variations]"
Change component parameters (AddParameter): Name = "ValueManufacturer"; Value = ""; VariantName = "[No Variations]"
Change component parameters (AddParameter): Name = "ValueManufacturerPartNumber"; Value = ""; VariantName = "[No Variations]"
Change component parameters (AddParameter): Name = "ValueType"; Value = "Резистор"; VariantName = "[No Variations]"
Change component parameters: Designator = "R22" ("R22"); Footprint = "0402_res"; UniqueID = "\WXYGGRMB" ("\WXYGGRMB")
Change component parameters (AddParameter): Name = "Case"; Value = ""; VariantName = "[No Variations]"
Change component parameters (AddParameter): Name = "Power"; Value = "0603"; VariantName = "[No Variations]"
Change component parameters (AddParameter): Name = "Temp"; Value = ""; VariantName = "[No Variations]"
Change component parameters (AddParameter): Name = "Tolerance"; Value = ""; VariantName = "[No Variations]"
Change component parameters (AddParameter): Name = "URL"; Value = ""; VariantName = "[No Variations]"
Change component parameters (AddParameter): Name = "Value"; Value = "22"; VariantName = "[No Variations]"
Change component parameters (AddParameter): Name = "ValueDescription"; Value = ""; VariantName = "[No Variations]"
Change component parameters (AddParameter): Name = "ValueManufacturer"; Value = ""; VariantName = "[No Variations]"
Change component parameters (AddParameter): Name = "ValueManufacturerPartNumber"; Value = ""; VariantName = "[No Variations]"
Change component parameters (AddParameter): Name = "ValueType"; Value = "Резистор"; VariantName = "[No Variations]"
Change component parameters: Designator = "R23" ("R23"); Footprint = "0402_res"; UniqueID = "\AHIJMSIA" ("\AHIJMSIA")
Change component parameters (AddParameter): Name = "Case"; Value = ""; VariantName = "[No Variations]"
Change component parameters (AddParameter): Name = "Power"; Value = "0603"; VariantName = "[No Variations]"
Change component parameters (AddParameter): Name = "Temp"; Value = ""; VariantName = "[No Variations]"
Change component parameters (AddParameter): Name = "Tolerance"; Value = ""; VariantName = "[No Variations]"
Change component parameters (AddParameter): Name = "URL"; Value = ""; VariantName = "[No Variations]"
Change component parameters (AddParameter): Name = "Value"; Value = "22"; VariantName = "[No Variations]"
Change component parameters (AddParameter): Name = "ValueDescription"; Value = ""; VariantName = "[No Variations]"
Change component parameters (AddParameter): Name = "ValueManufacturer"; Value = ""; VariantName = "[No Variations]"
Change component parameters (AddParameter): Name = "ValueManufacturerPartNumber"; Value = ""; VariantName = "[No Variations]"
Change component parameters (AddParameter): Name = "ValueType"; Value = "Резистор"; VariantName = "[No Variations]"
Change component parameters: Designator = "C20" ("C20"); Footprint = "0402_CAP"; UniqueID = "\XFOYDHUU" ("\XFOYDHUU")
Change component parameters (AddParameter): Name = "Case"; Value = "0402"; VariantName = "[No Variations]"
Change component parameters (AddParameter): Name = "Dielectric"; Value = ""; VariantName = "[No Variations]"
Change component parameters (AddParameter): Name = "ESR"; Value = ""; VariantName = "[No Variations]"
Change component parameters (AddParameter): Name = "Package"; Value = ""; VariantName = "[No Variations]"
Change component parameters (AddParameter): Name = "Parameter 1"; Value = ""; VariantName = "[No Variations]"
Change component parameters (AddParameter): Name = "Power"; Value = ""; VariantName = "[No Variations]"
Change component parameters (AddParameter): Name = "Temp"; Value = ""; VariantName = "[No Variations]"
Change component parameters (AddParameter): Name = "Tolerance"; Value = ""; VariantName = "[No Variations]"
Change component parameters (AddParameter): Name = "URL"; Value = ""; VariantName = "[No Variations]"
Change component parameters (AddParameter): Name = "Value"; Value = "18p"; VariantName = "[No Variations]"
Change component parameters (AddParameter): Name = "ValueDescription"; Value = ""; VariantName = "[No Variations]"
Change component parameters (AddParameter): Name = "ValueManufacturer"; Value = ""; VariantName = "[No Variations]"
Change component parameters (AddParameter): Name = "ValueManufacturerPartNumber"; Value = ""; VariantName = "[No Variations]"
Change component parameters (AddParameter): Name = "ValueType"; Value = "Конденсатор"; VariantName = "[No Variations]"
Change component parameters (AddParameter): Name = "Voltage"; Value = ""; VariantName = "[No Variations]"
Change component parameters: Designator = "C21" ("C21"); Footprint = "0402_CAP"; UniqueID = "\GOQMPXIE" ("\GOQMPXIE")
Change component parameters (AddParameter): Name = "Case"; Value = "0402"; VariantName = "[No Variations]"
Change component parameters (AddParameter): Name = "Dielectric"; Value = ""; VariantName = "[No Variations]"
Change component parameters (AddParameter): Name = "ESR"; Value = ""; VariantName = "[No Variations]"
Change component parameters (AddParameter): Name = "Package"; Value = ""; VariantName = "[No Variations]"
Change component parameters (AddParameter): Name = "Parameter 1"; Value = ""; VariantName = "[No Variations]"
Change component parameters (AddParameter): Name = "Power"; Value = ""; VariantName = "[No Variations]"
Change component parameters (AddParameter): Name = "Temp"; Value = ""; VariantName = "[No Variations]"
Change component parameters (AddParameter): Name = "Tolerance"; Value = ""; VariantName = "[No Variations]"
Change component parameters (AddParameter): Name = "URL"; Value = ""; VariantName = "[No Variations]"
Change component parameters (AddParameter): Name = "Value"; Value = "18p"; VariantName = "[No Variations]"
Change component parameters (AddParameter): Name = "ValueDescription"; Value = ""; VariantName = "[No Variations]"
Change component parameters (AddParameter): Name = "ValueManufacturer"; Value = ""; VariantName = "[No Variations]"
Change component parameters (AddParameter): Name = "ValueManufacturerPartNumber"; Value = ""; VariantName = "[No Variations]"
Change component parameters (AddParameter): Name = "ValueType"; Value = "Конденсатор"; VariantName = "[No Variations]"
Change component parameters (AddParameter): Name = "Voltage"; Value = ""; VariantName = "[No Variations]"
Added Component: Designator=B1(Ferrite_Bead_0603)
Added Component: Designator=C11(0402_CAP)
Add component (AddParameter): Name = "Case"; Value = "0402"; VariantName = "[No Variations]"
Add component (AddParameter): Name = "Dielectric"; Value = ""; VariantName = "[No Variations]"
Add component (AddParameter): Name = "ESR"; Value = ""; VariantName = "[No Variations]"
Add component (AddParameter): Name = "Package"; Value = ""; VariantName = "[No Variations]"
Add component (AddParameter): Name = "Parameter 1"; Value = ""; VariantName = "[No Variations]"
Add component (AddParameter): Name = "Power"; Value = ""; VariantName = "[No Variations]"
Add component (AddParameter): Name = "Temp"; Value = ""; VariantName = "[No Variations]"
Add component (AddParameter): Name = "Tolerance"; Value = ""; VariantName = "[No Variations]"
Add component (AddParameter): Name = "URL"; Value = ""; VariantName = "[No Variations]"
Add component (AddParameter): Name = "Value"; Value = "2.2u"; VariantName = "[No Variations]"
Add component (AddParameter): Name = "ValueDescription"; Value = ""; VariantName = "[No Variations]"
Add component (AddParameter): Name = "ValueManufacturer"; Value = ""; VariantName = "[No Variations]"
Add component (AddParameter): Name = "ValueManufacturerPartNumber"; Value = ""; VariantName = "[No Variations]"
Add component (AddParameter): Name = "ValueType"; Value = "Конденсатор"; VariantName = "[No Variations]"
Add component (AddParameter): Name = "Voltage"; Value = ""; VariantName = "[No Variations]"
Added Component: Designator=C16(0402_CAP)
Add component (AddParameter): Name = "Case"; Value = "0402"; VariantName = "[No Variations]"
Add component (AddParameter): Name = "Dielectric"; Value = ""; VariantName = "[No Variations]"
Add component (AddParameter): Name = "ESR"; Value = ""; VariantName = "[No Variations]"
Add component (AddParameter): Name = "Package"; Value = ""; VariantName = "[No Variations]"
Add component (AddParameter): Name = "Parameter 1"; Value = ""; VariantName = "[No Variations]"
Add component (AddParameter): Name = "Power"; Value = ""; VariantName = "[No Variations]"
Add component (AddParameter): Name = "Temp"; Value = ""; VariantName = "[No Variations]"
Add component (AddParameter): Name = "Tolerance"; Value = ""; VariantName = "[No Variations]"
Add component (AddParameter): Name = "URL"; Value = ""; VariantName = "[No Variations]"
Add component (AddParameter): Name = "Value"; Value = "0.47u"; VariantName = "[No Variations]"
Add component (AddParameter): Name = "ValueDescription"; Value = ""; VariantName = "[No Variations]"
Add component (AddParameter): Name = "ValueManufacturer"; Value = ""; VariantName = "[No Variations]"
Add component (AddParameter): Name = "ValueManufacturerPartNumber"; Value = ""; VariantName = "[No Variations]"
Add component (AddParameter): Name = "ValueType"; Value = "Конденсатор"; VariantName = "[No Variations]"
Add component (AddParameter): Name = "Voltage"; Value = ""; VariantName = "[No Variations]"
Added Component: Designator=C25(0402_CAP)
Add component (AddParameter): Name = "Case"; Value = "0402"; VariantName = "[No Variations]"
Add component (AddParameter): Name = "Dielectric"; Value = ""; VariantName = "[No Variations]"
Add component (AddParameter): Name = "ESR"; Value = ""; VariantName = "[No Variations]"
Add component (AddParameter): Name = "Package"; Value = ""; VariantName = "[No Variations]"
Add component (AddParameter): Name = "Parameter 1"; Value = ""; VariantName = "[No Variations]"
Add component (AddParameter): Name = "Power"; Value = ""; VariantName = "[No Variations]"
Add component (AddParameter): Name = "Temp"; Value = ""; VariantName = "[No Variations]"
Add component (AddParameter): Name = "Tolerance"; Value = ""; VariantName = "[No Variations]"
Add component (AddParameter): Name = "URL"; Value = ""; VariantName = "[No Variations]"
Add component (AddParameter): Name = "Value"; Value = "0.1u"; VariantName = "[No Variations]"
Add component (AddParameter): Name = "ValueDescription"; Value = ""; VariantName = "[No Variations]"
Add component (AddParameter): Name = "ValueManufacturer"; Value = ""; VariantName = "[No Variations]"
Add component (AddParameter): Name = "ValueManufacturerPartNumber"; Value = ""; VariantName = "[No Variations]"
Add component (AddParameter): Name = "ValueType"; Value = "Конденсатор"; VariantName = "[No Variations]"
Add component (AddParameter): Name = "Voltage"; Value = ""; VariantName = "[No Variations]"
Added Component: Designator=C33(0603_CAP)
Add component (AddParameter): Name = "Case"; Value = "0603"; VariantName = "[No Variations]"
Add component (AddParameter): Name = "Dielectric"; Value = ""; VariantName = "[No Variations]"
Add component (AddParameter): Name = "ESR"; Value = ""; VariantName = "[No Variations]"
Add component (AddParameter): Name = "Package"; Value = ""; VariantName = "[No Variations]"
Add component (AddParameter): Name = "Parameter 1"; Value = ""; VariantName = "[No Variations]"
Add component (AddParameter): Name = "Power"; Value = ""; VariantName = "[No Variations]"
Add component (AddParameter): Name = "Temp"; Value = ""; VariantName = "[No Variations]"
Add component (AddParameter): Name = "Tolerance"; Value = ""; VariantName = "[No Variations]"
Add component (AddParameter): Name = "URL"; Value = ""; VariantName = "[No Variations]"
Add component (AddParameter): Name = "Value"; Value = "100n"; VariantName = "[No Variations]"
Add component (AddParameter): Name = "ValueDescription"; Value = ""; VariantName = "[No Variations]"
Add component (AddParameter): Name = "ValueManufacturer"; Value = ""; VariantName = "[No Variations]"
Add component (AddParameter): Name = "ValueManufacturerPartNumber"; Value = ""; VariantName = "[No Variations]"
Add component (AddParameter): Name = "ValueType"; Value = "Конденсатор"; VariantName = "[No Variations]"
Add component (AddParameter): Name = "Voltage"; Value = ""; VariantName = "[No Variations]"
Added Component: Designator=C34(CASE A)
Add component (AddParameter): Name = "Case"; Value = ""; VariantName = "[No Variations]"
Add component (AddParameter): Name = "Dielectric"; Value = ""; VariantName = "[No Variations]"
Add component (AddParameter): Name = "ESR"; Value = ""; VariantName = "[No Variations]"
Add component (AddParameter): Name = "Power"; Value = ""; VariantName = "[No Variations]"
Add component (AddParameter): Name = "Temp"; Value = ""; VariantName = "[No Variations]"
Add component (AddParameter): Name = "Tolerance"; Value = ""; VariantName = "[No Variations]"
Add component (AddParameter): Name = "URL"; Value = ""; VariantName = "[No Variations]"
Add component (AddParameter): Name = "Value"; Value = "22Ux16V"; VariantName = "[No Variations]"
Add component (AddParameter): Name = "ValueDescription"; Value = ""; VariantName = "[No Variations]"
Add component (AddParameter): Name = "ValueManufacturer"; Value = ""; VariantName = "[No Variations]"
Add component (AddParameter): Name = "ValueManufacturerPartNumber"; Value = ""; VariantName = "[No Variations]"
Add component (AddParameter): Name = "ValueType"; Value = "Конденсатор"; VariantName = "[No Variations]"
Add component (AddParameter): Name = "Voltage"; Value = ""; VariantName = "[No Variations]"
Added Component: Designator=DA2(SOIC-8-ER)
Add component (AddParameter): Name = "Case"; Value = ""; VariantName = "[No Variations]"
Add component (AddParameter): Name = "ComponentLink1Description"; Value = "chipdip"; VariantName = "[No Variations]"
Add component (AddParameter): Name = "ComponentLink1URL"; Value = "https://www.chipdip.ru/product/a4950eljtr-t"; VariantName = "[No Variations]"
Add component (AddParameter): Name = "NomenclatureNumber"; Value = "9001130282"; VariantName = "[No Variations]"
Add component (AddParameter): Name = "ValueDescriptioneter 1"; Value = "Full-Bridge"; VariantName = "[No Variations]"
Add component (AddParameter): Name = "ValueManufacturer"; Value = "Allegro Microsystems"; VariantName = "[No Variations]"
Add component (AddParameter): Name = "ValueType"; Value = "ШИМ драйвер двигателей"; VariantName = "[No Variations]"
Added Component: Designator=DA3(SO-8?)
Add component (AddParameter): Name = "ComponentLink1Description"; Value = "chipdip"; VariantName = "[No Variations]"
Add component (AddParameter): Name = "ComponentLink1URL"; Value = "https://www.chipdip.ru/product0/8026300979"; VariantName = "[No Variations]"
Added Component: Designator=HL1(0402_LED_GREEN)
Add component (AddParameter): Name = "Case"; Value = "0603"; VariantName = "[No Variations]"
Add component (AddParameter): Name = "Temp"; Value = "-40°C...+85°C"; VariantName = "[No Variations]"
Add component (AddParameter): Name = "URL"; Value = ""; VariantName = "[No Variations]"
Add component (AddParameter): Name = "Value"; Value = "Зелёный"; VariantName = "[No Variations]"
Add component (AddParameter): Name = "ValueDescription"; Value = "Светодиод"; VariantName = "[No Variations]"
Add component (AddParameter): Name = "ValueManufacturer"; Value = "Foryard"; VariantName = "[No Variations]"
Add component (AddParameter): Name = "ValueManufacturerPartNumber"; Value = "fyls-0603ugc"; VariantName = "[No Variations]"
Add component (AddParameter): Name = "ValueType"; Value = "Светодиод"; VariantName = "[No Variations]"
Added Component: Designator=R20(0402_res)
Add component (AddParameter): Name = "Case"; Value = "0402"; VariantName = "[No Variations]"
Add component (AddParameter): Name = "Power"; Value = ""; VariantName = "[No Variations]"
Add component (AddParameter): Name = "Temp"; Value = ""; VariantName = "[No Variations]"
Add component (AddParameter): Name = "Tolerance"; Value = ""; VariantName = "[No Variations]"
Add component (AddParameter): Name = "URL"; Value = ""; VariantName = "[No Variations]"
Add component (AddParameter): Name = "Value"; Value = "22"; VariantName = "[No Variations]"
Add component (AddParameter): Name = "ValueDescription"; Value = ""; VariantName = "[No Variations]"
Add component (AddParameter): Name = "ValueManufacturer"; Value = ""; VariantName = "[No Variations]"
Add component (AddParameter): Name = "ValueManufacturerPartNumber"; Value = ""; VariantName = "[No Variations]"
Add component (AddParameter): Name = "ValueType"; Value = "Резистор"; VariantName = "[No Variations]"
Added Component: Designator=R28(0402_res)
Add component (AddParameter): Name = "Case"; Value = ""; VariantName = "[No Variations]"
Add component (AddParameter): Name = "Power"; Value = "0402"; VariantName = "[No Variations]"
Add component (AddParameter): Name = "Temp"; Value = ""; VariantName = "[No Variations]"
Add component (AddParameter): Name = "Tolerance"; Value = ""; VariantName = "[No Variations]"
Add component (AddParameter): Name = "URL"; Value = ""; VariantName = "[No Variations]"
Add component (AddParameter): Name = "Value"; Value = "470"; VariantName = "[No Variations]"
Add component (AddParameter): Name = "ValueDescription"; Value = ""; VariantName = "[No Variations]"
Add component (AddParameter): Name = "ValueManufacturer"; Value = ""; VariantName = "[No Variations]"
Add component (AddParameter): Name = "ValueManufacturerPartNumber"; Value = ""; VariantName = "[No Variations]"
Add component (AddParameter): Name = "ValueType"; Value = "Резистор"; VariantName = "[No Variations]"
Added Component: Designator=R44(0402_res)
Add component (AddParameter): Name = "Case"; Value = "0402"; VariantName = "[No Variations]"
Add component (AddParameter): Name = "Power"; Value = ""; VariantName = "[No Variations]"
Add component (AddParameter): Name = "Temp"; Value = ""; VariantName = "[No Variations]"
Add component (AddParameter): Name = "Tolerance"; Value = ""; VariantName = "[No Variations]"
Add component (AddParameter): Name = "URL"; Value = ""; VariantName = "[No Variations]"
Add component (AddParameter): Name = "Value"; Value = "12.4k"; VariantName = "[No Variations]"
Add component (AddParameter): Name = "ValueDescription"; Value = ""; VariantName = "[No Variations]"
Add component (AddParameter): Name = "ValueManufacturer"; Value = ""; VariantName = "[No Variations]"
Add component (AddParameter): Name = "ValueManufacturerPartNumber"; Value = ""; VariantName = "[No Variations]"
Add component (AddParameter): Name = "ValueType"; Value = "Резистор"; VariantName = "[No Variations]"
Added Component: Designator=XS5(PH3_2mm)
Added Pin To Net: NetName=3V3 Pin=B1-1
Added Pin To Net: NetName=GND Pin=C11-2
Added Pin To Net: NetName=GND Pin=C16-1
Added Pin To Net: NetName=3V3 Pin=C25-1
Added Pin To Net: NetName=GND Pin=C25-2
Added Pin To Net: NetName=+12V Pin=C33-1
Added Pin To Net: NetName=GND_DRIVE Pin=C33-2
Added Pin To Net: NetName=+12V Pin=C34-1
Added Pin To Net: NetName=GND_DRIVE Pin=C34-2
Added Pin To Net: NetName=GND Pin=DA2-1
Added Pin To Net: NetName=GND Pin=DA2-1
Added Pin To Net: NetName=IN2 Pin=DA2-2
Added Pin To Net: NetName=IN1 Pin=DA2-3
Added Pin To Net: NetName=3V3 Pin=DA2-4
Added Pin To Net: NetName=+12V Pin=DA2-5
Added Pin To Net: NetName=+ Pin=DA2-6
Added Pin To Net: NetName=NetDA2_7 Pin=DA2-7
Added Pin To Net: NetName=NetDA2_8 Pin=DA2-8
Added Pin To Net: NetName=NetDA2_7 Pin=DA3-1
Added Pin To Net: NetName=GND Pin=DA3-4
Added Pin To Net: NetName=GND Pin=DA3-5
Added Pin To Net: NetName=3V3 Pin=DA3-8
Added Pin To Net: NetName=TTL_A_OUT_GPIO Pin=DD3-45
Added Pin To Net: NetName=TTL_B_OUT_GPIO Pin=DD3-46
Added Pin To Net: NetName=3V3 Pin=HL1-A
Added Pin To Net: NetName=NetHL1_K Pin=HL1-K
Added Pin To Net: NetName=SPI_SS Pin=R20-2
Added Pin To Net: NetName=NetHL1_K Pin=R28-2
Added Pin To Net: NetName=GND Pin=XS2-5
Added Pin To Net: NetName=GND Pin=XS5-3
Change Net Name : Old Net Name=NetC20_1 New Net Name=NetC21_1
Change Net Name : Old Net Name=NetC21_1 New Net Name=NetC22_1
Change Net Name : Old Net Name=NetC24_2 New Net Name=NetC26_2
Change Net Name : Old Net Name=NetC25_2 New Net Name=NetC27_2
Change Net Name : Old Net Name=NetC28_2 New Net Name=NetC29_2
Change Net Name : Old Net Name=NetDA3_7 New Net Name=NetDA4_7
Change Net Name : Old Net Name=NetR10_2 New Net Name=NetR12_2
Change Net Name : Old Net Name=NetR28_2 New Net Name=NetR27_2
Change Net Name : Old Net Name=NetR38_2 New Net Name=NetR37_2
Added Pin To Net: NetName=I2C_SCL/USART_TX_OUT Pin=R10-1
Added Pin To Net: NetName=I2C_SCL/USART_TX_OUT Pin=XS5-1
Added Net: Name=I2C_SCL/USART_TX_OUT
Added Pin To Net: NetName=I2C_SCL/USART_TX Pin=DD3-42
Added Pin To Net: NetName=I2C_SCL/USART_TX Pin=R10-2
Added Pin To Net: NetName=I2C_SCL/USART_TX Pin=R18-1
Added Net: Name=I2C_SCL/USART_TX
Added Pin To Net: NetName=I2C_SDA/USART_RX_OUT Pin=R11-1
Added Pin To Net: NetName=I2C_SDA/USART_RX_OUT Pin=XS5-2
Added Net: Name=I2C_SDA/USART_RX_OUT
Added Pin To Net: NetName=I2C_SDA/USART_RX Pin=DD3-43
Added Pin To Net: NetName=I2C_SDA/USART_RX Pin=R11-2
Added Pin To Net: NetName=I2C_SDA/USART_RX Pin=R17-1
Added Net: Name=I2C_SDA/USART_RX
Added Pin To Net: NetName=INA826OUT Pin=DA3-7
Added Pin To Net: NetName=INA826OUT Pin=DD3-14
Added Net: Name=INA826OUT
Added Pin To Net: NetName=NetB1_2 Pin=B1-2
Added Pin To Net: NetName=NetB1_2 Pin=C16-2
Added Pin To Net: NetName=NetB1_2 Pin=DD3-9
Added Net: Name=NetB1_2
Added Pin To Net: NetName=NetC11_1 Pin=C11-1
Added Pin To Net: NetName=NetC11_1 Pin=DD3-1
Added Pin To Net: NetName=NetC11_1 Pin=R27-1
Added Net: Name=NetC11_1
Added Pin To Net: NetName=NetDA3_2 Pin=DA3-2
Added Pin To Net: NetName=NetDA3_2 Pin=R44-2
Added Net: Name=NetDA3_2
Added Pin To Net: NetName=NetDA3_3 Pin=DA3-3
Added Pin To Net: NetName=NetDA3_3 Pin=R44-1
Added Net: Name=NetDA3_3
Added Pin To Net: NetName=NetDD3_6 Pin=DD3-6
Added Pin To Net: NetName=NetDD3_6 Pin=R32-2
Added Net: Name=NetDD3_6
Added Pin To Net: NetName=NetDD3_24 Pin=DD3-24
Added Pin To Net: NetName=NetDD3_24 Pin=DD3-36
Added Pin To Net: NetName=NetDD3_24 Pin=DD3-48
Added Net: Name=NetDD3_24
Added Pin To Net: NetName=NetDD3_31 Pin=DD3-31
Added Pin To Net: NetName=NetDD3_31 Pin=R28-1
Added Net: Name=NetDD3_31
Added Pin To Net: NetName=NetR5_1 Pin=R5-1
Added Pin To Net: NetName=NetR5_1 Pin=R19-2
Added Pin To Net: NetName=NetR5_1 Pin=XS4-3
Added Net: Name=NetR5_1
Added Pin To Net: NetName=NetR20_1 Pin=R20-1
Added Pin To Net: NetName=NetR20_1 Pin=XS4-4
Added Net: Name=NetR20_1
Added Member To Class: ClassName=Схема1 Member=Component B1 BLM18AG121SN1D
Added Member To Class: ClassName=Схема1 Member=Component C33 100n
Added Member To Class: ClassName=Схема1 Member=Component C34 22Ux16V
Added Member To Class: ClassName=Схема1 Member=Component C35 0.1
Added Room: Name=Схема1
