Added Pin To Net: NetName=+5V Pin=XS2-5
Added Member To Class: ClassName=ץולא1 Member=Component B1 BLM18PG181SN1D
Added Member To Class: ClassName=ץולא1 Member=Component C1 4700p
Added Member To Class: ClassName=ץולא1 Member=Component C3 1.8n
Added Member To Class: ClassName=ץולא1 Member=Component C5 100n
Added Member To Class: ClassName=ץולא1 Member=Component C7 0,1
Added Member To Class: ClassName=ץולא1 Member=Component C11 100n
Added Member To Class: ClassName=ץולא1 Member=Component C12 0.1u
Added Member To Class: ClassName=ץולא1 Member=Component C13 4.7u
Added Member To Class: ClassName=ץולא1 Member=Component C14 22Ux16V
Added Member To Class: ClassName=ץולא1 Member=Component C15 22Ux16V
Added Member To Class: ClassName=ץולא1 Member=Component C16 47p
Added Member To Class: ClassName=ץולא1 Member=Component C17 0.1u
Added Member To Class: ClassName=ץולא1 Member=Component C18 47p
Added Member To Class: ClassName=ץולא1 Member=Component C19 0.1u
Added Member To Class: ClassName=ץולא1 Member=Component C21 0.1u
Added Member To Class: ClassName=ץולא1 Member=Component C22 0.1
Added Member To Class: ClassName=ץולא1 Member=Component C23 0.1u
Added Member To Class: ClassName=ץולא1 Member=Component C24 0.1u
Added Member To Class: ClassName=ץולא1 Member=Component C25 1.0n
Added Member To Class: ClassName=ץולא1 Member=Component C26 18p
Added Member To Class: ClassName=ץולא1 Member=Component C27 18p
Added Member To Class: ClassName=ץולא1 Member=Component C28 100n
Added Member To Class: ClassName=ץולא1 Member=Component C30 0.1u
Added Member To Class: ClassName=ץולא1 Member=Component C31 1.0n
Added Member To Class: ClassName=ץולא1 Member=Component C32 15p
Added Member To Class: ClassName=ץולא1 Member=Component C33 15p
Added Member To Class: ClassName=ץולא1 Member=Component C34 0.22x50
Added Member To Class: ClassName=ץולא1 Member=Component C35 100n
Added Member To Class: ClassName=ץולא1 Member=Component DA2 A4950ELJTR-T
Added Member To Class: ClassName=ץולא1 Member=Component DA3 ACS712-5
Added Member To Class: ClassName=ץולא1 Member=Component DA4 INA826AIDR
Added Member To Class: ClassName=ץולא1 Member=Component DD2 SN65HVD230DR
Added Member To Class: ClassName=ץולא1 Member=Component R2 62
Added Member To Class: ClassName=ץולא1 Member=Component R3 10k
Added Member To Class: ClassName=ץולא1 Member=Component R4 120
Added Member To Class: ClassName=ץולא1 Member=Component R5 62
Added Member To Class: ClassName=ץולא1 Member=Component R7 10k
Added Member To Class: ClassName=ץולא1 Member=Component R8 0
Added Member To Class: ClassName=ץולא1 Member=Component R9 22
Added Member To Class: ClassName=ץולא1 Member=Component R10 22
Added Member To Class: ClassName=ץולא1 Member=Component R11 5k1
Added Member To Class: ClassName=ץולא1 Member=Component R13 22
Added Member To Class: ClassName=ץולא1 Member=Component R14 22
Added Member To Class: ClassName=ץולא1 Member=Component R15 22
Added Member To Class: ClassName=ץולא1 Member=Component R19 22
Added Member To Class: ClassName=ץולא1 Member=Component R20 2ך
Added Member To Class: ClassName=ץולא1 Member=Component R22 22
Added Member To Class: ClassName=ץולא1 Member=Component R24 22
Added Member To Class: ClassName=ץולא1 Member=Component R26 5k1
Added Member To Class: ClassName=ץולא1 Member=Component R28 10k
Added Member To Class: ClassName=ץולא1 Member=Component R30 220
Added Member To Class: ClassName=ץולא1 Member=Component R31 470
Added Member To Class: ClassName=ץולא1 Member=Component R33 10k
Added Member To Class: ClassName=ץולא1 Member=Component R35 220
Added Member To Class: ClassName=ץולא1 Member=Component R37 18k
Added Member To Class: ClassName=ץולא1 Member=Component R39 1k
Added Member To Class: ClassName=ץולא1 Member=Component R41 5k1
Added Member To Class: ClassName=ץולא1 Member=Component R43 10k
Added Member To Class: ClassName=ץולא1 Member=Component R45 10k
Added Member To Class: ClassName=ץולא1 Member=Component XS6 power_12v
Added Member To Class: ClassName=ץולא1 Member=Component XS7 power_5v
Added Member To Class: ClassName=ץולא1 Member=Component XS8 POT
Added Member To Class: ClassName=ץולא1 Member=Component XS10 SWD
