Replace Symbol from B? Ferrite Bead in C:\Users\כאהטלטנ\Desktop\Drive_Control\Drive_GD32F\ץולא1.SchDoc with Ferrite Bead from Drive_GD32F.SchLib
Replace Symbol from C? Capacitor in C:\Users\כאהטלטנ\Desktop\Drive_Control\Drive_GD32F\ץולא1.SchDoc with Capacitor from Drive_GD32F.SchLib
Replace Symbol from C? Capacitor in C:\Users\כאהטלטנ\Desktop\Drive_Control\Drive_GD32F\ץולא1.SchDoc with Capacitor from Drive_GD32F.SchLib
Replace Symbol from C? Capacitor in C:\Users\כאהטלטנ\Desktop\Drive_Control\Drive_GD32F\ץולא1.SchDoc with Capacitor from Drive_GD32F.SchLib
Replace Symbol from C? Capacitor in C:\Users\כאהטלטנ\Desktop\Drive_Control\Drive_GD32F\ץולא1.SchDoc with Capacitor from Drive_GD32F.SchLib
Replace Symbol from C? Capacitor in C:\Users\כאהטלטנ\Desktop\Drive_Control\Drive_GD32F\ץולא1.SchDoc with Capacitor from Drive_GD32F.SchLib
Replace Symbol from C? Capacitor in C:\Users\כאהטלטנ\Desktop\Drive_Control\Drive_GD32F\ץולא1.SchDoc with Capacitor from Drive_GD32F.SchLib
Replace Symbol from C? Capacitor in C:\Users\כאהטלטנ\Desktop\Drive_Control\Drive_GD32F\ץולא1.SchDoc with Capacitor from Drive_GD32F.SchLib
Replace Symbol from C? Capacitor in C:\Users\כאהטלטנ\Desktop\Drive_Control\Drive_GD32F\ץולא1.SchDoc with Capacitor from Drive_GD32F.SchLib
Replace Symbol from C? Capacitor in C:\Users\כאהטלטנ\Desktop\Drive_Control\Drive_GD32F\ץולא1.SchDoc with Capacitor from Drive_GD32F.SchLib
Replace Symbol from C? Capacitor in C:\Users\כאהטלטנ\Desktop\Drive_Control\Drive_GD32F\ץולא1.SchDoc with Capacitor from Drive_GD32F.SchLib
Replace Symbol from C? Capacitor in C:\Users\כאהטלטנ\Desktop\Drive_Control\Drive_GD32F\ץולא1.SchDoc with Capacitor from Drive_GD32F.SchLib
Replace Symbol from C? Capacitor in C:\Users\כאהטלטנ\Desktop\Drive_Control\Drive_GD32F\ץולא1.SchDoc with Capacitor from Drive_GD32F.SchLib
Replace Symbol from C? Capacitor in C:\Users\כאהטלטנ\Desktop\Drive_Control\Drive_GD32F\ץולא1.SchDoc with Capacitor from Drive_GD32F.SchLib
Replace Symbol from C? Capacitor in C:\Users\כאהטלטנ\Desktop\Drive_Control\Drive_GD32F\ץולא1.SchDoc with Capacitor from Drive_GD32F.SchLib
Replace Symbol from C? Capacitor in C:\Users\כאהטלטנ\Desktop\Drive_Control\Drive_GD32F\ץולא1.SchDoc with Capacitor from Drive_GD32F.SchLib
Replace Symbol from C? Capacitor in C:\Users\כאהטלטנ\Desktop\Drive_Control\Drive_GD32F\ץולא1.SchDoc with Capacitor from Drive_GD32F.SchLib
Replace Symbol from C? Capacitor in C:\Users\כאהטלטנ\Desktop\Drive_Control\Drive_GD32F\ץולא1.SchDoc with Capacitor from Drive_GD32F.SchLib
Replace Symbol from C? Capacitor in C:\Users\כאהטלטנ\Desktop\Drive_Control\Drive_GD32F\ץולא1.SchDoc with Capacitor from Drive_GD32F.SchLib
Replace Symbol from C? Capacitor in C:\Users\כאהטלטנ\Desktop\Drive_Control\Drive_GD32F\ץולא1.SchDoc with Capacitor from Drive_GD32F.SchLib
Replace Symbol from C? Capacitor in C:\Users\כאהטלטנ\Desktop\Drive_Control\Drive_GD32F\ץולא1.SchDoc with Capacitor from Drive_GD32F.SchLib
Replace Symbol from C? Capacitor in C:\Users\כאהטלטנ\Desktop\Drive_Control\Drive_GD32F\ץולא1.SchDoc with Capacitor from Drive_GD32F.SchLib
Replace Symbol from C? Capacitor in C:\Users\כאהטלטנ\Desktop\Drive_Control\Drive_GD32F\ץולא1.SchDoc with Capacitor from Drive_GD32F.SchLib
Replace Symbol from C? Capacitor_pol in C:\Users\כאהטלטנ\Desktop\Drive_Control\Drive_GD32F\ץולא1.SchDoc with Capacitor_pol from Drive_GD32F.SchLib
Replace Symbol from DA? 1117M3-L-3-3 in C:\Users\כאהטלטנ\Desktop\Drive_Control\Drive_GD32F\ץולא1.SchDoc with 1117M3-L-3-3 from Drive_GD32F.SchLib
Replace Symbol from DA? A4950ELJTR-T in C:\Users\כאהטלטנ\Desktop\Drive_Control\Drive_GD32F\ץולא1.SchDoc with A4950ELJTR-T from Drive_GD32F.SchLib
Replace Symbol from DD? MAX3490EESA in C:\Users\כאהטלטנ\Desktop\Drive_Control\Drive_GD32F\ץולא1.SchDoc with MAX3490EESA from Drive_GD32F.SchLib
Replace Symbol from DD? GD32F303C in C:\Users\כאהטלטנ\Desktop\Drive_Control\Drive_GD32F\ץולא1.SchDoc with GD32F303C from Drive_GD32F.SchLib
Replace Symbol from DD? SN65HVD230DR in C:\Users\כאהטלטנ\Desktop\Drive_Control\Drive_GD32F\ץולא1.SchDoc with SN65HVD230DR from Drive_GD32F.SchLib
Replace Symbol from R? Resistor in C:\Users\כאהטלטנ\Desktop\Drive_Control\Drive_GD32F\ץולא1.SchDoc with Resistor from Drive_GD32F.SchLib
Replace Symbol from R? Resistor in C:\Users\כאהטלטנ\Desktop\Drive_Control\Drive_GD32F\ץולא1.SchDoc with Resistor from Drive_GD32F.SchLib
Replace Symbol from R? Resistor in C:\Users\כאהטלטנ\Desktop\Drive_Control\Drive_GD32F\ץולא1.SchDoc with Resistor from Drive_GD32F.SchLib
Replace Symbol from R? Resistor in C:\Users\כאהטלטנ\Desktop\Drive_Control\Drive_GD32F\ץולא1.SchDoc with Resistor from Drive_GD32F.SchLib
Replace Symbol from R? Resistor in C:\Users\כאהטלטנ\Desktop\Drive_Control\Drive_GD32F\ץולא1.SchDoc with Resistor from Drive_GD32F.SchLib
Replace Symbol from R? Resistor in C:\Users\כאהטלטנ\Desktop\Drive_Control\Drive_GD32F\ץולא1.SchDoc with Resistor from Drive_GD32F.SchLib
Replace Symbol from R? Resistor in C:\Users\כאהטלטנ\Desktop\Drive_Control\Drive_GD32F\ץולא1.SchDoc with Resistor from Drive_GD32F.SchLib
Replace Symbol from R? Resistor in C:\Users\כאהטלטנ\Desktop\Drive_Control\Drive_GD32F\ץולא1.SchDoc with Resistor from Drive_GD32F.SchLib
Replace Symbol from R? Resistor in C:\Users\כאהטלטנ\Desktop\Drive_Control\Drive_GD32F\ץולא1.SchDoc with Resistor from Drive_GD32F.SchLib
Replace Symbol from R? Resistor in C:\Users\כאהטלטנ\Desktop\Drive_Control\Drive_GD32F\ץולא1.SchDoc with Resistor from Drive_GD32F.SchLib
Replace Symbol from R? Resistor in C:\Users\כאהטלטנ\Desktop\Drive_Control\Drive_GD32F\ץולא1.SchDoc with Resistor from Drive_GD32F.SchLib
Replace Symbol from R? Resistor in C:\Users\כאהטלטנ\Desktop\Drive_Control\Drive_GD32F\ץולא1.SchDoc with Resistor from Drive_GD32F.SchLib
Replace Symbol from R? Resistor in C:\Users\כאהטלטנ\Desktop\Drive_Control\Drive_GD32F\ץולא1.SchDoc with Resistor from Drive_GD32F.SchLib
Replace Symbol from R? Resistor in C:\Users\כאהטלטנ\Desktop\Drive_Control\Drive_GD32F\ץולא1.SchDoc with Resistor from Drive_GD32F.SchLib
Replace Symbol from R? Resistor in C:\Users\כאהטלטנ\Desktop\Drive_Control\Drive_GD32F\ץולא1.SchDoc with Resistor from Drive_GD32F.SchLib
Replace Symbol from R? Resistor in C:\Users\כאהטלטנ\Desktop\Drive_Control\Drive_GD32F\ץולא1.SchDoc with Resistor from Drive_GD32F.SchLib
Replace Symbol from R? Resistor in C:\Users\כאהטלטנ\Desktop\Drive_Control\Drive_GD32F\ץולא1.SchDoc with Resistor from Drive_GD32F.SchLib
Replace Symbol from R? Resistor in C:\Users\כאהטלטנ\Desktop\Drive_Control\Drive_GD32F\ץולא1.SchDoc with Resistor from Drive_GD32F.SchLib
Replace Symbol from R? Resistor in C:\Users\כאהטלטנ\Desktop\Drive_Control\Drive_GD32F\ץולא1.SchDoc with Resistor from Drive_GD32F.SchLib
Replace Symbol from R? Resistor in C:\Users\כאהטלטנ\Desktop\Drive_Control\Drive_GD32F\ץולא1.SchDoc with Resistor from Drive_GD32F.SchLib
Replace Symbol from R? Resistor in C:\Users\כאהטלטנ\Desktop\Drive_Control\Drive_GD32F\ץולא1.SchDoc with Resistor from Drive_GD32F.SchLib
Replace Symbol from R? Resistor in C:\Users\כאהטלטנ\Desktop\Drive_Control\Drive_GD32F\ץולא1.SchDoc with Resistor from Drive_GD32F.SchLib
Replace Symbol from R? Resistor in C:\Users\כאהטלטנ\Desktop\Drive_Control\Drive_GD32F\ץולא1.SchDoc with Resistor from Drive_GD32F.SchLib
Replace Symbol from XS? PHD6_1_1 in C:\Users\כאהטלטנ\Desktop\Drive_Control\Drive_GD32F\ץולא1.SchDoc with PHD6_1_1 from Drive_GD32F.SchLib
Replace Symbol from XS? PHD6_1 in C:\Users\כאהטלטנ\Desktop\Drive_Control\Drive_GD32F\ץולא1.SchDoc with PHD6_1 from Drive_GD32F.SchLib
Replace Symbol from XS? PHD6_1_3 in C:\Users\כאהטלטנ\Desktop\Drive_Control\Drive_GD32F\ץולא1.SchDoc with PHD6_1_3 from Drive_GD32F.SchLib
Replace Symbol from XS? PHD6 in C:\Users\כאהטלטנ\Desktop\Drive_Control\Drive_GD32F\ץולא1.SchDoc with PHD6 from Drive_GD32F.SchLib
Replace Symbol from XS? PHD6_1_2_1_1 in C:\Users\כאהטלטנ\Desktop\Drive_Control\Drive_GD32F\ץולא1.SchDoc with PHD6_1_2_1_1 from Drive_GD32F.SchLib
Replace Symbol from XS? PHD6_1_2_1_1_1 in C:\Users\כאהטלטנ\Desktop\Drive_Control\Drive_GD32F\ץולא1.SchDoc with PHD6_1_2_1_1_1 from Drive_GD32F.SchLib
Replace Symbol from XS? PHD6_1_2 in C:\Users\כאהטלטנ\Desktop\Drive_Control\Drive_GD32F\ץולא1.SchDoc with PHD6_1_2 from Drive_GD32F.SchLib
Replace Symbol from XS? PHD6_1_2_1 in C:\Users\כאהטלטנ\Desktop\Drive_Control\Drive_GD32F\ץולא1.SchDoc with PHD6_1_2_1 from Drive_GD32F.SchLib
Replace Symbol from ZQ? Quartz in C:\Users\כאהטלטנ\Desktop\Drive_Control\Drive_GD32F\ץולא1.SchDoc with Quartz from Drive_GD32F.SchLib
