Replace Part C? Capacitor in C:\Users\כאהטלטנ\Desktop\Drive_Control\Drive_GD32F\ץולא1.SchDoc with Capacitor from Drive_GD32F.SchLib
Replace Part C? Capacitor in C:\Users\כאהטלטנ\Desktop\Drive_Control\Drive_GD32F\ץולא1.SchDoc with Capacitor from Drive_GD32F.SchLib
Replace Part C? Capacitor_pol in C:\Users\כאהטלטנ\Desktop\Drive_Control\Drive_GD32F\ץולא1.SchDoc with Capacitor_pol from Drive_GD32F.SchLib
Replace Part C? Capacitor in C:\Users\כאהטלטנ\Desktop\Drive_Control\Drive_GD32F\ץולא1.SchDoc with Capacitor from Drive_GD32F.SchLib
Replace Part C? Capacitor in C:\Users\כאהטלטנ\Desktop\Drive_Control\Drive_GD32F\ץולא1.SchDoc with Capacitor from Drive_GD32F.SchLib
Replace Part C? Capacitor in C:\Users\כאהטלטנ\Desktop\Drive_Control\Drive_GD32F\ץולא1.SchDoc with Capacitor from Drive_GD32F.SchLib
Replace Part C? Capacitor in C:\Users\כאהטלטנ\Desktop\Drive_Control\Drive_GD32F\ץולא1.SchDoc with Capacitor from Drive_GD32F.SchLib
Replace Part C? Capacitor in C:\Users\כאהטלטנ\Desktop\Drive_Control\Drive_GD32F\ץולא1.SchDoc with Capacitor from Drive_GD32F.SchLib
Replace Part C? Capacitor in C:\Users\כאהטלטנ\Desktop\Drive_Control\Drive_GD32F\ץולא1.SchDoc with Capacitor from Drive_GD32F.SchLib
Replace Part C? Capacitor in C:\Users\כאהטלטנ\Desktop\Drive_Control\Drive_GD32F\ץולא1.SchDoc with Capacitor from Drive_GD32F.SchLib
Replace Part C? Capacitor in C:\Users\כאהטלטנ\Desktop\Drive_Control\Drive_GD32F\ץולא1.SchDoc with Capacitor from Drive_GD32F.SchLib
Replace Part C? Capacitor in C:\Users\כאהטלטנ\Desktop\Drive_Control\Drive_GD32F\ץולא1.SchDoc with Capacitor from Drive_GD32F.SchLib
Replace Part C? Capacitor in C:\Users\כאהטלטנ\Desktop\Drive_Control\Drive_GD32F\ץולא1.SchDoc with Capacitor from Drive_GD32F.SchLib
Replace Part C? Capacitor in C:\Users\כאהטלטנ\Desktop\Drive_Control\Drive_GD32F\ץולא1.SchDoc with Capacitor from Drive_GD32F.SchLib
Replace Part C? Capacitor in C:\Users\כאהטלטנ\Desktop\Drive_Control\Drive_GD32F\ץולא1.SchDoc with Capacitor from Drive_GD32F.SchLib
Replace Part C? Capacitor in C:\Users\כאהטלטנ\Desktop\Drive_Control\Drive_GD32F\ץולא1.SchDoc with Capacitor from Drive_GD32F.SchLib
Replace Part C? Capacitor in C:\Users\כאהטלטנ\Desktop\Drive_Control\Drive_GD32F\ץולא1.SchDoc with Capacitor from Drive_GD32F.SchLib
Replace Part C? Capacitor in C:\Users\כאהטלטנ\Desktop\Drive_Control\Drive_GD32F\ץולא1.SchDoc with Capacitor from Drive_GD32F.SchLib
Replace Part C? Capacitor_pol in C:\Users\כאהטלטנ\Desktop\Drive_Control\Drive_GD32F\ץולא1.SchDoc with Capacitor_pol from Drive_GD32F.SchLib
Replace Part C? Capacitor in C:\Users\כאהטלטנ\Desktop\Drive_Control\Drive_GD32F\ץולא1.SchDoc with Capacitor from Drive_GD32F.SchLib
Replace Part C? Capacitor in C:\Users\כאהטלטנ\Desktop\Drive_Control\Drive_GD32F\ץולא1.SchDoc with Capacitor from Drive_GD32F.SchLib
Replace Part C? Capacitor in C:\Users\כאהטלטנ\Desktop\Drive_Control\Drive_GD32F\ץולא1.SchDoc with Capacitor from Drive_GD32F.SchLib
Replace Part C? Capacitor in C:\Users\כאהטלטנ\Desktop\Drive_Control\Drive_GD32F\ץולא1.SchDoc with Capacitor from Drive_GD32F.SchLib
Replace Part C? Capacitor in C:\Users\כאהטלטנ\Desktop\Drive_Control\Drive_GD32F\ץולא1.SchDoc with Capacitor from Drive_GD32F.SchLib
Replace Part C? Capacitor in C:\Users\כאהטלטנ\Desktop\Drive_Control\Drive_GD32F\ץולא1.SchDoc with Capacitor from Drive_GD32F.SchLib
Replace Part C? Capacitor in C:\Users\כאהטלטנ\Desktop\Drive_Control\Drive_GD32F\ץולא1.SchDoc with Capacitor from Drive_GD32F.SchLib
Replace Part C? Capacitor in C:\Users\כאהטלטנ\Desktop\Drive_Control\Drive_GD32F\ץולא1.SchDoc with Capacitor from Drive_GD32F.SchLib
Replace Part DA? A4950ELJTR-T in C:\Users\כאהטלטנ\Desktop\Drive_Control\Drive_GD32F\ץולא1.SchDoc with A4950ELJTR-T from Drive_GD32F.SchLib
Replace Part DA? 1117M3-L-3-3 in C:\Users\כאהטלטנ\Desktop\Drive_Control\Drive_GD32F\ץולא1.SchDoc with 1117M3-L-3-3 from Drive_GD32F.SchLib
Replace Part DD? GD32F303C in C:\Users\כאהטלטנ\Desktop\Drive_Control\Drive_GD32F\ץולא1.SchDoc with GD32F303C from Drive_GD32F.SchLib
Replace Part DD? SN65HVD230DR in C:\Users\כאהטלטנ\Desktop\Drive_Control\Drive_GD32F\ץולא1.SchDoc with SN65HVD230DR from Drive_GD32F.SchLib
Replace Part DD? MAX3490EESA in C:\Users\כאהטלטנ\Desktop\Drive_Control\Drive_GD32F\ץולא1.SchDoc with MAX3490EESA from Drive_GD32F.SchLib
Replace Part R? Resistor in C:\Users\כאהטלטנ\Desktop\Drive_Control\Drive_GD32F\ץולא1.SchDoc with Resistor from Drive_GD32F.SchLib
Replace Part R? Resistor in C:\Users\כאהטלטנ\Desktop\Drive_Control\Drive_GD32F\ץולא1.SchDoc with Resistor from Drive_GD32F.SchLib
Replace Part R? Resistor in C:\Users\כאהטלטנ\Desktop\Drive_Control\Drive_GD32F\ץולא1.SchDoc with Resistor from Drive_GD32F.SchLib
Replace Part R? Resistor in C:\Users\כאהטלטנ\Desktop\Drive_Control\Drive_GD32F\ץולא1.SchDoc with Resistor from Drive_GD32F.SchLib
Replace Part R? Resistor in C:\Users\כאהטלטנ\Desktop\Drive_Control\Drive_GD32F\ץולא1.SchDoc with Resistor from Drive_GD32F.SchLib
Replace Part R? Resistor in C:\Users\כאהטלטנ\Desktop\Drive_Control\Drive_GD32F\ץולא1.SchDoc with Resistor from Drive_GD32F.SchLib
Replace Part R? Resistor in C:\Users\כאהטלטנ\Desktop\Drive_Control\Drive_GD32F\ץולא1.SchDoc with Resistor from Drive_GD32F.SchLib
Replace Part R? Resistor in C:\Users\כאהטלטנ\Desktop\Drive_Control\Drive_GD32F\ץולא1.SchDoc with Resistor from Drive_GD32F.SchLib
Replace Part R? Resistor in C:\Users\כאהטלטנ\Desktop\Drive_Control\Drive_GD32F\ץולא1.SchDoc with Resistor from Drive_GD32F.SchLib
Replace Part R? Resistor in C:\Users\כאהטלטנ\Desktop\Drive_Control\Drive_GD32F\ץולא1.SchDoc with Resistor from Drive_GD32F.SchLib
Replace Part R? Resistor in C:\Users\כאהטלטנ\Desktop\Drive_Control\Drive_GD32F\ץולא1.SchDoc with Resistor from Drive_GD32F.SchLib
Replace Part R? Resistor in C:\Users\כאהטלטנ\Desktop\Drive_Control\Drive_GD32F\ץולא1.SchDoc with Resistor from Drive_GD32F.SchLib
Replace Part R? Resistor in C:\Users\כאהטלטנ\Desktop\Drive_Control\Drive_GD32F\ץולא1.SchDoc with Resistor from Drive_GD32F.SchLib
Replace Part R? Resistor in C:\Users\כאהטלטנ\Desktop\Drive_Control\Drive_GD32F\ץולא1.SchDoc with Resistor from Drive_GD32F.SchLib
Replace Part R? Resistor in C:\Users\כאהטלטנ\Desktop\Drive_Control\Drive_GD32F\ץולא1.SchDoc with Resistor from Drive_GD32F.SchLib
Replace Part R? Resistor in C:\Users\כאהטלטנ\Desktop\Drive_Control\Drive_GD32F\ץולא1.SchDoc with Resistor from Drive_GD32F.SchLib
Replace Part R? Resistor in C:\Users\כאהטלטנ\Desktop\Drive_Control\Drive_GD32F\ץולא1.SchDoc with Resistor from Drive_GD32F.SchLib
Replace Part R? Resistor in C:\Users\כאהטלטנ\Desktop\Drive_Control\Drive_GD32F\ץולא1.SchDoc with Resistor from Drive_GD32F.SchLib
Replace Part R? Resistor in C:\Users\כאהטלטנ\Desktop\Drive_Control\Drive_GD32F\ץולא1.SchDoc with Resistor from Drive_GD32F.SchLib
Replace Part R? Resistor in C:\Users\כאהטלטנ\Desktop\Drive_Control\Drive_GD32F\ץולא1.SchDoc with Resistor from Drive_GD32F.SchLib
Replace Part R? Resistor in C:\Users\כאהטלטנ\Desktop\Drive_Control\Drive_GD32F\ץולא1.SchDoc with Resistor from Drive_GD32F.SchLib
Replace Part R? Resistor in C:\Users\כאהטלטנ\Desktop\Drive_Control\Drive_GD32F\ץולא1.SchDoc with Resistor from Drive_GD32F.SchLib
Replace Part R? Resistor in C:\Users\כאהטלטנ\Desktop\Drive_Control\Drive_GD32F\ץולא1.SchDoc with Resistor from Drive_GD32F.SchLib
Replace Part R? Resistor in C:\Users\כאהטלטנ\Desktop\Drive_Control\Drive_GD32F\ץולא1.SchDoc with Resistor from Drive_GD32F.SchLib
Replace Part R? Resistor in C:\Users\כאהטלטנ\Desktop\Drive_Control\Drive_GD32F\ץולא1.SchDoc with Resistor from Drive_GD32F.SchLib
Replace Part R? Resistor in C:\Users\כאהטלטנ\Desktop\Drive_Control\Drive_GD32F\ץולא1.SchDoc with Resistor from Drive_GD32F.SchLib
Replace Part R? Resistor in C:\Users\כאהטלטנ\Desktop\Drive_Control\Drive_GD32F\ץולא1.SchDoc with Resistor from Drive_GD32F.SchLib
Replace Part R? Resistor in C:\Users\כאהטלטנ\Desktop\Drive_Control\Drive_GD32F\ץולא1.SchDoc with Resistor from Drive_GD32F.SchLib
Replace Part R? Resistor in C:\Users\כאהטלטנ\Desktop\Drive_Control\Drive_GD32F\ץולא1.SchDoc with Resistor from Drive_GD32F.SchLib
Replace Part R? Resistor in C:\Users\כאהטלטנ\Desktop\Drive_Control\Drive_GD32F\ץולא1.SchDoc with Resistor from Drive_GD32F.SchLib
Replace Part XS? PHD6_1_1 in C:\Users\כאהטלטנ\Desktop\Drive_Control\Drive_GD32F\ץולא1.SchDoc with PHD6_1_1 from Drive_GD32F.SchLib
Replace Part XS? PHD6_1_2 in C:\Users\כאהטלטנ\Desktop\Drive_Control\Drive_GD32F\ץולא1.SchDoc with PHD6_1_2 from Drive_GD32F.SchLib
Replace Part XS? CAN in C:\Users\כאהטלטנ\Desktop\Drive_Control\Drive_GD32F\ץולא1.SchDoc with CAN from Drive_GD32F.SchLib
Replace Part XS? UART in C:\Users\כאהטלטנ\Desktop\Drive_Control\Drive_GD32F\ץולא1.SchDoc with UART from Drive_GD32F.SchLib
Replace Part XS? I2C in C:\Users\כאהטלטנ\Desktop\Drive_Control\Drive_GD32F\ץולא1.SchDoc with I2C from Drive_GD32F.SchLib
Replace Part XS? swd_JUMPER_5pin in C:\Users\כאהטלטנ\Desktop\Drive_Control\Drive_GD32F\ץולא1.SchDoc with swd_JUMPER_5pin from Drive_GD32F.SchLib
Replace Part XS? PHD6_1_3_1_1 in C:\Users\כאהטלטנ\Desktop\Drive_Control\Drive_GD32F\ץולא1.SchDoc with PHD6_1_3_1_1 from Drive_GD32F.SchLib
Replace Part XS? PHD6_1_3_1 in C:\Users\כאהטלטנ\Desktop\Drive_Control\Drive_GD32F\ץולא1.SchDoc with PHD6_1_3_1 from Drive_GD32F.SchLib
Replace Part XS? PHD6_1_2_1_1 in C:\Users\כאהטלטנ\Desktop\Drive_Control\Drive_GD32F\ץולא1.SchDoc with PHD6_1_2_1_1 from Drive_GD32F.SchLib
Replace Part XS? PHD6_1_3 in C:\Users\כאהטלטנ\Desktop\Drive_Control\Drive_GD32F\ץולא1.SchDoc with PHD6_1_3 from Drive_GD32F.SchLib
Replace Part ZQ? Quartz in C:\Users\כאהטלטנ\Desktop\Drive_Control\Drive_GD32F\ץולא1.SchDoc with Quartz from Drive_GD32F.SchLib
