Change Component Parameter Comment in C? Old= New==Value
Change Component Parameter Comment in C? Old= New==Value
Change Component Parameter Comment in C? Old= New==Value
Change Component Parameter Comment in C? Old= New==Value
Change Component Parameter Comment in C? Old= New==Value
Change Component Parameter Comment in C? Old= New==Value
Change Component Parameter Comment in C? Old= New==Value
Change Component Parameter Comment in C? Old= New==Value
Change Component Parameter Comment in C? Old= New==Value
Change Component Parameter Comment in C? Old= New==Value
Change Component Parameter Comment in C? Old= New==Value
Change Component Parameter Comment in C? Old= New==Value
Change Component Parameter Comment in C? Old= New==Value
Change Component Parameter Comment in C? Old= New==Value
Change Component Parameter Comment in C? Old= New==Value
Change Value of Parameter Package in Part C? Old= New==
Change Value of Parameter Package in Part C? Old= New==
Change Value of Parameter Package in Part C? Old= New==
Change Value of Parameter Package in Part C? Old= New==
Change Value of Parameter Package in Part C? Old= New==
Change Value of Parameter Package in Part C? Old= New==
Change Value of Parameter Package in Part C? Old= New==
Change Value of Parameter Package in Part C? Old= New==
Change Value of Parameter Package in Part C? Old= New==
Change Value of Parameter Package in Part C? Old= New==
Change Value of Parameter Package in Part C? Old= New==
Change Value of Parameter Package in Part C? Old= New==
Change Value of Parameter Package in Part C? Old= New==
Change Value of Parameter Package in Part C? Old= New==
Change Value of Parameter Value in Part C? Old=0.1 New=
Change Value of Parameter Value in Part C? Old=0.1u New=
Change Value of Parameter Value in Part C? Old=0.1u New=
Change Value of Parameter Value in Part C? Old=0.1u New=
Change Value of Parameter Value in Part C? Old=0.1u New=
Change Value of Parameter Value in Part C? Old=0.1u New=
Change Value of Parameter Value in Part C? Old=0.22x50 New=
Change Value of Parameter Value in Part C? Old=2.2 New=
Change Value of Parameter Value in Part C? Old=12p New=
Change Value of Parameter Value in Part C? Old=12p New=
Change Value of Parameter Value in Part C? Old=15p New=
Change Value of Parameter Value in Part C? Old=15p New=
Change Value of Parameter Value in Part C? Old=100n New=
Change Value of Parameter Value in Part C? Old=100n New=
Change Value of Parameter Value in Part C? Old=100x50 New=
Change Component Parameter Comment in R? Old= New==Value
Change Component Parameter Comment in R? Old= New==Value
Change Component Parameter Comment in R? Old= New==Value
Change Component Parameter Comment in R? Old= New==Value
Change Component Parameter Comment in R? Old= New==Value
Change Component Parameter Comment in R? Old= New==Value
Change Component Parameter Comment in R? Old= New==Value
Change Component Parameter Comment in R? Old= New==Value
Change Component Parameter Comment in R? Old= New==Value
Change Component Parameter Comment in R? Old= New==Value
Change Component Parameter Comment in R? Old= New==Value
Change Component Parameter Comment in R? Old= New==Value
Change Component Parameter Comment in R? Old= New==Value
Change Component Parameter Comment in R? Old= New==Value
Change Component Parameter Comment in R? Old= New==Value
Change Component Parameter Comment in R? Old= New==Value
Change Component Parameter Comment in R? Old= New==Value
Change Component Parameter Comment in R? Old= New==Value
Change Component Parameter Comment in R? Old= New==Value
Change Component Parameter Comment in R? Old= New==Value
Change Value of Parameter Value in Part R? Old=1k5 New=
Change Value of Parameter Value in Part R? Old=1k5 New=
Change Value of Parameter Value in Part R? Old=1k5 New=
Change Value of Parameter Value in Part R? Old=1k5 New=
Change Value of Parameter Value in Part R? Old=1k New=
Change Value of Parameter Value in Part R? Old=1M New=
Change Value of Parameter Value in Part R? Old=10k New=
Change Value of Parameter Value in Part R? Old=10k New=
Change Value of Parameter Value in Part R? Old=10k New=
Change Value of Parameter Value in Part R? Old=10k New=
Change Value of Parameter Value in Part R? Old=10k New=
Change Value of Parameter Value in Part R? Old=10k New=
Change Value of Parameter Value in Part R? Old=10k New=
Change Value of Parameter Value in Part R? Old=10k New=
Change Value of Parameter Value in Part R? Old=10k New=
Change Value of Parameter Value in Part R? Old=22 New=
Change Value of Parameter Value in Part R? Old=22 New=
Change Value of Parameter Value in Part R? Old=100k New=
Change Value of Parameter Value in Part R? Old=120 New=
Change Component Parameter Comment in XS? Old= New=PHD6_1_2
Change Component Parameter Comment in ZQ? Old= New==Value
Change Value of Parameter Value in Part ZQ? Old=16MGz(12p) New=
Replace Symbol from B? Ferrite Bead in C:\Users\כאהטלטנ\Desktop\Drive_Control\Drive_GD32F\ץולא1.SchDoc with Ferrite Bead from Drive_GD32F.SchLib
Replace Symbol from C? Capacitor in C:\Users\כאהטלטנ\Desktop\Drive_Control\Drive_GD32F\ץולא1.SchDoc with Capacitor from Drive_GD32F.SchLib
Replace Symbol from C? Capacitor in C:\Users\כאהטלטנ\Desktop\Drive_Control\Drive_GD32F\ץולא1.SchDoc with Capacitor from Drive_GD32F.SchLib
Replace Symbol from C? Capacitor in C:\Users\כאהטלטנ\Desktop\Drive_Control\Drive_GD32F\ץולא1.SchDoc with Capacitor from Drive_GD32F.SchLib
Replace Symbol from C? Capacitor in C:\Users\כאהטלטנ\Desktop\Drive_Control\Drive_GD32F\ץולא1.SchDoc with Capacitor from Drive_GD32F.SchLib
Replace Symbol from C? Capacitor in C:\Users\כאהטלטנ\Desktop\Drive_Control\Drive_GD32F\ץולא1.SchDoc with Capacitor from Drive_GD32F.SchLib
Replace Symbol from C? Capacitor in C:\Users\כאהטלטנ\Desktop\Drive_Control\Drive_GD32F\ץולא1.SchDoc with Capacitor from Drive_GD32F.SchLib
Replace Symbol from C? Capacitor in C:\Users\כאהטלטנ\Desktop\Drive_Control\Drive_GD32F\ץולא1.SchDoc with Capacitor from Drive_GD32F.SchLib
Replace Symbol from C? Capacitor_pol in C:\Users\כאהטלטנ\Desktop\Drive_Control\Drive_GD32F\ץולא1.SchDoc with Capacitor_pol from Drive_GD32F.SchLib
Replace Symbol from C? Capacitor in C:\Users\כאהטלטנ\Desktop\Drive_Control\Drive_GD32F\ץולא1.SchDoc with Capacitor from Drive_GD32F.SchLib
Replace Symbol from C? Capacitor in C:\Users\כאהטלטנ\Desktop\Drive_Control\Drive_GD32F\ץולא1.SchDoc with Capacitor from Drive_GD32F.SchLib
Replace Symbol from C? Capacitor in C:\Users\כאהטלטנ\Desktop\Drive_Control\Drive_GD32F\ץולא1.SchDoc with Capacitor from Drive_GD32F.SchLib
Replace Symbol from C? Capacitor in C:\Users\כאהטלטנ\Desktop\Drive_Control\Drive_GD32F\ץולא1.SchDoc with Capacitor from Drive_GD32F.SchLib
Replace Symbol from C? Capacitor in C:\Users\כאהטלטנ\Desktop\Drive_Control\Drive_GD32F\ץולא1.SchDoc with Capacitor from Drive_GD32F.SchLib
Replace Symbol from C? Capacitor in C:\Users\כאהטלטנ\Desktop\Drive_Control\Drive_GD32F\ץולא1.SchDoc with Capacitor from Drive_GD32F.SchLib
Replace Symbol from C? Capacitor in C:\Users\כאהטלטנ\Desktop\Drive_Control\Drive_GD32F\ץולא1.SchDoc with Capacitor from Drive_GD32F.SchLib
Replace Symbol from DA? A4950ELJTR-T in C:\Users\כאהטלטנ\Desktop\Drive_Control\Drive_GD32F\ץולא1.SchDoc with A4950ELJTR-T from Drive_GD32F.SchLib
Replace Symbol from DD? GD32F303C in C:\Users\כאהטלטנ\Desktop\Drive_Control\Drive_GD32F\ץולא1.SchDoc with GD32F303C from Drive_GD32F.SchLib
Replace Symbol from DD? SN65HVD230DR in C:\Users\כאהטלטנ\Desktop\Drive_Control\Drive_GD32F\ץולא1.SchDoc with SN65HVD230DR from Drive_GD32F.SchLib
Replace Symbol from R? Resistor in C:\Users\כאהטלטנ\Desktop\Drive_Control\Drive_GD32F\ץולא1.SchDoc with Resistor from Drive_GD32F.SchLib
Replace Symbol from R? Resistor in C:\Users\כאהטלטנ\Desktop\Drive_Control\Drive_GD32F\ץולא1.SchDoc with Resistor from Drive_GD32F.SchLib
Replace Symbol from R? Resistor in C:\Users\כאהטלטנ\Desktop\Drive_Control\Drive_GD32F\ץולא1.SchDoc with Resistor from Drive_GD32F.SchLib
Replace Symbol from R? Resistor in C:\Users\כאהטלטנ\Desktop\Drive_Control\Drive_GD32F\ץולא1.SchDoc with Resistor from Drive_GD32F.SchLib
Replace Symbol from R? Resistor in C:\Users\כאהטלטנ\Desktop\Drive_Control\Drive_GD32F\ץולא1.SchDoc with Resistor from Drive_GD32F.SchLib
Replace Symbol from R? Resistor in C:\Users\כאהטלטנ\Desktop\Drive_Control\Drive_GD32F\ץולא1.SchDoc with Resistor from Drive_GD32F.SchLib
Replace Symbol from R? Resistor in C:\Users\כאהטלטנ\Desktop\Drive_Control\Drive_GD32F\ץולא1.SchDoc with Resistor from Drive_GD32F.SchLib
Replace Symbol from R? Resistor in C:\Users\כאהטלטנ\Desktop\Drive_Control\Drive_GD32F\ץולא1.SchDoc with Resistor from Drive_GD32F.SchLib
Replace Symbol from R? Resistor in C:\Users\כאהטלטנ\Desktop\Drive_Control\Drive_GD32F\ץולא1.SchDoc with Resistor from Drive_GD32F.SchLib
Replace Symbol from R? Resistor in C:\Users\כאהטלטנ\Desktop\Drive_Control\Drive_GD32F\ץולא1.SchDoc with Resistor from Drive_GD32F.SchLib
Replace Symbol from R? Resistor in C:\Users\כאהטלטנ\Desktop\Drive_Control\Drive_GD32F\ץולא1.SchDoc with Resistor from Drive_GD32F.SchLib
Replace Symbol from R? Resistor in C:\Users\כאהטלטנ\Desktop\Drive_Control\Drive_GD32F\ץולא1.SchDoc with Resistor from Drive_GD32F.SchLib
Replace Symbol from R? Resistor in C:\Users\כאהטלטנ\Desktop\Drive_Control\Drive_GD32F\ץולא1.SchDoc with Resistor from Drive_GD32F.SchLib
Replace Symbol from R? Resistor in C:\Users\כאהטלטנ\Desktop\Drive_Control\Drive_GD32F\ץולא1.SchDoc with Resistor from Drive_GD32F.SchLib
Replace Symbol from R? Resistor in C:\Users\כאהטלטנ\Desktop\Drive_Control\Drive_GD32F\ץולא1.SchDoc with Resistor from Drive_GD32F.SchLib
Replace Symbol from R? Resistor in C:\Users\כאהטלטנ\Desktop\Drive_Control\Drive_GD32F\ץולא1.SchDoc with Resistor from Drive_GD32F.SchLib
Replace Symbol from R? Resistor in C:\Users\כאהטלטנ\Desktop\Drive_Control\Drive_GD32F\ץולא1.SchDoc with Resistor from Drive_GD32F.SchLib
Replace Symbol from R? Resistor in C:\Users\כאהטלטנ\Desktop\Drive_Control\Drive_GD32F\ץולא1.SchDoc with Resistor from Drive_GD32F.SchLib
Replace Symbol from R? Resistor in C:\Users\כאהטלטנ\Desktop\Drive_Control\Drive_GD32F\ץולא1.SchDoc with Resistor from Drive_GD32F.SchLib
Replace Symbol from R? Resistor in C:\Users\כאהטלטנ\Desktop\Drive_Control\Drive_GD32F\ץולא1.SchDoc with Resistor from Drive_GD32F.SchLib
Replace Symbol from VT? BSS138 in C:\Users\כאהטלטנ\Desktop\Drive_Control\Drive_GD32F\ץולא1.SchDoc with BSS138 from Drive_GD32F.SchLib
Replace Symbol from VT? BSS138 in C:\Users\כאהטלטנ\Desktop\Drive_Control\Drive_GD32F\ץולא1.SchDoc with BSS138 from Drive_GD32F.SchLib
Replace Symbol from XS? PHD6_1 in C:\Users\כאהטלטנ\Desktop\Drive_Control\Drive_GD32F\ץולא1.SchDoc with PHD6_1 from Drive_GD32F.SchLib
Replace Symbol from XS? PHD6_1_1 in C:\Users\כאהטלטנ\Desktop\Drive_Control\Drive_GD32F\ץולא1.SchDoc with PHD6_1_1 from Drive_GD32F.SchLib
Replace Symbol from XS? PHD6 in C:\Users\כאהטלטנ\Desktop\Drive_Control\Drive_GD32F\ץולא1.SchDoc with PHD6 from Drive_GD32F.SchLib
Replace Symbol from XS? PHD6_1_2 in C:\Users\כאהטלטנ\Desktop\Drive_Control\Drive_GD32F\ץולא1.SchDoc with PHD6_1_2 from Drive_GD32F.SchLib
Replace Symbol from XS? PHD6_1_2_1_1_1 in C:\Users\כאהטלטנ\Desktop\Drive_Control\Drive_GD32F\ץולא1.SchDoc with PHD6_1_2_1_1_1 from Drive_GD32F.SchLib
Replace Symbol from XS? PHD6_1_2_1_1 in C:\Users\כאהטלטנ\Desktop\Drive_Control\Drive_GD32F\ץולא1.SchDoc with PHD6_1_2_1_1 from Drive_GD32F.SchLib
Replace Symbol from XS? PHD6_1_2_1 in C:\Users\כאהטלטנ\Desktop\Drive_Control\Drive_GD32F\ץולא1.SchDoc with PHD6_1_2_1 from Drive_GD32F.SchLib
Replace Symbol from ZQ? Quartz in C:\Users\כאהטלטנ\Desktop\Drive_Control\Drive_GD32F\ץולא1.SchDoc with Quartz from Drive_GD32F.SchLib
