Replace Symbol from C1 Capacitor in C:\Users\כאהטלטנ\Desktop\Drive_Control\Drive_GD32F\ץולא1.SchDoc with Capacitor from Drive_GD32F.SchLib
Replace Symbol from C2 Capacitor in C:\Users\כאהטלטנ\Desktop\Drive_Control\Drive_GD32F\ץולא1.SchDoc with Capacitor from Drive_GD32F.SchLib
Replace Symbol from C3 Capacitor in C:\Users\כאהטלטנ\Desktop\Drive_Control\Drive_GD32F\ץולא1.SchDoc with Capacitor from Drive_GD32F.SchLib
Replace Symbol from C4 Capacitor in C:\Users\כאהטלטנ\Desktop\Drive_Control\Drive_GD32F\ץולא1.SchDoc with Capacitor from Drive_GD32F.SchLib
Replace Symbol from C5 Capacitor in C:\Users\כאהטלטנ\Desktop\Drive_Control\Drive_GD32F\ץולא1.SchDoc with Capacitor from Drive_GD32F.SchLib
Replace Symbol from C6 Capacitor in C:\Users\כאהטלטנ\Desktop\Drive_Control\Drive_GD32F\ץולא1.SchDoc with Capacitor from Drive_GD32F.SchLib
Replace Symbol from C7 Capacitor in C:\Users\כאהטלטנ\Desktop\Drive_Control\Drive_GD32F\ץולא1.SchDoc with Capacitor from Drive_GD32F.SchLib
Replace Symbol from C8 Capacitor in C:\Users\כאהטלטנ\Desktop\Drive_Control\Drive_GD32F\ץולא1.SchDoc with Capacitor from Drive_GD32F.SchLib
Replace Symbol from C9 Capacitor in C:\Users\כאהטלטנ\Desktop\Drive_Control\Drive_GD32F\ץולא1.SchDoc with Capacitor from Drive_GD32F.SchLib
Replace Symbol from C10 Capacitor in C:\Users\כאהטלטנ\Desktop\Drive_Control\Drive_GD32F\ץולא1.SchDoc with Capacitor from Drive_GD32F.SchLib
Replace Symbol from C11 Capacitor in C:\Users\כאהטלטנ\Desktop\Drive_Control\Drive_GD32F\ץולא1.SchDoc with Capacitor from Drive_GD32F.SchLib
Replace Symbol from C12 Capacitor in C:\Users\כאהטלטנ\Desktop\Drive_Control\Drive_GD32F\ץולא1.SchDoc with Capacitor from Drive_GD32F.SchLib
Replace Symbol from C13 Capacitor in C:\Users\כאהטלטנ\Desktop\Drive_Control\Drive_GD32F\ץולא1.SchDoc with Capacitor from Drive_GD32F.SchLib
Replace Symbol from C14 Capacitor in C:\Users\כאהטלטנ\Desktop\Drive_Control\Drive_GD32F\ץולא1.SchDoc with Capacitor from Drive_GD32F.SchLib
Replace Symbol from C15 Capacitor in C:\Users\כאהטלטנ\Desktop\Drive_Control\Drive_GD32F\ץולא1.SchDoc with Capacitor from Drive_GD32F.SchLib
Replace Symbol from C16 Capacitor in C:\Users\כאהטלטנ\Desktop\Drive_Control\Drive_GD32F\ץולא1.SchDoc with Capacitor from Drive_GD32F.SchLib
Replace Symbol from C17 Capacitor_pol in C:\Users\כאהטלטנ\Desktop\Drive_Control\Drive_GD32F\ץולא1.SchDoc with Capacitor_pol from Drive_GD32F.SchLib
Replace Symbol from C18 Capacitor in C:\Users\כאהטלטנ\Desktop\Drive_Control\Drive_GD32F\ץולא1.SchDoc with Capacitor from Drive_GD32F.SchLib
Replace Symbol from C19 Capacitor in C:\Users\כאהטלטנ\Desktop\Drive_Control\Drive_GD32F\ץולא1.SchDoc with Capacitor from Drive_GD32F.SchLib
Replace Symbol from C20 Capacitor in C:\Users\כאהטלטנ\Desktop\Drive_Control\Drive_GD32F\ץולא1.SchDoc with Capacitor from Drive_GD32F.SchLib
Replace Symbol from C21 Capacitor in C:\Users\כאהטלטנ\Desktop\Drive_Control\Drive_GD32F\ץולא1.SchDoc with Capacitor from Drive_GD32F.SchLib
Replace Symbol from C22 Capacitor in C:\Users\כאהטלטנ\Desktop\Drive_Control\Drive_GD32F\ץולא1.SchDoc with Capacitor from Drive_GD32F.SchLib
Replace Symbol from C23 Capacitor in C:\Users\כאהטלטנ\Desktop\Drive_Control\Drive_GD32F\ץולא1.SchDoc with Capacitor from Drive_GD32F.SchLib
Replace Symbol from C24 Capacitor in C:\Users\כאהטלטנ\Desktop\Drive_Control\Drive_GD32F\ץולא1.SchDoc with Capacitor from Drive_GD32F.SchLib
Replace Symbol from C25 Capacitor in C:\Users\כאהטלטנ\Desktop\Drive_Control\Drive_GD32F\ץולא1.SchDoc with Capacitor from Drive_GD32F.SchLib
Replace Symbol from C26 Capacitor in C:\Users\כאהטלטנ\Desktop\Drive_Control\Drive_GD32F\ץולא1.SchDoc with Capacitor from Drive_GD32F.SchLib
Replace Symbol from C27 Capacitor in C:\Users\כאהטלטנ\Desktop\Drive_Control\Drive_GD32F\ץולא1.SchDoc with Capacitor from Drive_GD32F.SchLib
Replace Symbol from C28 Capacitor in C:\Users\כאהטלטנ\Desktop\Drive_Control\Drive_GD32F\ץולא1.SchDoc with Capacitor from Drive_GD32F.SchLib
Replace Symbol from C29 Capacitor in C:\Users\כאהטלטנ\Desktop\Drive_Control\Drive_GD32F\ץולא1.SchDoc with Capacitor from Drive_GD32F.SchLib
Replace Symbol from C30 Capacitor in C:\Users\כאהטלטנ\Desktop\Drive_Control\Drive_GD32F\ץולא1.SchDoc with Capacitor from Drive_GD32F.SchLib
Replace Symbol from C31 Capacitor_pol in C:\Users\כאהטלטנ\Desktop\Drive_Control\Drive_GD32F\ץולא1.SchDoc with Capacitor_pol from Drive_GD32F.SchLib
Replace Symbol from C32 Capacitor in C:\Users\כאהטלטנ\Desktop\Drive_Control\Drive_GD32F\ץולא1.SchDoc with Capacitor from Drive_GD32F.SchLib
Replace Symbol from DA1 1117M3-L-3-3 in C:\Users\כאהטלטנ\Desktop\Drive_Control\Drive_GD32F\ץולא1.SchDoc with 1117M3-L-3-3 from Drive_GD32F.SchLib
Replace Symbol from DA3 CurrentSensor_ACS712-5 in C:\Users\כאהטלטנ\Desktop\Drive_Control\Drive_GD32F\ץולא1.SchDoc with CurrentSensor_ACS712-5 from Drive_GD32F.SchLib
Replace Symbol from DA4 INA181 in C:\Users\כאהטלטנ\Desktop\Drive_Control\Drive_GD32F\ץולא1.SchDoc with INA181 from Drive_GD32F.SchLib
Replace Symbol from DA? A4950ELJTR-T in C:\Users\כאהטלטנ\Desktop\Drive_Control\Drive_GD32F\ץולא1.SchDoc with A4950ELJTR-T from Drive_GD32F.SchLib
Replace Symbol from DD1 MAX3490EESA in C:\Users\כאהטלטנ\Desktop\Drive_Control\Drive_GD32F\ץולא1.SchDoc with MAX3490EESA from Drive_GD32F.SchLib
Replace Symbol from DD2 SN65HVD230DR in C:\Users\כאהטלטנ\Desktop\Drive_Control\Drive_GD32F\ץולא1.SchDoc with SN65HVD230DR from Drive_GD32F.SchLib
Replace Symbol from DD3 GD32F303C in C:\Users\כאהטלטנ\Desktop\Drive_Control\Drive_GD32F\ץולא1.SchDoc with GD32F303C from Drive_GD32F.SchLib
Replace Symbol from HL1 Led_green in C:\Users\כאהטלטנ\Desktop\Drive_Control\Drive_GD32F\ץולא1.SchDoc with Led_green from Drive_GD32F.SchLib
Replace Symbol from HL2 Led_green in C:\Users\כאהטלטנ\Desktop\Drive_Control\Drive_GD32F\ץולא1.SchDoc with Led_green from Drive_GD32F.SchLib
Replace Symbol from R1 Resistor in C:\Users\כאהטלטנ\Desktop\Drive_Control\Drive_GD32F\ץולא1.SchDoc with Resistor from Drive_GD32F.SchLib
Replace Symbol from R2 Resistor in C:\Users\כאהטלטנ\Desktop\Drive_Control\Drive_GD32F\ץולא1.SchDoc with Resistor from Drive_GD32F.SchLib
Replace Symbol from R3 Resistor in C:\Users\כאהטלטנ\Desktop\Drive_Control\Drive_GD32F\ץולא1.SchDoc with Resistor from Drive_GD32F.SchLib
Replace Symbol from R4 Resistor in C:\Users\כאהטלטנ\Desktop\Drive_Control\Drive_GD32F\ץולא1.SchDoc with Resistor from Drive_GD32F.SchLib
Replace Symbol from R5 Resistor in C:\Users\כאהטלטנ\Desktop\Drive_Control\Drive_GD32F\ץולא1.SchDoc with Resistor from Drive_GD32F.SchLib
Replace Symbol from R6 Resistor in C:\Users\כאהטלטנ\Desktop\Drive_Control\Drive_GD32F\ץולא1.SchDoc with Resistor from Drive_GD32F.SchLib
Replace Symbol from R7 Resistor in C:\Users\כאהטלטנ\Desktop\Drive_Control\Drive_GD32F\ץולא1.SchDoc with Resistor from Drive_GD32F.SchLib
Replace Symbol from R8 Resistor in C:\Users\כאהטלטנ\Desktop\Drive_Control\Drive_GD32F\ץולא1.SchDoc with Resistor from Drive_GD32F.SchLib
Replace Symbol from R9 Resistor in C:\Users\כאהטלטנ\Desktop\Drive_Control\Drive_GD32F\ץולא1.SchDoc with Resistor from Drive_GD32F.SchLib
Replace Symbol from R10 Resistor in C:\Users\כאהטלטנ\Desktop\Drive_Control\Drive_GD32F\ץולא1.SchDoc with Resistor from Drive_GD32F.SchLib
Replace Symbol from R11 Resistor in C:\Users\כאהטלטנ\Desktop\Drive_Control\Drive_GD32F\ץולא1.SchDoc with Resistor from Drive_GD32F.SchLib
Replace Symbol from R12 Resistor in C:\Users\כאהטלטנ\Desktop\Drive_Control\Drive_GD32F\ץולא1.SchDoc with Resistor from Drive_GD32F.SchLib
Replace Symbol from R13 Resistor in C:\Users\כאהטלטנ\Desktop\Drive_Control\Drive_GD32F\ץולא1.SchDoc with Resistor from Drive_GD32F.SchLib
Replace Symbol from R14 Resistor in C:\Users\כאהטלטנ\Desktop\Drive_Control\Drive_GD32F\ץולא1.SchDoc with Resistor from Drive_GD32F.SchLib
Replace Symbol from R15 Resistor in C:\Users\כאהטלטנ\Desktop\Drive_Control\Drive_GD32F\ץולא1.SchDoc with Resistor from Drive_GD32F.SchLib
Replace Symbol from R16 Resistor in C:\Users\כאהטלטנ\Desktop\Drive_Control\Drive_GD32F\ץולא1.SchDoc with Resistor from Drive_GD32F.SchLib
Replace Symbol from R17 Resistor in C:\Users\כאהטלטנ\Desktop\Drive_Control\Drive_GD32F\ץולא1.SchDoc with Resistor from Drive_GD32F.SchLib
Replace Symbol from R18 Resistor in C:\Users\כאהטלטנ\Desktop\Drive_Control\Drive_GD32F\ץולא1.SchDoc with Resistor from Drive_GD32F.SchLib
Replace Symbol from R19 Resistor in C:\Users\כאהטלטנ\Desktop\Drive_Control\Drive_GD32F\ץולא1.SchDoc with Resistor from Drive_GD32F.SchLib
Replace Symbol from R20 Resistor in C:\Users\כאהטלטנ\Desktop\Drive_Control\Drive_GD32F\ץולא1.SchDoc with Resistor from Drive_GD32F.SchLib
Replace Symbol from R21 Resistor in C:\Users\כאהטלטנ\Desktop\Drive_Control\Drive_GD32F\ץולא1.SchDoc with Resistor from Drive_GD32F.SchLib
Replace Symbol from R22 Resistor in C:\Users\כאהטלטנ\Desktop\Drive_Control\Drive_GD32F\ץולא1.SchDoc with Resistor from Drive_GD32F.SchLib
Replace Symbol from R23 Resistor in C:\Users\כאהטלטנ\Desktop\Drive_Control\Drive_GD32F\ץולא1.SchDoc with Resistor from Drive_GD32F.SchLib
Replace Symbol from R24 Resistor in C:\Users\כאהטלטנ\Desktop\Drive_Control\Drive_GD32F\ץולא1.SchDoc with Resistor from Drive_GD32F.SchLib
Replace Symbol from R25 Resistor in C:\Users\כאהטלטנ\Desktop\Drive_Control\Drive_GD32F\ץולא1.SchDoc with Resistor from Drive_GD32F.SchLib
Replace Symbol from R26 Resistor in C:\Users\כאהטלטנ\Desktop\Drive_Control\Drive_GD32F\ץולא1.SchDoc with Resistor from Drive_GD32F.SchLib
Replace Symbol from R27 Resistor in C:\Users\כאהטלטנ\Desktop\Drive_Control\Drive_GD32F\ץולא1.SchDoc with Resistor from Drive_GD32F.SchLib
Replace Symbol from R28 Resistor in C:\Users\כאהטלטנ\Desktop\Drive_Control\Drive_GD32F\ץולא1.SchDoc with Resistor from Drive_GD32F.SchLib
Replace Symbol from R29 Resistor in C:\Users\כאהטלטנ\Desktop\Drive_Control\Drive_GD32F\ץולא1.SchDoc with Resistor from Drive_GD32F.SchLib
Replace Symbol from R30 Resistor in C:\Users\כאהטלטנ\Desktop\Drive_Control\Drive_GD32F\ץולא1.SchDoc with Resistor from Drive_GD32F.SchLib
Replace Symbol from R31 Resistor in C:\Users\כאהטלטנ\Desktop\Drive_Control\Drive_GD32F\ץולא1.SchDoc with Resistor from Drive_GD32F.SchLib
Replace Symbol from R32 Resistor in C:\Users\כאהטלטנ\Desktop\Drive_Control\Drive_GD32F\ץולא1.SchDoc with Resistor from Drive_GD32F.SchLib
Replace Symbol from R33 Resistor in C:\Users\כאהטלטנ\Desktop\Drive_Control\Drive_GD32F\ץולא1.SchDoc with Resistor from Drive_GD32F.SchLib
Replace Symbol from R34 Resistor in C:\Users\כאהטלטנ\Desktop\Drive_Control\Drive_GD32F\ץולא1.SchDoc with Resistor from Drive_GD32F.SchLib
Replace Symbol from R35 Resistor in C:\Users\כאהטלטנ\Desktop\Drive_Control\Drive_GD32F\ץולא1.SchDoc with Resistor from Drive_GD32F.SchLib
Replace Symbol from R36 Resistor in C:\Users\כאהטלטנ\Desktop\Drive_Control\Drive_GD32F\ץולא1.SchDoc with Resistor from Drive_GD32F.SchLib
Replace Symbol from R37 Resistor in C:\Users\כאהטלטנ\Desktop\Drive_Control\Drive_GD32F\ץולא1.SchDoc with Resistor from Drive_GD32F.SchLib
Replace Symbol from R38 Resistor in C:\Users\כאהטלטנ\Desktop\Drive_Control\Drive_GD32F\ץולא1.SchDoc with Resistor from Drive_GD32F.SchLib
Replace Symbol from R39 Resistor in C:\Users\כאהטלטנ\Desktop\Drive_Control\Drive_GD32F\ץולא1.SchDoc with Resistor from Drive_GD32F.SchLib
Replace Symbol from R40 Resistor in C:\Users\כאהטלטנ\Desktop\Drive_Control\Drive_GD32F\ץולא1.SchDoc with Resistor from Drive_GD32F.SchLib
Replace Symbol from R41 Resistor in C:\Users\כאהטלטנ\Desktop\Drive_Control\Drive_GD32F\ץולא1.SchDoc with Resistor from Drive_GD32F.SchLib
Replace Symbol from R42 Resistor in C:\Users\כאהטלטנ\Desktop\Drive_Control\Drive_GD32F\ץולא1.SchDoc with Resistor from Drive_GD32F.SchLib
Replace Symbol from R43 Resistor in C:\Users\כאהטלטנ\Desktop\Drive_Control\Drive_GD32F\ץולא1.SchDoc with Resistor from Drive_GD32F.SchLib
Replace Symbol from R44 Resistor in C:\Users\כאהטלטנ\Desktop\Drive_Control\Drive_GD32F\ץולא1.SchDoc with Resistor from Drive_GD32F.SchLib
Replace Symbol from R45 Resistor in C:\Users\כאהטלטנ\Desktop\Drive_Control\Drive_GD32F\ץולא1.SchDoc with Resistor from Drive_GD32F.SchLib
Replace Symbol from VD1 DiodeSch_BAT60B in C:\Users\כאהטלטנ\Desktop\Drive_Control\Drive_GD32F\ץולא1.SchDoc with DiodeSch_BAT60B from Drive_GD32F.SchLib
Replace Symbol from XS1 I2C in C:\Users\כאהטלטנ\Desktop\Drive_Control\Drive_GD32F\ץולא1.SchDoc with I2C from Drive_GD32F.SchLib
Replace Symbol from XS2 UART in C:\Users\כאהטלטנ\Desktop\Drive_Control\Drive_GD32F\ץולא1.SchDoc with UART from Drive_GD32F.SchLib
Replace Symbol from XS3 TTL in C:\Users\כאהטלטנ\Desktop\Drive_Control\Drive_GD32F\ץולא1.SchDoc with TTL from Drive_GD32F.SchLib
Replace Symbol from XS4 CAN in C:\Users\כאהטלטנ\Desktop\Drive_Control\Drive_GD32F\ץולא1.SchDoc with CAN from Drive_GD32F.SchLib
Replace Symbol from XS5 SPI in C:\Users\כאהטלטנ\Desktop\Drive_Control\Drive_GD32F\ץולא1.SchDoc with SPI from Drive_GD32F.SchLib
Replace Symbol from XS6 SSI in C:\Users\כאהטלטנ\Desktop\Drive_Control\Drive_GD32F\ץולא1.SchDoc with SSI from Drive_GD32F.SchLib
Replace Symbol from XS7 power in C:\Users\כאהטלטנ\Desktop\Drive_Control\Drive_GD32F\ץולא1.SchDoc with power from Drive_GD32F.SchLib
Replace Symbol from XS8 POT in C:\Users\כאהטלטנ\Desktop\Drive_Control\Drive_GD32F\ץולא1.SchDoc with POT from Drive_GD32F.SchLib
Replace Symbol from XS9 OUT in C:\Users\כאהטלטנ\Desktop\Drive_Control\Drive_GD32F\ץולא1.SchDoc with OUT from Drive_GD32F.SchLib
Replace Symbol from XS10 swd_JUMPER_5pin in C:\Users\כאהטלטנ\Desktop\Drive_Control\Drive_GD32F\ץולא1.SchDoc with swd_JUMPER_5pin from Drive_GD32F.SchLib
Replace Symbol from XS11 ENC in C:\Users\כאהטלטנ\Desktop\Drive_Control\Drive_GD32F\ץולא1.SchDoc with ENC from Drive_GD32F.SchLib
Replace Symbol from ZQ1 Quartz in C:\Users\כאהטלטנ\Desktop\Drive_Control\Drive_GD32F\ץולא1.SchDoc with Quartz from Drive_GD32F.SchLib
