Replace Symbol from C? Capacitor in C:\Users\כאהטלטנ\Desktop\Drive_Control\Drive_GD32F\ץולא1.SchDoc with Capacitor from Drive_GD32F.SchLib
Replace Symbol from C? Capacitor in C:\Users\כאהטלטנ\Desktop\Drive_Control\Drive_GD32F\ץולא1.SchDoc with Capacitor from Drive_GD32F.SchLib
Replace Symbol from C? Capacitor_pol in C:\Users\כאהטלטנ\Desktop\Drive_Control\Drive_GD32F\ץולא1.SchDoc with Capacitor_pol from Drive_GD32F.SchLib
Replace Symbol from C? Capacitor in C:\Users\כאהטלטנ\Desktop\Drive_Control\Drive_GD32F\ץולא1.SchDoc with Capacitor from Drive_GD32F.SchLib
Replace Symbol from C? Capacitor in C:\Users\כאהטלטנ\Desktop\Drive_Control\Drive_GD32F\ץולא1.SchDoc with Capacitor from Drive_GD32F.SchLib
Replace Symbol from C? Capacitor in C:\Users\כאהטלטנ\Desktop\Drive_Control\Drive_GD32F\ץולא1.SchDoc with Capacitor from Drive_GD32F.SchLib
Replace Symbol from C? Capacitor in C:\Users\כאהטלטנ\Desktop\Drive_Control\Drive_GD32F\ץולא1.SchDoc with Capacitor from Drive_GD32F.SchLib
Replace Symbol from C? Capacitor in C:\Users\כאהטלטנ\Desktop\Drive_Control\Drive_GD32F\ץולא1.SchDoc with Capacitor from Drive_GD32F.SchLib
Replace Symbol from C? Capacitor in C:\Users\כאהטלטנ\Desktop\Drive_Control\Drive_GD32F\ץולא1.SchDoc with Capacitor from Drive_GD32F.SchLib
Replace Symbol from C? Capacitor in C:\Users\כאהטלטנ\Desktop\Drive_Control\Drive_GD32F\ץולא1.SchDoc with Capacitor from Drive_GD32F.SchLib
Replace Symbol from C? Capacitor in C:\Users\כאהטלטנ\Desktop\Drive_Control\Drive_GD32F\ץולא1.SchDoc with Capacitor from Drive_GD32F.SchLib
Replace Symbol from C? Capacitor in C:\Users\כאהטלטנ\Desktop\Drive_Control\Drive_GD32F\ץולא1.SchDoc with Capacitor from Drive_GD32F.SchLib
Replace Symbol from C? Capacitor in C:\Users\כאהטלטנ\Desktop\Drive_Control\Drive_GD32F\ץולא1.SchDoc with Capacitor from Drive_GD32F.SchLib
Replace Symbol from C? Capacitor in C:\Users\כאהטלטנ\Desktop\Drive_Control\Drive_GD32F\ץולא1.SchDoc with Capacitor from Drive_GD32F.SchLib
Replace Symbol from C? Capacitor in C:\Users\כאהטלטנ\Desktop\Drive_Control\Drive_GD32F\ץולא1.SchDoc with Capacitor from Drive_GD32F.SchLib
Replace Symbol from C? Capacitor in C:\Users\כאהטלטנ\Desktop\Drive_Control\Drive_GD32F\ץולא1.SchDoc with Capacitor from Drive_GD32F.SchLib
Replace Symbol from C? Capacitor in C:\Users\כאהטלטנ\Desktop\Drive_Control\Drive_GD32F\ץולא1.SchDoc with Capacitor from Drive_GD32F.SchLib
Replace Symbol from C? Capacitor in C:\Users\כאהטלטנ\Desktop\Drive_Control\Drive_GD32F\ץולא1.SchDoc with Capacitor from Drive_GD32F.SchLib
Replace Symbol from C? Capacitor_pol in C:\Users\כאהטלטנ\Desktop\Drive_Control\Drive_GD32F\ץולא1.SchDoc with Capacitor_pol from Drive_GD32F.SchLib
Replace Symbol from C? Capacitor in C:\Users\כאהטלטנ\Desktop\Drive_Control\Drive_GD32F\ץולא1.SchDoc with Capacitor from Drive_GD32F.SchLib
Replace Symbol from C? Capacitor in C:\Users\כאהטלטנ\Desktop\Drive_Control\Drive_GD32F\ץולא1.SchDoc with Capacitor from Drive_GD32F.SchLib
Replace Symbol from C? Capacitor in C:\Users\כאהטלטנ\Desktop\Drive_Control\Drive_GD32F\ץולא1.SchDoc with Capacitor from Drive_GD32F.SchLib
Replace Symbol from C? Capacitor in C:\Users\כאהטלטנ\Desktop\Drive_Control\Drive_GD32F\ץולא1.SchDoc with Capacitor from Drive_GD32F.SchLib
Replace Symbol from C? Capacitor in C:\Users\כאהטלטנ\Desktop\Drive_Control\Drive_GD32F\ץולא1.SchDoc with Capacitor from Drive_GD32F.SchLib
Replace Symbol from C? Capacitor in C:\Users\כאהטלטנ\Desktop\Drive_Control\Drive_GD32F\ץולא1.SchDoc with Capacitor from Drive_GD32F.SchLib
Replace Symbol from C? Capacitor in C:\Users\כאהטלטנ\Desktop\Drive_Control\Drive_GD32F\ץולא1.SchDoc with Capacitor from Drive_GD32F.SchLib
Replace Symbol from C? Capacitor in C:\Users\כאהטלטנ\Desktop\Drive_Control\Drive_GD32F\ץולא1.SchDoc with Capacitor from Drive_GD32F.SchLib
Replace Symbol from DA? A4950ELJTR-T in C:\Users\כאהטלטנ\Desktop\Drive_Control\Drive_GD32F\ץולא1.SchDoc with A4950ELJTR-T from Drive_GD32F.SchLib
Replace Symbol from DA? 1117M3-L-3-3 in C:\Users\כאהטלטנ\Desktop\Drive_Control\Drive_GD32F\ץולא1.SchDoc with 1117M3-L-3-3 from Drive_GD32F.SchLib
Replace Symbol from DA? CurrentSensor_ACS712-5 in C:\Users\כאהטלטנ\Desktop\Drive_Control\Drive_GD32F\ץולא1.SchDoc with CurrentSensor_ACS712-5 from Drive_GD32F.SchLib
Replace Symbol from DD? GD32F303C in C:\Users\כאהטלטנ\Desktop\Drive_Control\Drive_GD32F\ץולא1.SchDoc with GD32F303C from Drive_GD32F.SchLib
Replace Symbol from DD? SN65HVD230DR in C:\Users\כאהטלטנ\Desktop\Drive_Control\Drive_GD32F\ץולא1.SchDoc with SN65HVD230DR from Drive_GD32F.SchLib
Replace Symbol from DD? MAX3490EESA in C:\Users\כאהטלטנ\Desktop\Drive_Control\Drive_GD32F\ץולא1.SchDoc with MAX3490EESA from Drive_GD32F.SchLib
Replace Symbol from R? Resistor in C:\Users\כאהטלטנ\Desktop\Drive_Control\Drive_GD32F\ץולא1.SchDoc with Resistor from Drive_GD32F.SchLib
Replace Symbol from R? Resistor in C:\Users\כאהטלטנ\Desktop\Drive_Control\Drive_GD32F\ץולא1.SchDoc with Resistor from Drive_GD32F.SchLib
Replace Symbol from R? Resistor in C:\Users\כאהטלטנ\Desktop\Drive_Control\Drive_GD32F\ץולא1.SchDoc with Resistor from Drive_GD32F.SchLib
Replace Symbol from R? Resistor in C:\Users\כאהטלטנ\Desktop\Drive_Control\Drive_GD32F\ץולא1.SchDoc with Resistor from Drive_GD32F.SchLib
Replace Symbol from R? Resistor in C:\Users\כאהטלטנ\Desktop\Drive_Control\Drive_GD32F\ץולא1.SchDoc with Resistor from Drive_GD32F.SchLib
Replace Symbol from R? Resistor in C:\Users\כאהטלטנ\Desktop\Drive_Control\Drive_GD32F\ץולא1.SchDoc with Resistor from Drive_GD32F.SchLib
Replace Symbol from R? Resistor in C:\Users\כאהטלטנ\Desktop\Drive_Control\Drive_GD32F\ץולא1.SchDoc with Resistor from Drive_GD32F.SchLib
Replace Symbol from R? Resistor in C:\Users\כאהטלטנ\Desktop\Drive_Control\Drive_GD32F\ץולא1.SchDoc with Resistor from Drive_GD32F.SchLib
Replace Symbol from R? Resistor in C:\Users\כאהטלטנ\Desktop\Drive_Control\Drive_GD32F\ץולא1.SchDoc with Resistor from Drive_GD32F.SchLib
Replace Symbol from R? Resistor in C:\Users\כאהטלטנ\Desktop\Drive_Control\Drive_GD32F\ץולא1.SchDoc with Resistor from Drive_GD32F.SchLib
Replace Symbol from R? Resistor in C:\Users\כאהטלטנ\Desktop\Drive_Control\Drive_GD32F\ץולא1.SchDoc with Resistor from Drive_GD32F.SchLib
Replace Symbol from R? Resistor in C:\Users\כאהטלטנ\Desktop\Drive_Control\Drive_GD32F\ץולא1.SchDoc with Resistor from Drive_GD32F.SchLib
Replace Symbol from R? Resistor in C:\Users\כאהטלטנ\Desktop\Drive_Control\Drive_GD32F\ץולא1.SchDoc with Resistor from Drive_GD32F.SchLib
Replace Symbol from R? Resistor in C:\Users\כאהטלטנ\Desktop\Drive_Control\Drive_GD32F\ץולא1.SchDoc with Resistor from Drive_GD32F.SchLib
Replace Symbol from R? Resistor in C:\Users\כאהטלטנ\Desktop\Drive_Control\Drive_GD32F\ץולא1.SchDoc with Resistor from Drive_GD32F.SchLib
Replace Symbol from R? Resistor in C:\Users\כאהטלטנ\Desktop\Drive_Control\Drive_GD32F\ץולא1.SchDoc with Resistor from Drive_GD32F.SchLib
Replace Symbol from R? Resistor in C:\Users\כאהטלטנ\Desktop\Drive_Control\Drive_GD32F\ץולא1.SchDoc with Resistor from Drive_GD32F.SchLib
Replace Symbol from R? Resistor in C:\Users\כאהטלטנ\Desktop\Drive_Control\Drive_GD32F\ץולא1.SchDoc with Resistor from Drive_GD32F.SchLib
Replace Symbol from R? Resistor in C:\Users\כאהטלטנ\Desktop\Drive_Control\Drive_GD32F\ץולא1.SchDoc with Resistor from Drive_GD32F.SchLib
Replace Symbol from R? Resistor in C:\Users\כאהטלטנ\Desktop\Drive_Control\Drive_GD32F\ץולא1.SchDoc with Resistor from Drive_GD32F.SchLib
Replace Symbol from R? Resistor in C:\Users\כאהטלטנ\Desktop\Drive_Control\Drive_GD32F\ץולא1.SchDoc with Resistor from Drive_GD32F.SchLib
Replace Symbol from R? Resistor in C:\Users\כאהטלטנ\Desktop\Drive_Control\Drive_GD32F\ץולא1.SchDoc with Resistor from Drive_GD32F.SchLib
Replace Symbol from R? Resistor in C:\Users\כאהטלטנ\Desktop\Drive_Control\Drive_GD32F\ץולא1.SchDoc with Resistor from Drive_GD32F.SchLib
Replace Symbol from R? Resistor in C:\Users\כאהטלטנ\Desktop\Drive_Control\Drive_GD32F\ץולא1.SchDoc with Resistor from Drive_GD32F.SchLib
Replace Symbol from R? Resistor in C:\Users\כאהטלטנ\Desktop\Drive_Control\Drive_GD32F\ץולא1.SchDoc with Resistor from Drive_GD32F.SchLib
Replace Symbol from R? Resistor in C:\Users\כאהטלטנ\Desktop\Drive_Control\Drive_GD32F\ץולא1.SchDoc with Resistor from Drive_GD32F.SchLib
Replace Symbol from R? Resistor in C:\Users\כאהטלטנ\Desktop\Drive_Control\Drive_GD32F\ץולא1.SchDoc with Resistor from Drive_GD32F.SchLib
Replace Symbol from R? Resistor in C:\Users\כאהטלטנ\Desktop\Drive_Control\Drive_GD32F\ץולא1.SchDoc with Resistor from Drive_GD32F.SchLib
Replace Symbol from R? Resistor in C:\Users\כאהטלטנ\Desktop\Drive_Control\Drive_GD32F\ץולא1.SchDoc with Resistor from Drive_GD32F.SchLib
Replace Symbol from R? Resistor in C:\Users\כאהטלטנ\Desktop\Drive_Control\Drive_GD32F\ץולא1.SchDoc with Resistor from Drive_GD32F.SchLib
Replace Symbol from XS? POT in C:\Users\כאהטלטנ\Desktop\Drive_Control\Drive_GD32F\ץולא1.SchDoc with POT from Drive_GD32F.SchLib
Replace Symbol from XS? PHD6_1_2_1_1 in C:\Users\כאהטלטנ\Desktop\Drive_Control\Drive_GD32F\ץולא1.SchDoc with PHD6_1_2_1_1 from Drive_GD32F.SchLib
Replace Symbol from XS? SPI in C:\Users\כאהטלטנ\Desktop\Drive_Control\Drive_GD32F\ץולא1.SchDoc with SPI from Drive_GD32F.SchLib
Replace Symbol from XS? OUT in C:\Users\כאהטלטנ\Desktop\Drive_Control\Drive_GD32F\ץולא1.SchDoc with OUT from Drive_GD32F.SchLib
Replace Symbol from XS? swd_JUMPER_5pin in C:\Users\כאהטלטנ\Desktop\Drive_Control\Drive_GD32F\ץולא1.SchDoc with swd_JUMPER_5pin from Drive_GD32F.SchLib
Replace Symbol from XS? UART in C:\Users\כאהטלטנ\Desktop\Drive_Control\Drive_GD32F\ץולא1.SchDoc with UART from Drive_GD32F.SchLib
Replace Symbol from XS? power in C:\Users\כאהטלטנ\Desktop\Drive_Control\Drive_GD32F\ץולא1.SchDoc with power from Drive_GD32F.SchLib
Replace Symbol from XS? CAN in C:\Users\כאהטלטנ\Desktop\Drive_Control\Drive_GD32F\ץולא1.SchDoc with CAN from Drive_GD32F.SchLib
Replace Symbol from XS? I2C in C:\Users\כאהטלטנ\Desktop\Drive_Control\Drive_GD32F\ץולא1.SchDoc with I2C from Drive_GD32F.SchLib
Replace Symbol from ZQ? Quartz in C:\Users\כאהטלטנ\Desktop\Drive_Control\Drive_GD32F\ץולא1.SchDoc with Quartz from Drive_GD32F.SchLib
