Change Component Designator: Old Designator=C1 New Designator=C10
Change Component Designator: Old Designator=C2 New Designator=C12
Change Component Designator: Old Designator=C3 New Designator=C11
Change Component Designator: Old Designator=C10 New Designator=C13
Change Component Designator: Old Designator=C11 New Designator=C14
Change Component Designator: Old Designator=C? New Designator=C1
Change Component Designator: Old Designator=C? New Designator=C2
Change Component Designator: Old Designator=C? New Designator=C3
Change Component Designator: Old Designator=C? New Designator=C4
Change Component Designator: Old Designator=C? New Designator=C5
Change Component Designator: Old Designator=C? New Designator=C6
Change Component Designator: Old Designator=C? New Designator=C7
Change Component Designator: Old Designator=C? New Designator=C8
Change Component Designator: Old Designator=C? New Designator=C9
Change Component Designator: Old Designator=DA1 New Designator=DA2
Change Component Designator: Old Designator=DA2 New Designator=DA1
Change Component Designator: Old Designator=R1 New Designator=R12
Change Component Designator: Old Designator=R2 New Designator=R13
Change Component Designator: Old Designator=R3 New Designator=R11
Change Component Designator: Old Designator=R4 New Designator=R9
Change Component Designator: Old Designator=R5 New Designator=R10
Change Component Designator: Old Designator=R6 New Designator=R14
Change Component Designator: Old Designator=R7 New Designator=R15
Change Component Designator: Old Designator=R? New Designator=R1
Change Component Designator: Old Designator=R? New Designator=R2
Change Component Designator: Old Designator=R? New Designator=R3
Change Component Designator: Old Designator=R? New Designator=R4
Change Component Designator: Old Designator=R? New Designator=R5
Change Component Designator: Old Designator=R? New Designator=R6
Change Component Designator: Old Designator=R? New Designator=R7
Change Component Designator: Old Designator=R? New Designator=R8
Change Component Designator: Old Designator=XS1 New Designator=XS3
Change Component Designator: Old Designator=XS2 New Designator=XS4
Change Component Designator: Old Designator=XS4 New Designator=XS1
Change Component Designator: Old Designator=XS? New Designator=XS2
