Change Component Comment : Designator=C12 Old Comment=100n New Comment=0.1u
Change Component Designator: OldDesignator=C1 NewDesignator=C10
Change Component Designator: OldDesignator=C2 NewDesignator=C11
Change Component Designator: OldDesignator=C3 NewDesignator=C12
Change Component Designator: OldDesignator=C4 NewDesignator=C1
Change Component Designator: OldDesignator=C5 NewDesignator=C2
Change Component Designator: OldDesignator=C6 NewDesignator=C3
Change Component Designator: OldDesignator=C7 NewDesignator=C4
Change Component Designator: OldDesignator=C8 NewDesignator=C5
Change Component Designator: OldDesignator=C9 NewDesignator=C6
Change Component Designator: OldDesignator=C10 NewDesignator=C13
Change Component Designator: OldDesignator=C11 NewDesignator=C14
Change Component Designator: OldDesignator=C12 NewDesignator=C9
Change Component Designator: OldDesignator=C13 NewDesignator=C7
Change Component Designator: OldDesignator=C14 NewDesignator=C8
Change Component Designator: OldDesignator=DA1 NewDesignator=DA2
Change Component Designator: OldDesignator=DA2 NewDesignator=DA1
Change Component Designator: OldDesignator=R1 NewDesignator=R9
Change Component Designator: OldDesignator=R2 NewDesignator=R3
Change Component Designator: OldDesignator=R3 NewDesignator=R11
Change Component Designator: OldDesignator=R4 NewDesignator=R12
Change Component Designator: OldDesignator=R5 NewDesignator=R7
Change Component Designator: OldDesignator=R6 NewDesignator=R14
Change Component Designator: OldDesignator=R7 NewDesignator=R15
Change Component Designator: OldDesignator=R8 NewDesignator=R1
Change Component Designator: OldDesignator=R9 NewDesignator=R6
Change Component Designator: OldDesignator=R10 NewDesignator=R2
Change Component Designator: OldDesignator=R11 NewDesignator=R5
Change Component Designator: OldDesignator=R12 NewDesignator=R10
Change Component Designator: OldDesignator=R14 NewDesignator=R4
Change Component Designator: OldDesignator=R15 NewDesignator=R8
Change Component Designator: OldDesignator=XS1 NewDesignator=XS3
Change Component Designator: OldDesignator=XS2 NewDesignator=XS4
Change Component Designator: OldDesignator=XS3 NewDesignator=XS2
Change Component Designator: OldDesignator=XS4 NewDesignator=XS1
Added Pin To Net: NetName=+5V Pin=C10-2
Added Pin To Net: NetName=+5V Pin=DA2-8
Added Pin To Net: NetName=+5V Pin=R1-2
Added Pin To Net: NetName=+5V Pin=R4-2
Added Pin To Net: NetName=+5V Pin=R6-2
Added Pin To Net: NetName=+5V Pin=R8-2
Added Pin To Net: NetName=+5V Pin=R9-2
Added Pin To Net: NetName=+5V Pin=R14-2
Added Pin To Net: NetName=+5V Pin=R15-2
Added Pin To Net: NetName=+5V Pin=X1-1
Added Pin To Net: NetName=+5V Pin=X1-6
Added Pin To Net: NetName=+5V Pin=X2-2
Added Pin To Net: NetName=+5V Pin=X2-7
Added Pin To Net: NetName=+5V Pin=XS4-3
Added Net: Name=+5V
Added Pin To Net: NetName=+12V Pin=C1-1
Added Pin To Net: NetName=+12V Pin=C2-1
Added Pin To Net: NetName=+12V Pin=C3-1
Added Pin To Net: NetName=+12V Pin=C4-1
Added Pin To Net: NetName=+12V Pin=C5-1
Added Pin To Net: NetName=+12V Pin=C6-1
Added Pin To Net: NetName=+12V Pin=C9-1
Added Pin To Net: NetName=+12V Pin=DA1-5
Added Pin To Net: NetName=+12V Pin=XS1-1
Added Net: Name=+12V
Added Pin To Net: NetName=AN_ACS Pin=C11-2
Added Pin To Net: NetName=AN_ACS Pin=R12-1
Added Pin To Net: NetName=AN_ACS Pin=R13-2
Added Pin To Net: NetName=AN_ACS Pin=X2-1
Added Net: Name=AN_ACS
Added Pin To Net: NetName=ENC_A Pin=C13-1
Added Pin To Net: NetName=ENC_A Pin=R14-1
Added Pin To Net: NetName=ENC_A Pin=X2-4
Added Pin To Net: NetName=ENC_A Pin=XS4-1
Added Net: Name=ENC_A
Added Pin To Net: NetName=ENC_B Pin=C14-2
Added Pin To Net: NetName=ENC_B Pin=R15-1
Added Pin To Net: NetName=ENC_B Pin=X2-3
Added Pin To Net: NetName=ENC_B Pin=XS4-2
Added Net: Name=ENC_B
Added Pin To Net: NetName=GND Pin=C1-2
Added Pin To Net: NetName=GND Pin=C2-2
Added Pin To Net: NetName=GND Pin=C3-2
Added Pin To Net: NetName=GND Pin=C4-2
Added Pin To Net: NetName=GND Pin=C5-2
Added Pin To Net: NetName=GND Pin=C6-2
Added Pin To Net: NetName=GND Pin=C7-1
Added Pin To Net: NetName=GND Pin=C8-1
Added Pin To Net: NetName=GND Pin=C9-2
Added Pin To Net: NetName=GND Pin=C10-1
Added Pin To Net: NetName=GND Pin=C11-1
Added Pin To Net: NetName=GND Pin=C12-1
Added Pin To Net: NetName=GND Pin=C13-2
Added Pin To Net: NetName=GND Pin=C14-1
Added Pin To Net: NetName=GND Pin=DA1-1
Added Pin To Net: NetName=GND Pin=DA1-1
Added Pin To Net: NetName=GND Pin=DA1-1
Added Pin To Net: NetName=GND Pin=DA1-1
Added Pin To Net: NetName=GND Pin=DA1-1
Added Pin To Net: NetName=GND Pin=DA1-1
Added Pin To Net: NetName=GND Pin=DA1-1
Added Pin To Net: NetName=GND Pin=DA1-1
Added Pin To Net: NetName=GND Pin=DA1-1
Added Pin To Net: NetName=GND Pin=DA1-1
Added Pin To Net: NetName=GND Pin=DA1-1
Added Pin To Net: NetName=GND Pin=DA1-1
Added Pin To Net: NetName=GND Pin=DA1-1
Added Pin To Net: NetName=GND Pin=DA1-1
Added Pin To Net: NetName=GND Pin=DA2-5
Added Pin To Net: NetName=GND Pin=R3-1
Added Pin To Net: NetName=GND Pin=R7-1
Added Pin To Net: NetName=GND Pin=R10-1
Added Pin To Net: NetName=GND Pin=R11-2
Added Pin To Net: NetName=GND Pin=R13-1
Added Pin To Net: NetName=GND Pin=X1-8
Added Pin To Net: NetName=GND Pin=X2-8
Added Pin To Net: NetName=GND Pin=XS1-2
Added Pin To Net: NetName=GND Pin=XS4-4
Added Net: Name=GND
Added Pin To Net: NetName=IN1 Pin=DA1-3
Added Pin To Net: NetName=IN1 Pin=X2-6
Added Net: Name=IN1
Added Pin To Net: NetName=IN2 Pin=DA1-2
Added Pin To Net: NetName=IN2 Pin=X2-5
Added Net: Name=IN2
Added Pin To Net: NetName=NetC12_2 Pin=C12-2
Added Pin To Net: NetName=NetC12_2 Pin=DA2-6
Added Net: Name=NetC12_2
Added Pin To Net: NetName=NetDA1_4 Pin=DA1-4
Added Pin To Net: NetName=NetDA1_4 Pin=R9-1
Added Pin To Net: NetName=NetDA1_4 Pin=R10-2
Added Net: Name=NetDA1_4
Added Pin To Net: NetName=NetDA1_6 Pin=DA1-6
Added Pin To Net: NetName=NetDA1_6 Pin=XS3-1
Added Net: Name=NetDA1_6
Added Pin To Net: NetName=NetDA1_7 Pin=DA1-7
Added Pin To Net: NetName=NetDA1_7 Pin=R11-1
Added Net: Name=NetDA1_7
Added Pin To Net: NetName=NetDA1_8 Pin=DA1-8
Added Pin To Net: NetName=NetDA1_8 Pin=DA2-1
Added Pin To Net: NetName=NetDA1_8 Pin=DA2-2
Added Net: Name=NetDA1_8
Added Pin To Net: NetName=NetDA2_3 Pin=DA2-3
Added Pin To Net: NetName=NetDA2_3 Pin=DA2-4
Added Pin To Net: NetName=NetDA2_3 Pin=XS3-2
Added Net: Name=NetDA2_3
Added Pin To Net: NetName=NetDA2_7 Pin=DA2-7
Added Pin To Net: NetName=NetDA2_7 Pin=R12-2
Added Net: Name=NetDA2_7
Added Pin To Net: NetName=TTL_A_IN_GPIO Pin=C7-2
Added Pin To Net: NetName=TTL_A_IN_GPIO Pin=R1-1
Added Pin To Net: NetName=TTL_A_IN_GPIO Pin=R2-1
Added Pin To Net: NetName=TTL_A_IN_GPIO Pin=R3-2
Added Pin To Net: NetName=TTL_A_IN_GPIO Pin=X1-5
Added Net: Name=TTL_A_IN_GPIO
Added Pin To Net: NetName=TTL_A_IN Pin=R2-2
Added Pin To Net: NetName=TTL_A_IN Pin=XS2-1
Added Net: Name=TTL_A_IN
Added Pin To Net: NetName=TTL_A_OUT_GPIO Pin=R6-1
Added Pin To Net: NetName=TTL_A_OUT_GPIO Pin=X1-3
Added Pin To Net: NetName=TTL_A_OUT_GPIO Pin=XS2-3
Added Net: Name=TTL_A_OUT_GPIO
Added Pin To Net: NetName=TTL_B_IN_GPIO Pin=C8-2
Added Pin To Net: NetName=TTL_B_IN_GPIO Pin=R4-1
Added Pin To Net: NetName=TTL_B_IN_GPIO Pin=R5-1
Added Pin To Net: NetName=TTL_B_IN_GPIO Pin=R7-2
Added Pin To Net: NetName=TTL_B_IN_GPIO Pin=X1-4
Added Net: Name=TTL_B_IN_GPIO
Added Pin To Net: NetName=TTL_B_IN Pin=R5-2
Added Pin To Net: NetName=TTL_B_IN Pin=XS2-2
Added Net: Name=TTL_B_IN
Added Pin To Net: NetName=TTL_B_OUT_GPIO Pin=R8-1
Added Pin To Net: NetName=TTL_B_OUT_GPIO Pin=X1-2
Added Pin To Net: NetName=TTL_B_OUT_GPIO Pin=XS2-4
Added Net: Name=TTL_B_OUT_GPIO
Added Member To Class: ClassName=powerful Member=Component C1 22x35
Added Member To Class: ClassName=powerful Member=Component C3 22x35
Added Member To Class: ClassName=powerful Member=Component C5 22x35
Added Member To Class: ClassName=powerful Member=Component C6 22x35
Added Member To Class: ClassName=powerful Member=Component C7 0.01u
Added Member To Class: ClassName=powerful Member=Component C8 0.01u
Added Member To Class: ClassName=powerful Member=Component C9 0.1u
Added Member To Class: ClassName=powerful Member=Component C10 0.1u
Added Member To Class: ClassName=powerful Member=Component C12 1.0n
Added Member To Class: ClassName=powerful Member=Component C13 15p
Added Member To Class: ClassName=powerful Member=Component C14 15p
Added Member To Class: ClassName=powerful Member=Component DA2 ACS712-5
Added Member To Class: ClassName=powerful Member=Component R2 22
Added Member To Class: ClassName=powerful Member=Component R3 10k
Added Member To Class: ClassName=powerful Member=Component R4 5k1
Added Member To Class: ClassName=powerful Member=Component R5 22
Added Member To Class: ClassName=powerful Member=Component R6 5k1
Added Member To Class: ClassName=powerful Member=Component R7 10k
Added Member To Class: ClassName=powerful Member=Component R8 5k1
Added Member To Class: ClassName=powerful Member=Component R9 18k
Added Member To Class: ClassName=powerful Member=Component R10 10k
Added Member To Class: ClassName=powerful Member=Component R11 0.1
Added Member To Class: ClassName=powerful Member=Component R12 18k
Added Member To Class: ClassName=powerful Member=Component R13 10k
Added Member To Class: ClassName=powerful Member=Component R14 10k
Added Member To Class: ClassName=powerful Member=Component R15 10k
Added Member To Class: ClassName=powerful Member=Component XS2 TTL
Added Member To Class: ClassName=powerful Member=Component XS3 OUT
Added Member To Class: ClassName=powerful Member=Component XS4 ENC
