Removed Pin From Net: NetName=AN_ACS Pin=C3-2
Removed Pin From Net: NetName=GND Pin=C10-1
Removed Pin From Net: NetName=ENC_B Pin=C10-2
Removed Pin From Net: NetName=ENC_A Pin=C11-2
Removed Pin From Net: NetName=AN_ACS Pin=R1-1
Removed Pin From Net: NetName=AN_ACS Pin=R2-2
Removed Pin From Net: NetName=+5V Pin=R4-2
Removed Pin From Net: NetName=ENC_B Pin=R6-1
Removed Pin From Net: NetName=ENC_A Pin=R7-1
Removed Pin From Net: NetName=TTL_B_IN_GPIO Pin=R9-1
Removed Pin From Net: NetName=TTL_B_IN_GPIO Pin=R12-2
Removed Pin From Net: NetName=TTL_A_IN_GPIO Pin=R13-2
Change Component Comment : Designator=C12 Old Comment=100n New Comment=0.1u
Change Component Designator: OldDesignator=C1 NewDesignator=C10
Change Component Designator: OldDesignator=C2 NewDesignator=C11
Change Component Designator: OldDesignator=C3 NewDesignator=C12
Change Component Designator: OldDesignator=C4 NewDesignator=C1
Change Component Designator: OldDesignator=C5 NewDesignator=C2
Change Component Designator: OldDesignator=C6 NewDesignator=C3
Change Component Designator: OldDesignator=C7 NewDesignator=C4
Change Component Designator: OldDesignator=C8 NewDesignator=C5
Change Component Designator: OldDesignator=C9 NewDesignator=C6
Change Component Designator: OldDesignator=C10 NewDesignator=C13
Change Component Designator: OldDesignator=C11 NewDesignator=C14
Change Component Designator: OldDesignator=C12 NewDesignator=C9
Change Component Designator: OldDesignator=C13 NewDesignator=C7
Change Component Designator: OldDesignator=C14 NewDesignator=C8
Change Component Designator: OldDesignator=DA1 NewDesignator=DA2
Change Component Designator: OldDesignator=DA2 NewDesignator=DA1
Change Component Designator: OldDesignator=R1 NewDesignator=R9
Change Component Designator: OldDesignator=R2 NewDesignator=R3
Change Component Designator: OldDesignator=R3 NewDesignator=R11
Change Component Designator: OldDesignator=R4 NewDesignator=R12
Change Component Designator: OldDesignator=R5 NewDesignator=R7
Change Component Designator: OldDesignator=R6 NewDesignator=R14
Change Component Designator: OldDesignator=R7 NewDesignator=R15
Change Component Designator: OldDesignator=R8 NewDesignator=R1
Change Component Designator: OldDesignator=R9 NewDesignator=R6
Change Component Designator: OldDesignator=R10 NewDesignator=R2
Change Component Designator: OldDesignator=R11 NewDesignator=R5
Change Component Designator: OldDesignator=R12 NewDesignator=R10
Change Component Designator: OldDesignator=R14 NewDesignator=R4
Change Component Designator: OldDesignator=R15 NewDesignator=R8
Change Component Designator: OldDesignator=XS1 NewDesignator=XS3
Change Component Designator: OldDesignator=XS2 NewDesignator=XS4
Change Component Designator: OldDesignator=XS3 NewDesignator=XS2
Change Component Designator: OldDesignator=XS4 NewDesignator=XS1
Change component parameters: Designator = "C7" ("C4"); Footprint = "CASE D"; UniqueID = "\JYLWQWRA" ("\JYLWQWRA")
Change component parameters (AddParameter): Name = "Case"; Value = ""; VariantName = "[No Variations]"
Change component parameters (AddParameter): Name = "Dielectric"; Value = ""; VariantName = "[No Variations]"
Change component parameters (AddParameter): Name = "ESR"; Value = ""; VariantName = "[No Variations]"
Change component parameters (AddParameter): Name = "Power"; Value = ""; VariantName = "[No Variations]"
Change component parameters (AddParameter): Name = "Temp"; Value = ""; VariantName = "[No Variations]"
Change component parameters (AddParameter): Name = "Tolerance"; Value = ""; VariantName = "[No Variations]"
Change component parameters (AddParameter): Name = "URL"; Value = ""; VariantName = "[No Variations]"
Change component parameters (AddParameter): Name = "Value"; Value = "22x35"; VariantName = "[No Variations]"
Change component parameters (AddParameter): Name = "ValueDescription"; Value = ""; VariantName = "[No Variations]"
Change component parameters (AddParameter): Name = "ValueManufacturer"; Value = ""; VariantName = "[No Variations]"
Change component parameters (AddParameter): Name = "ValueManufacturerPartNumber"; Value = ""; VariantName = "[No Variations]"
Change component parameters (AddParameter): Name = "ValueType"; Value = "Конденсатор"; VariantName = "[No Variations]"
Change component parameters (AddParameter): Name = "Voltage"; Value = ""; VariantName = "[No Variations]"
Change component parameters: Designator = "C8" ("C5"); Footprint = "CASE D"; UniqueID = "\PACOFWZM" ("\PACOFWZM")
Change component parameters (AddParameter): Name = "Case"; Value = ""; VariantName = "[No Variations]"
Change component parameters (AddParameter): Name = "Dielectric"; Value = ""; VariantName = "[No Variations]"
Change component parameters (AddParameter): Name = "ESR"; Value = ""; VariantName = "[No Variations]"
Change component parameters (AddParameter): Name = "Power"; Value = ""; VariantName = "[No Variations]"
Change component parameters (AddParameter): Name = "Temp"; Value = ""; VariantName = "[No Variations]"
Change component parameters (AddParameter): Name = "Tolerance"; Value = ""; VariantName = "[No Variations]"
Change component parameters (AddParameter): Name = "URL"; Value = ""; VariantName = "[No Variations]"
Change component parameters (AddParameter): Name = "Value"; Value = "22x35"; VariantName = "[No Variations]"
Change component parameters (AddParameter): Name = "ValueDescription"; Value = ""; VariantName = "[No Variations]"
Change component parameters (AddParameter): Name = "ValueManufacturer"; Value = ""; VariantName = "[No Variations]"
Change component parameters (AddParameter): Name = "ValueManufacturerPartNumber"; Value = ""; VariantName = "[No Variations]"
Change component parameters (AddParameter): Name = "ValueType"; Value = "Конденсатор"; VariantName = "[No Variations]"
Change component parameters (AddParameter): Name = "Voltage"; Value = ""; VariantName = "[No Variations]"
Change component parameters: Designator = "C9" ("C6"); Footprint = "CASE D"; UniqueID = "\IJEYWNFT" ("\IJEYWNFT")
Change component parameters (AddParameter): Name = "Case"; Value = ""; VariantName = "[No Variations]"
Change component parameters (AddParameter): Name = "Dielectric"; Value = ""; VariantName = "[No Variations]"
Change component parameters (AddParameter): Name = "ESR"; Value = ""; VariantName = "[No Variations]"
Change component parameters (AddParameter): Name = "Power"; Value = ""; VariantName = "[No Variations]"
Change component parameters (AddParameter): Name = "Temp"; Value = ""; VariantName = "[No Variations]"
Change component parameters (AddParameter): Name = "Tolerance"; Value = ""; VariantName = "[No Variations]"
Change component parameters (AddParameter): Name = "URL"; Value = ""; VariantName = "[No Variations]"
Change component parameters (AddParameter): Name = "Value"; Value = "22x35"; VariantName = "[No Variations]"
Change component parameters (AddParameter): Name = "ValueDescription"; Value = ""; VariantName = "[No Variations]"
Change component parameters (AddParameter): Name = "ValueManufacturer"; Value = ""; VariantName = "[No Variations]"
Change component parameters (AddParameter): Name = "ValueManufacturerPartNumber"; Value = ""; VariantName = "[No Variations]"
Change component parameters (AddParameter): Name = "ValueType"; Value = "Конденсатор"; VariantName = "[No Variations]"
Change component parameters (AddParameter): Name = "Voltage"; Value = ""; VariantName = "[No Variations]"
Change component parameters: Designator = "C12" ("C9"); Footprint = "0603_CAP"; UniqueID = "\QVGWPWQK" ("\QVGWPWQK")
Change component parameters (AddParameter): Name = "Case"; Value = "0603"; VariantName = "[No Variations]"
Change component parameters (AddParameter): Name = "Dielectric"; Value = ""; VariantName = "[No Variations]"
Change component parameters (AddParameter): Name = "ESR"; Value = ""; VariantName = "[No Variations]"
Change component parameters (AddParameter): Name = "Package"; Value = ""; VariantName = "[No Variations]"
Change component parameters (AddParameter): Name = "Parameter 1"; Value = ""; VariantName = "[No Variations]"
Change component parameters (AddParameter): Name = "Power"; Value = ""; VariantName = "[No Variations]"
Change component parameters (AddParameter): Name = "Temp"; Value = ""; VariantName = "[No Variations]"
Change component parameters (AddParameter): Name = "Tolerance"; Value = ""; VariantName = "[No Variations]"
Change component parameters (AddParameter): Name = "URL"; Value = ""; VariantName = "[No Variations]"
Change component parameters (AddParameter): Name = "Value"; Value = "0.1u"; VariantName = "[No Variations]"
Change component parameters (AddParameter): Name = "ValueDescription"; Value = ""; VariantName = "[No Variations]"
Change component parameters (AddParameter): Name = "ValueManufacturer"; Value = ""; VariantName = "[No Variations]"
Change component parameters (AddParameter): Name = "ValueManufacturerPartNumber"; Value = ""; VariantName = "[No Variations]"
Change component parameters (AddParameter): Name = "ValueType"; Value = "Конденсатор"; VariantName = "[No Variations]"
Change component parameters (AddParameter): Name = "Voltage"; Value = ""; VariantName = "[No Variations]"
Added Pin To Net: NetName=AN_ACS Pin=C11-2
Added Pin To Net: NetName=ENC_A Pin=C13-1
Added Pin To Net: NetName=GND Pin=C13-2
Added Pin To Net: NetName=ENC_B Pin=C14-2
Added Pin To Net: NetName=TTL_A_IN_GPIO Pin=R3-2
Added Pin To Net: NetName=TTL_B_IN_GPIO Pin=R4-1
Added Pin To Net: NetName=TTL_B_IN_GPIO Pin=R7-2
Added Pin To Net: NetName=+5V Pin=R9-2
Added Pin To Net: NetName=AN_ACS Pin=R12-1
Added Pin To Net: NetName=AN_ACS Pin=R13-2
Added Pin To Net: NetName=ENC_A Pin=R14-1
Added Pin To Net: NetName=ENC_B Pin=R15-1
Change Net Name : Old Net Name=NetDA1_1 New Net Name=NetDA1_8
Change Net Name : Old Net Name=NetDA1_3 New Net Name=NetDA2_3
Change Net Name : Old Net Name=NetDA2_6 New Net Name=NetDA1_6
Change Net Name : Old Net Name=NetDA2_7 New Net Name=NetDA1_7
Added Pin To Net: NetName=NetC12_2 Pin=C12-2
Added Pin To Net: NetName=NetC12_2 Pin=DA2-6
Added Net: Name=NetC12_2
Added Pin To Net: NetName=NetDA1_4 Pin=DA1-4
Added Pin To Net: NetName=NetDA1_4 Pin=R9-1
Added Pin To Net: NetName=NetDA1_4 Pin=R10-2
Added Net: Name=NetDA1_4
Added Pin To Net: NetName=NetDA2_7 Pin=DA2-7
Added Pin To Net: NetName=NetDA2_7 Pin=R12-2
Added Net: Name=NetDA2_7
Added Pin To Net: NetName=TTL_A_OUT_GPIO Pin=R6-1
Added Pin To Net: NetName=TTL_A_OUT_GPIO Pin=X1-3
Added Pin To Net: NetName=TTL_A_OUT_GPIO Pin=XS2-3
Added Net: Name=TTL_A_OUT_GPIO
Added Pin To Net: NetName=TTL_B_OUT_GPIO Pin=R8-1
Added Pin To Net: NetName=TTL_B_OUT_GPIO Pin=X1-2
Added Pin To Net: NetName=TTL_B_OUT_GPIO Pin=XS2-4
Added Net: Name=TTL_B_OUT_GPIO
Added Member To Class: ClassName=powerful Member=Component C7 0.01u
Added Member To Class: ClassName=powerful Member=Component C8 0.01u
Added Member To Class: ClassName=powerful Member=Component C9 0.1u
Added Member To Class: ClassName=powerful Member=Component C10 0.1u
Added Member To Class: ClassName=powerful Member=Component C11 1.0n
Added Member To Class: ClassName=powerful Member=Component C12 1.0n
Added Member To Class: ClassName=powerful Member=Component C13 15p
Added Member To Class: ClassName=powerful Member=Component C14 15p
Added Member To Class: ClassName=powerful Member=Component DA2 ACS712-5
Added Member To Class: ClassName=powerful Member=Component R2 22
Added Member To Class: ClassName=powerful Member=Component R3 10k
Added Member To Class: ClassName=powerful Member=Component R4 5k1
Added Member To Class: ClassName=powerful Member=Component R5 22
Added Member To Class: ClassName=powerful Member=Component R6 5k1
Added Member To Class: ClassName=powerful Member=Component R7 10k
Added Member To Class: ClassName=powerful Member=Component R8 5k1
Added Member To Class: ClassName=powerful Member=Component R9 18k
Added Member To Class: ClassName=powerful Member=Component R10 10k
Added Member To Class: ClassName=powerful Member=Component R11 0.1
Added Member To Class: ClassName=powerful Member=Component R12 18k
Added Member To Class: ClassName=powerful Member=Component R13 10k
Added Member To Class: ClassName=powerful Member=Component R14 10k
Added Member To Class: ClassName=powerful Member=Component R15 10k
Added Member To Class: ClassName=powerful Member=Component XS2 TTL
Added Member To Class: ClassName=powerful Member=Component XS3 OUT
Added Member To Class: ClassName=powerful Member=Component XS4 ENC
