Added Component: Designator=R16(0402_res)
Add component (AddParameter): Name = "Case"; Value = "0402"; VariantName = "[No Variations]"
Add component (AddParameter): Name = "Power"; Value = ""; VariantName = "[No Variations]"
Add component (AddParameter): Name = "Temp"; Value = ""; VariantName = "[No Variations]"
Add component (AddParameter): Name = "Tolerance"; Value = ""; VariantName = "[No Variations]"
Add component (AddParameter): Name = "URL"; Value = ""; VariantName = "[No Variations]"
Add component (AddParameter): Name = "Value"; Value = "10k"; VariantName = "[No Variations]"
Add component (AddParameter): Name = "ValueDescription"; Value = ""; VariantName = "[No Variations]"
Add component (AddParameter): Name = "ValueManufacturer"; Value = ""; VariantName = "[No Variations]"
Add component (AddParameter): Name = "ValueManufacturerPartNumber"; Value = ""; VariantName = "[No Variations]"
Add component (AddParameter): Name = "ValueType"; Value = "Резистор"; VariantName = "[No Variations]"
Added Component: Designator=R17(0402_res)
Add component (AddParameter): Name = "Case"; Value = "0402"; VariantName = "[No Variations]"
Add component (AddParameter): Name = "Power"; Value = ""; VariantName = "[No Variations]"
Add component (AddParameter): Name = "Temp"; Value = ""; VariantName = "[No Variations]"
Add component (AddParameter): Name = "Tolerance"; Value = ""; VariantName = "[No Variations]"
Add component (AddParameter): Name = "URL"; Value = ""; VariantName = "[No Variations]"
Add component (AddParameter): Name = "Value"; Value = "10k"; VariantName = "[No Variations]"
Add component (AddParameter): Name = "ValueDescription"; Value = ""; VariantName = "[No Variations]"
Add component (AddParameter): Name = "ValueManufacturer"; Value = ""; VariantName = "[No Variations]"
Add component (AddParameter): Name = "ValueManufacturerPartNumber"; Value = ""; VariantName = "[No Variations]"
Add component (AddParameter): Name = "ValueType"; Value = "Резистор"; VariantName = "[No Variations]"
Added Pin To Net: NetName=IN1 Pin=R16-1
Added Pin To Net: NetName=+5V Pin=R16-2
Added Pin To Net: NetName=IN2 Pin=R17-1
Added Pin To Net: NetName=+5V Pin=R17-2
Added Member To Class: ClassName=powerful Member=Component C1 22x35
Added Member To Class: ClassName=powerful Member=Component C2 22x35
Added Member To Class: ClassName=powerful Member=Component C6 22x35
Added Member To Class: ClassName=powerful Member=Component C9 0.1u
Added Member To Class: ClassName=powerful Member=Component C10 0.1u
Added Member To Class: ClassName=powerful Member=Component C11 1.0n
Added Member To Class: ClassName=powerful Member=Component DA1 A4950ELJTR-T
Added Member To Class: ClassName=powerful Member=Component R4 5k1
Added Member To Class: ClassName=powerful Member=Component R7 10k
Added Member To Class: ClassName=powerful Member=Component R8 5k1
Added Member To Class: ClassName=powerful Member=Component R9 18k
Added Member To Class: ClassName=powerful Member=Component R10 10k
Added Member To Class: ClassName=powerful Member=Component R11 0.1
Added Member To Class: ClassName=powerful Member=Component R13 10k
Added Member To Class: ClassName=powerful Member=Component R15 10k
Added Member To Class: ClassName=powerful Member=Component R16 10k
Added Member To Class: ClassName=powerful Member=Component R17 10k
Added Member To Class: ClassName=powerful Member=Component XS3 OUT
