Removed Pin From Net: NetName=+12V Pin=C4-1
Removed Pin From Net: NetName=GND Pin=C4-2
Removed Pin From Net: NetName=TTL_B_IN_GPIO Pin=C14-1
Removed Pin From Net: NetName=GND Pin=C14-2
Removed Pin From Net: NetName=TTL_A_IN_GPIO Pin=C15-1
Removed Pin From Net: NetName=GND Pin=C15-2
Removed Pin From Net: NetName=+12V Pin=C16-1
Removed Pin From Net: NetName=GND Pin=C16-2
Removed Pin From Net: NetName=TTL_B_OUT Pin=R15-2
Removed Pin From Net: NetName=TTL_A_OUT Pin=R17-2
Removed Pin From Net: NetName=3V3 Pin=X1-1
Removed Pin From Net: NetName=IN1 Pin=X1-2
Removed Pin From Net: NetName=IN2 Pin=X1-3
Removed Pin From Net: NetName=AN_ACS Pin=X1-6
Removed Pin From Net: NetName=+5V Pin=X1-7
Removed Pin From Net: NetName=ENC_A Pin=X2-1
Removed Pin From Net: NetName=ENC_B Pin=X2-2
Removed Member From Class: ClassName=powerful Member=C4
Removed Member From Class: ClassName=powerful Member=C14
Removed Member From Class: ClassName=powerful Member=C15
Removed Member From Class: ClassName=powerful Member=C16
Removed Member From Class: ClassName=powerful Member=R15
Removed Member From Class: ClassName=powerful Member=R17
Added Pin To Net: NetName=TTL_B_OUT Pin=R14-1
Added Pin To Net: NetName=TTL_A_OUT Pin=R16-1
Added Pin To Net: NetName=AN_ACS Pin=X1-1
Added Pin To Net: NetName=+5V Pin=X1-2
Added Pin To Net: NetName=ENC_B Pin=X1-3
Added Pin To Net: NetName=ENC_A Pin=X1-4
Added Pin To Net: NetName=IN2 Pin=X1-5
Added Pin To Net: NetName=IN1 Pin=X1-6
Added Pin To Net: NetName=3V3 Pin=X1-7
Added Pin To Net: NetName=TTL_A_OUT Pin=X2-3
Added Pin To Net: NetName=TTL_B_OUT Pin=X2-4
