Removed Pin From Net: NetName=AN_ACS Pin=X1-1
Removed Pin From Net: NetName=+5V Pin=X1-2
Removed Pin From Net: NetName=ENC_B Pin=X1-3
Removed Pin From Net: NetName=ENC_A Pin=X1-4
Removed Pin From Net: NetName=IN2 Pin=X1-5
Removed Pin From Net: NetName=IN1 Pin=X1-6
Removed Pin From Net: NetName=3V3 Pin=X1-7
Removed Pin From Net: NetName=TTL_A_OUT Pin=X2-3
Removed Pin From Net: NetName=TTL_B_OUT Pin=X2-4
Removed Pin From Net: NetName=TTL_B_IN_GPIO Pin=X2-5
Removed Pin From Net: NetName=TTL_A_IN_GPIO Pin=X2-6
Added Pin To Net: NetName=TTL_A_OUT Pin=X1-3
Added Pin To Net: NetName=TTL_B_OUT Pin=X1-4
Added Pin To Net: NetName=TTL_B_IN_GPIO Pin=X1-5
Added Pin To Net: NetName=TTL_A_IN_GPIO Pin=X1-6
Added Pin To Net: NetName=AN_ACS Pin=X2-1
Added Pin To Net: NetName=+5V Pin=X2-2
Added Pin To Net: NetName=ENC_B Pin=X2-3
Added Pin To Net: NetName=ENC_A Pin=X2-4
Added Pin To Net: NetName=IN2 Pin=X2-5
Added Pin To Net: NetName=IN1 Pin=X2-6
Added Pin To Net: NetName=3V3 Pin=X2-7
