Change Component Designator: Old Designator=C1 New Designator=C6
Change Component Designator: Old Designator=C4 New Designator=C7
Change Component Designator: Old Designator=C5 New Designator=C8
Change Component Designator: Old Designator=C7 New Designator=C9
Change Component Designator: Old Designator=C8 New Designator=C10
Change Component Designator: Old Designator=C9 New Designator=C11
Change Component Designator: Old Designator=C10 New Designator=C12
Change Component Designator: Old Designator=C11 New Designator=C13
Change Component Designator: Old Designator=C12 New Designator=C14
Change Component Designator: Old Designator=C13 New Designator=C15
Change Component Designator: Old Designator=C14 New Designator=C16
Change Component Designator: Old Designator=C15 New Designator=C17
Change Component Designator: Old Designator=C16 New Designator=C18
Change Component Designator: Old Designator=C19 New Designator=C21
Change Component Designator: Old Designator=C? New Designator=C1
Change Component Designator: Old Designator=C? New Designator=C2
Change Component Designator: Old Designator=C? New Designator=C3
Change Component Designator: Old Designator=C? New Designator=C4
Change Component Designator: Old Designator=C? New Designator=C5
Change Component Designator: Old Designator=C? New Designator=C19
Change Component Designator: Old Designator=C? New Designator=C20
Change Component Designator: Old Designator=DA? New Designator=DA1
Change Component Designator: Old Designator=HL1 New Designator=HL2
Change Component Designator: Old Designator=HL? New Designator=HL1
Change Component Designator: Old Designator=R1 New Designator=R2
Change Component Designator: Old Designator=R2 New Designator=R3
Change Component Designator: Old Designator=R3 New Designator=R4
Change Component Designator: Old Designator=R6 New Designator=R5
Change Component Designator: Old Designator=R8 New Designator=R6
Change Component Designator: Old Designator=R10 New Designator=R7
Change Component Designator: Old Designator=R11 New Designator=R8
Change Component Designator: Old Designator=R12 New Designator=R9
Change Component Designator: Old Designator=R13 New Designator=R10
Change Component Designator: Old Designator=R14 New Designator=R11
Change Component Designator: Old Designator=R15 New Designator=R12
Change Component Designator: Old Designator=R16 New Designator=R13
Change Component Designator: Old Designator=R17 New Designator=R14
Change Component Designator: Old Designator=R18 New Designator=R15
Change Component Designator: Old Designator=R19 New Designator=R16
Change Component Designator: Old Designator=R20 New Designator=R17
Change Component Designator: Old Designator=R21 New Designator=R18
Change Component Designator: Old Designator=R22 New Designator=R19
Change Component Designator: Old Designator=R23 New Designator=R20
Change Component Designator: Old Designator=R24 New Designator=R21
Change Component Designator: Old Designator=R25 New Designator=R22
Change Component Designator: Old Designator=R27 New Designator=R23
Change Component Designator: Old Designator=R28 New Designator=R24
Change Component Designator: Old Designator=R32 New Designator=R25
Change Component Designator: Old Designator=R38 New Designator=R26
Change Component Designator: Old Designator=R39 New Designator=R27
Change Component Designator: Old Designator=R41 New Designator=R28
Change Component Designator: Old Designator=R? New Designator=R1
Change Component Designator: Old Designator=XS3 New Designator=XS2
Change Component Designator: Old Designator=XS4 New Designator=XS3
Change Component Designator: Old Designator=XS5 New Designator=XS4
Change Component Designator: Old Designator=XS6 New Designator=XS5
Change Component Designator: Old Designator=XS8 New Designator=XS6
Change Component Designator: Old Designator=XS? New Designator=XS7
