Removed Pin From Net: NetName=+5V Pin=C1-1
Removed Pin From Net: NetName=GND Pin=C1-2
Change Component Designator: OldDesignator=C2 NewDesignator=C1
Change Component Designator: OldDesignator=C3 NewDesignator=C2
Change Component Designator: OldDesignator=C4 NewDesignator=C3
Change Component Designator: OldDesignator=C5 NewDesignator=C4
Change Component Designator: OldDesignator=C6 NewDesignator=C5
Change Component Designator: OldDesignator=C7 NewDesignator=C6
Change Component Designator: OldDesignator=C8 NewDesignator=C7
Change Component Designator: OldDesignator=C9 NewDesignator=C8
Change Component Designator: OldDesignator=C10 NewDesignator=C9
Change Component Designator: OldDesignator=C11 NewDesignator=C10
Change Component Designator: OldDesignator=C12 NewDesignator=C11
Change Component Designator: OldDesignator=C13 NewDesignator=C12
Change Component Designator: OldDesignator=C14 NewDesignator=C13
Change Component Designator: OldDesignator=C15 NewDesignator=C14
Change Component Designator: OldDesignator=C16 NewDesignator=C15
Change Component Designator: OldDesignator=C17 NewDesignator=C16
Change Component Designator: OldDesignator=C18 NewDesignator=C17
Change Component Designator: OldDesignator=C19 NewDesignator=C18
Change Component Designator: OldDesignator=C20 NewDesignator=C19
Change Component Designator: OldDesignator=C21 NewDesignator=C20
Change Net Name : Old Net Name=NetC6_1 New Net Name=NetC5_1
Change Net Name : Old Net Name=NetC6_2 New Net Name=NetC5_2
Change Net Name : Old Net Name=NetC9_1 New Net Name=NetC8_1
Change Net Name : Old Net Name=NetC16_1 New Net Name=NetC15_1
Change Net Name : Old Net Name=NetC17_1 New Net Name=NetC16_1
Change Net Name : Old Net Name=NetC18_1 New Net Name=NetC17_1
Added Member To Class: ClassName=Drive Member=Component C3 10.0
Added Member To Class: ClassName=Drive Member=Component C4 0.1
Added Member To Class: ClassName=Drive Member=Component C5 1.8n
Added Member To Class: ClassName=Drive Member=Component C6 0.1u
Added Member To Class: ClassName=Drive Member=Component C9 100n
Added Member To Class: ClassName=Drive Member=Component C10 4.7u
Added Member To Class: ClassName=Drive Member=Component C11 0.1u
Added Member To Class: ClassName=Drive Member=Component C12 0.1u
Added Member To Class: ClassName=Drive Member=Component C14 0.1u
Added Member To Class: ClassName=Drive Member=Component C15 18p
Added Member To Class: ClassName=Drive Member=Component C16 18p
Added Member To Class: ClassName=Drive Member=Component C17 4700p
Added Member To Class: ClassName=Drive Member=Component C18 0.1u
Added Member To Class: ClassName=Drive Member=Component HL1 «елЄный
Added Member To Class: ClassName=Drive Member=Component R1 470
Added Member To Class: ClassName=Drive Member=Component R2 4k7
Added Member To Class: ClassName=Drive Member=Component R3 120
Added Member To Class: ClassName=Drive Member=Component R4 4k7
Added Member To Class: ClassName=Drive Member=Component R5 10k
Added Member To Class: ClassName=Drive Member=Component R7 2к
Added Member To Class: ClassName=Drive Member=Component R9 22
Added Member To Class: ClassName=Drive Member=Component R11 5k1
Added Member To Class: ClassName=Drive Member=Component R16 5k
Added Member To Class: ClassName=Drive Member=Component R17 22
Added Member To Class: ClassName=Drive Member=Component R22 220
Added Member To Class: ClassName=Drive Member=Component R24 62
Added Member To Class: ClassName=Drive Member=Component R26 10k
Added Member To Class: ClassName=Drive Member=Component R28 10k
Added Member To Class: ClassName=Drive Member=Component XS2 I2C or UART
Added Member To Class: ClassName=Drive Member=Component XS4 SPI
Added Member To Class: ClassName=Drive Member=Component XS6 SWD
