Removed Member From Class: ClassName=Drive Member=C28
Removed Member From Class: ClassName=Drive Member=C30
Removed Member From Class: ClassName=Drive Member=C31
Removed Member From Class: ClassName=Drive Member=C33
Removed Member From Class: ClassName=Drive Member=R44
Removed Member From Class: ClassName=Drive Member=R45
Removed Member From Class: ClassName=Drive Member=R46
Removed Member From Class: ClassName=Drive Member=R47
Removed Member From Class: ClassName=Drive Member=XS11
Change Component Designator: OldDesignator=C1 NewDesignator=C23
Change Component Designator: OldDesignator=C3 NewDesignator=C26
Change Component Designator: OldDesignator=C8 NewDesignator=C15
Change Component Designator: OldDesignator=C10 NewDesignator=C14
Change Component Designator: OldDesignator=C11 NewDesignator=C18
Change Component Designator: OldDesignator=C12 NewDesignator=C19
Change Component Designator: OldDesignator=C13 NewDesignator=C16
Change Component Designator: OldDesignator=C14 NewDesignator=C20
Change Component Designator: OldDesignator=C15 NewDesignator=C11
Change Component Designator: OldDesignator=C16 NewDesignator=C17
Change Component Designator: OldDesignator=C17 NewDesignator=C6
Change Component Designator: OldDesignator=C18 NewDesignator=C12
Change Component Designator: OldDesignator=C19 NewDesignator=C21
Change Component Designator: OldDesignator=C20 NewDesignator=C22
Change Component Designator: OldDesignator=C22 NewDesignator=C7
Change Component Designator: OldDesignator=C24 NewDesignator=C8
Change Component Designator: OldDesignator=C26 NewDesignator=C1
Change Component Designator: OldDesignator=C27 NewDesignator=C9
Change Component Designator: OldDesignator=C28 NewDesignator=C10
Change Component Designator: OldDesignator=C29 NewDesignator=C2
Change Component Designator: OldDesignator=C30 NewDesignator=C24
Change Component Designator: OldDesignator=C31 NewDesignator=C3
Change Component Designator: OldDesignator=C32 NewDesignator=C4
Change Component Designator: OldDesignator=C33 NewDesignator=C13
Change Component Designator: OldDesignator=C34 NewDesignator=C5
Change Component Designator: OldDesignator=DA4 NewDesignator=DA1
Change Component Designator: OldDesignator=DD1 NewDesignator=DD3
Change Component Designator: OldDesignator=DD3 NewDesignator=DD1
Change Component Designator: OldDesignator=HL1 NewDesignator=HL2
Change Component Designator: OldDesignator=HL2 NewDesignator=HL1
Change Component Designator: OldDesignator=R5 NewDesignator=R28
Change Component Designator: OldDesignator=R6 NewDesignator=R29
Change Component Designator: OldDesignator=R7 NewDesignator=R42
Change Component Designator: OldDesignator=R8 NewDesignator=R39
Change Component Designator: OldDesignator=R9 NewDesignator=R25
Change Component Designator: OldDesignator=R10 NewDesignator=R33
Change Component Designator: OldDesignator=R11 NewDesignator=R40
Change Component Designator: OldDesignator=R12 NewDesignator=R15
Change Component Designator: OldDesignator=R14 NewDesignator=R18
Change Component Designator: OldDesignator=R16 NewDesignator=R2
Change Component Designator: OldDesignator=R17 NewDesignator=R16
Change Component Designator: OldDesignator=R18 NewDesignator=R3
Change Component Designator: OldDesignator=R19 NewDesignator=R4
Change Component Designator: OldDesignator=R20 NewDesignator=R7
Change Component Designator: OldDesignator=R21 NewDesignator=R17
Change Component Designator: OldDesignator=R22 NewDesignator=R26
Change Component Designator: OldDesignator=R23 NewDesignator=R9
Change Component Designator: OldDesignator=R25 NewDesignator=R38
Change Component Designator: OldDesignator=R26 NewDesignator=R11
Change Component Designator: OldDesignator=R27 NewDesignator=R41
Change Component Designator: OldDesignator=R28 NewDesignator=R8
Change Component Designator: OldDesignator=R29 NewDesignator=R10
Change Component Designator: OldDesignator=R30 NewDesignator=R23
Change Component Designator: OldDesignator=R31 NewDesignator=R35
Change Component Designator: OldDesignator=R32 NewDesignator=R31
Change Component Designator: OldDesignator=R33 NewDesignator=R12
Change Component Designator: OldDesignator=R34 NewDesignator=R32
Change Component Designator: OldDesignator=R35 NewDesignator=R22
Change Component Designator: OldDesignator=R36 NewDesignator=R13
Change Component Designator: OldDesignator=R37 NewDesignator=R14
Change Component Designator: OldDesignator=R38 NewDesignator=R21
Change Component Designator: OldDesignator=R39 NewDesignator=R5
Change Component Designator: OldDesignator=R40 NewDesignator=R6
Change Component Designator: OldDesignator=R41 NewDesignator=R36
Change Component Designator: OldDesignator=R42 NewDesignator=R37
Change Component Designator: OldDesignator=R43 NewDesignator=R19
Change Component Designator: OldDesignator=R44 NewDesignator=R34
Change Component Designator: OldDesignator=R45 NewDesignator=R27
Change Component Designator: OldDesignator=R46 NewDesignator=R20
Change Component Designator: OldDesignator=R47 NewDesignator=R30
Change Component Designator: OldDesignator=R48 NewDesignator=R1
Change Component Designator: OldDesignator=XS1 NewDesignator=XS7
Change Component Designator: OldDesignator=XS2 NewDesignator=XS9
Change Component Designator: OldDesignator=XS4 NewDesignator=XS5
Change Component Designator: OldDesignator=XS5 NewDesignator=XS2
Change Component Designator: OldDesignator=XS7 NewDesignator=XS1
Change Component Designator: OldDesignator=XS8 NewDesignator=XS4
Change Component Designator: OldDesignator=XS9 NewDesignator=XS6
Change Component Designator: OldDesignator=XS10 NewDesignator=XS3
Change Component Designator: OldDesignator=XS11 NewDesignator=XS8
Change component parameters: Designator = "ZQ1" ("ZQ1"); Footprint = "KX-7T"; UniqueID = "\XDWKFRAC" ("\XDWKFRAC")
Change component parameters (AddParameter): Name = "Case"; Value = ""; VariantName = "[No Variations]"
Change component parameters (AddParameter): Name = "Temp"; Value = ""; VariantName = "[No Variations]"
Change component parameters (AddParameter): Name = "Tolerance"; Value = ""; VariantName = "[No Variations]"
Change component parameters (AddParameter): Name = "URL"; Value = ""; VariantName = "[No Variations]"
Change component parameters (AddParameter): Name = "Value"; Value = "8Mhz"; VariantName = "[No Variations]"
Change component parameters (AddParameter): Name = "ValueDescription"; Value = ""; VariantName = "[No Variations]"
Change component parameters (AddParameter): Name = "ValueManufacturer"; Value = ""; VariantName = "[No Variations]"
Change component parameters (AddParameter): Name = "ValueManufacturerPartNumber"; Value = ""; VariantName = "[No Variations]"
Change component parameters (AddParameter): Name = "ValueType"; Value = " варцевый резонатор"; VariantName = "[No Variations]"
Added Component: Designator=X1(PBD_8_2mm)
Add component (AddParameter): Name = "System"; Value = "Connector"; VariantName = "[No Variations]"
Added Component: Designator=X2(PBD_8_2mm)
Add component (AddParameter): Name = "System"; Value = "Connector"; VariantName = "[No Variations]"
Change Net Name : Old Net Name=NetC1_1 New Net Name=NetC23_1
Change Net Name : Old Net Name=NetC10_1 New Net Name=NetC14_1
Change Net Name : Old Net Name=NetC17_1 New Net Name=NetC6_1
Change Net Name : Old Net Name=NetC17_2 New Net Name=NetC6_2
Change Net Name : Old Net Name=NetC19_1 New Net Name=NetC21_1
Change Net Name : Old Net Name=NetC20_1 New Net Name=NetC22_1
Change Net Name : Old Net Name=NetC27_2 New Net Name=NetC9_2
Change Net Name : Old Net Name=NetC28_2 New Net Name=NetC10_2
Change Net Name : Old Net Name=NetDD1_5 New Net Name=NetDD3_5
Change Net Name : Old Net Name=NetDD1_6 New Net Name=NetDD3_6
Change Net Name : Old Net Name=NetDD1_7 New Net Name=NetDD3_7
Change Net Name : Old Net Name=NetDD1_8 New Net Name=NetDD3_8
Change Net Name : Old Net Name=NetDD3_5 New Net Name=NetDD1_5
Change Net Name : Old Net Name=NetDD3_6 New Net Name=NetDD1_6
Change Net Name : Old Net Name=NetDD3_8 New Net Name=NetDD1_8
Change Net Name : Old Net Name=NetHL1_K New Net Name=NetHL2_K
Change Net Name : Old Net Name=NetHL2_K New Net Name=NetHL1_K
Change Net Name : Old Net Name=NetR12_2 New Net Name=NetR15_2
Change Net Name : Old Net Name=NetR17_2 New Net Name=NetR16_2
Change Net Name : Old Net Name=NetR24_1 New Net Name=NetR19_1
Change Net Name : Old Net Name=NetR30_2 New Net Name=NetR23_2
Change Net Name : Old Net Name=NetR35_2 New Net Name=NetR20_1
Change Net Name : Old Net Name=NetR36_1 New Net Name=NetR13_1
Change Net Name : Old Net Name=NetR37_1 New Net Name=NetR14_1
Change Net Name : Old Net Name=NetR38_2 New Net Name=NetR21_2
Added Member To Class: ClassName=Drive Member=Component C17 0.1u
Added Member To Class: ClassName=Drive Member=Component C21 18p
Added Member To Class: ClassName=Drive Member=Component C22 18p
Added Member To Class: ClassName=Drive Member=Component C23 4700p
Added Member To Class: ClassName=Drive Member=Component R15 5k1
Added Member To Class: ClassName=Drive Member=Component R18 10k
Added Member To Class: ClassName=Drive Member=Component R38 5k1
Added Member To Class: ClassName=Drive Member=Component R41 22
Added Member To Class: ClassName=Drive Member=Component X1 PBD-8
Added Member To Class: ClassName=Drive Member=Component X2 PBD-8
Added Member To Class: ClassName=Drive Member=Component XS9 SWD
