Removed Pin From Net: NetName=+5V Pin=C1-1
Removed Pin From Net: NetName=GND Pin=C1-2
Removed Pin From Net: NetName=3V3 Pin=C2-1
Removed Pin From Net: NetName=GND Pin=C2-2
Removed Pin From Net: NetName=3V3 Pin=C3-1
Removed Pin From Net: NetName=GND Pin=C3-2
Removed Pin From Net: NetName=3V3 Pin=C4-1
Removed Pin From Net: NetName=GND Pin=C4-2
Removed Pin From Net: NetName=3V3 Pin=C5-1
Removed Pin From Net: NetName=GND Pin=C5-2
Removed Pin From Net: NetName=+5V Pin=C7-1
Removed Pin From Net: NetName=GND Pin=C7-2
Removed Pin From Net: NetName=+5V Pin=C8-1
Removed Pin From Net: NetName=GND Pin=C8-2
Removed Pin From Net: NetName=GND Pin=DA1-1
Removed Pin From Net: NetName=3V3 Pin=DA1-2
Removed Pin From Net: NetName=3V3 Pin=DA1-2
Removed Pin From Net: NetName=+5V Pin=DA1-3
Removed Pin From Net: NetName=3V3 Pin=HL1-A
Removed Pin From Net: NetName=GND Pin=R1-1
Removed Pin From Net: NetName=+5V Pin=XS1-1
Removed Pin From Net: NetName=GND Pin=XS1-2
Removed Member From Class: ClassName=Drive Member=C20
Removed Member From Class: ClassName=Drive Member=C21
Removed Member From Class: ClassName=Drive Member=C22
Removed Member From Class: ClassName=Drive Member=C23
Removed Member From Class: ClassName=Drive Member=C24
Removed Member From Class: ClassName=Drive Member=C25
Removed Member From Class: ClassName=Drive Member=C26
Removed Member From Class: ClassName=Drive Member=DA1
Removed Member From Class: ClassName=Drive Member=HL2
Removed Member From Class: ClassName=Drive Member=R42
Removed Member From Class: ClassName=Drive Member=XS9
Change Component Designator: OldDesignator=C6 NewDesignator=C1
Change Component Designator: OldDesignator=C9 NewDesignator=C2
Change Component Designator: OldDesignator=C10 NewDesignator=C3
Change Component Designator: OldDesignator=C11 NewDesignator=C4
Change Component Designator: OldDesignator=C12 NewDesignator=C5
Change Component Designator: OldDesignator=C13 NewDesignator=C6
Change Component Designator: OldDesignator=C14 NewDesignator=C7
Change Component Designator: OldDesignator=C15 NewDesignator=C8
Change Component Designator: OldDesignator=C16 NewDesignator=C9
Change Component Designator: OldDesignator=C17 NewDesignator=C10
Change Component Designator: OldDesignator=C18 NewDesignator=C11
Change Component Designator: OldDesignator=C19 NewDesignator=C12
Change Component Designator: OldDesignator=C20 NewDesignator=C13
Change Component Designator: OldDesignator=C21 NewDesignator=C14
Change Component Designator: OldDesignator=C22 NewDesignator=C15
Change Component Designator: OldDesignator=C23 NewDesignator=C16
Change Component Designator: OldDesignator=C24 NewDesignator=C17
Change Component Designator: OldDesignator=C25 NewDesignator=C18
Change Component Designator: OldDesignator=C26 NewDesignator=C19
Change Component Designator: OldDesignator=HL2 NewDesignator=HL1
Change Component Designator: OldDesignator=R2 NewDesignator=R1
Change Component Designator: OldDesignator=R3 NewDesignator=R2
Change Component Designator: OldDesignator=R4 NewDesignator=R3
Change Component Designator: OldDesignator=R5 NewDesignator=R4
Change Component Designator: OldDesignator=R6 NewDesignator=R5
Change Component Designator: OldDesignator=R7 NewDesignator=R6
Change Component Designator: OldDesignator=R8 NewDesignator=R7
Change Component Designator: OldDesignator=R9 NewDesignator=R8
Change Component Designator: OldDesignator=R10 NewDesignator=R9
Change Component Designator: OldDesignator=R11 NewDesignator=R10
Change Component Designator: OldDesignator=R12 NewDesignator=R11
Change Component Designator: OldDesignator=R13 NewDesignator=R12
Change Component Designator: OldDesignator=R14 NewDesignator=R13
Change Component Designator: OldDesignator=R15 NewDesignator=R14
Change Component Designator: OldDesignator=R16 NewDesignator=R15
Change Component Designator: OldDesignator=R17 NewDesignator=R16
Change Component Designator: OldDesignator=R18 NewDesignator=R17
Change Component Designator: OldDesignator=R19 NewDesignator=R18
Change Component Designator: OldDesignator=R20 NewDesignator=R19
Change Component Designator: OldDesignator=R21 NewDesignator=R20
Change Component Designator: OldDesignator=R22 NewDesignator=R21
Change Component Designator: OldDesignator=R23 NewDesignator=R22
Change Component Designator: OldDesignator=R24 NewDesignator=R23
Change Component Designator: OldDesignator=R25 NewDesignator=R24
Change Component Designator: OldDesignator=R26 NewDesignator=R25
Change Component Designator: OldDesignator=R27 NewDesignator=R26
Change Component Designator: OldDesignator=R28 NewDesignator=R27
Change Component Designator: OldDesignator=R29 NewDesignator=R28
Change Component Designator: OldDesignator=R30 NewDesignator=R29
Change Component Designator: OldDesignator=R31 NewDesignator=R30
Change Component Designator: OldDesignator=R32 NewDesignator=R31
Change Component Designator: OldDesignator=R33 NewDesignator=R32
Change Component Designator: OldDesignator=R34 NewDesignator=R33
Change Component Designator: OldDesignator=R35 NewDesignator=R34
Change Component Designator: OldDesignator=R36 NewDesignator=R35
Change Component Designator: OldDesignator=R37 NewDesignator=R36
Change Component Designator: OldDesignator=R38 NewDesignator=R37
Change Component Designator: OldDesignator=R39 NewDesignator=R38
Change Component Designator: OldDesignator=R40 NewDesignator=R39
Change Component Designator: OldDesignator=R41 NewDesignator=R40
Change Component Designator: OldDesignator=R42 NewDesignator=R41
Change Component Designator: OldDesignator=XS2 NewDesignator=XS1
Change Component Designator: OldDesignator=XS3 NewDesignator=XS2
Change Component Designator: OldDesignator=XS4 NewDesignator=XS3
Change Component Designator: OldDesignator=XS5 NewDesignator=XS4
Change Component Designator: OldDesignator=XS6 NewDesignator=XS5
Change Component Designator: OldDesignator=XS7 NewDesignator=XS6
Change Component Designator: OldDesignator=XS8 NewDesignator=XS7
Change Component Designator: OldDesignator=XS9 NewDesignator=XS8
Change Net Name : Old Net Name=NetC6_1 New Net Name=NetC1_1
Change Net Name : Old Net Name=NetC6_2 New Net Name=NetC1_2
Change Net Name : Old Net Name=NetC9_2 New Net Name=NetC2_2
Change Net Name : Old Net Name=NetC10_2 New Net Name=NetC3_2
Change Net Name : Old Net Name=NetC14_1 New Net Name=NetC7_1
Change Net Name : Old Net Name=NetC21_1 New Net Name=NetC14_1
Change Net Name : Old Net Name=NetC22_1 New Net Name=NetC15_1
Change Net Name : Old Net Name=NetC23_1 New Net Name=NetC16_1
Change Net Name : Old Net Name=NetHL2_K New Net Name=NetHL1_K
Change Net Name : Old Net Name=NetR13_1 New Net Name=NetR12_1
Change Net Name : Old Net Name=NetR14_1 New Net Name=NetR13_1
Change Net Name : Old Net Name=NetR15_2 New Net Name=NetR14_2
Change Net Name : Old Net Name=NetR16_2 New Net Name=NetR15_2
Change Net Name : Old Net Name=NetR19_1 New Net Name=NetR18_1
Change Net Name : Old Net Name=NetR20_1 New Net Name=NetR19_1
Change Net Name : Old Net Name=NetR21_2 New Net Name=NetR20_2
Change Net Name : Old Net Name=NetR23_2 New Net Name=NetR22_2
