Removed Pin From Net: NetName=+5V Pin=X1-1
Removed Pin From Net: NetName=GND Pin=X1-2
Added Pin To Net: NetName=IN1 Pin=X1-1
Added Pin To Net: NetName=IN2 Pin=X1-2
Added Pin To Net: NetName=+5V Pin=X1-7
Added Pin To Net: NetName=GND Pin=X1-8
Added Member To Class: ClassName=Drive Member=Component B1 BLM18PG181SN1D
Added Member To Class: ClassName=Drive Member=Component C1 47u
Added Member To Class: ClassName=Drive Member=Component C2 47u
Added Member To Class: ClassName=Drive Member=Component C3 10u
Added Member To Class: ClassName=Drive Member=Component C4 0.1u
Added Member To Class: ClassName=Drive Member=Component C5 1.8n
Added Member To Class: ClassName=Drive Member=Component C6 0.1u
Added Member To Class: ClassName=Drive Member=Component C7 0.1u
Added Member To Class: ClassName=Drive Member=Component C8 2.2u
Added Member To Class: ClassName=Drive Member=Component C9 100n
Added Member To Class: ClassName=Drive Member=Component C10 4.7u
Added Member To Class: ClassName=Drive Member=Component C11 0.1u
Added Member To Class: ClassName=Drive Member=Component C12 0.1u
Added Member To Class: ClassName=Drive Member=Component C13 0.1u
Added Member To Class: ClassName=Drive Member=Component C14 0.1u
Added Member To Class: ClassName=Drive Member=Component C15 18p
Added Member To Class: ClassName=Drive Member=Component C16 18p
Added Member To Class: ClassName=Drive Member=Component C17 4700p
Added Member To Class: ClassName=Drive Member=Component C18 0.1u
Added Member To Class: ClassName=Drive Member=Component C19 22Ux16V
Added Member To Class: ClassName=Drive Member=Component C20 100n
Added Member To Class: ClassName=Drive Member=Component DA1 1117M3-L-3-3
Added Member To Class: ClassName=Drive Member=Component DD1 MAX3490EESA
Added Member To Class: ClassName=Drive Member=Component DD2 GD32F303C
Added Member To Class: ClassName=Drive Member=Component DD3 SN65HVD230DR
Added Member To Class: ClassName=Drive Member=Component HL1 «елЄный
Added Member To Class: ClassName=Drive Member=Component HL2 «елЄный
Added Member To Class: ClassName=Drive Member=Component R1 470
Added Member To Class: ClassName=Drive Member=Component R2 4k7
Added Member To Class: ClassName=Drive Member=Component R3 120
Added Member To Class: ClassName=Drive Member=Component R4 4k7
Added Member To Class: ClassName=Drive Member=Component R5 10k
Added Member To Class: ClassName=Drive Member=Component R6 470
Added Member To Class: ClassName=Drive Member=Component R7 2к
Added Member To Class: ClassName=Drive Member=Component R8 2к
Added Member To Class: ClassName=Drive Member=Component R9 22
Added Member To Class: ClassName=Drive Member=Component R10 22
Added Member To Class: ClassName=Drive Member=Component R11 5k1
Added Member To Class: ClassName=Drive Member=Component R12 220
Added Member To Class: ClassName=Drive Member=Component R13 10k
Added Member To Class: ClassName=Drive Member=Component R14 10k
Added Member To Class: ClassName=Drive Member=Component R15 5k
Added Member To Class: ClassName=Drive Member=Component R16 5k
Added Member To Class: ClassName=Drive Member=Component R17 22
Added Member To Class: ClassName=Drive Member=Component R18 22
Added Member To Class: ClassName=Drive Member=Component R19 22
Added Member To Class: ClassName=Drive Member=Component R20 22
Added Member To Class: ClassName=Drive Member=Component R21 10k
Added Member To Class: ClassName=Drive Member=Component R22 220
Added Member To Class: ClassName=Drive Member=Component R23 62
Added Member To Class: ClassName=Drive Member=Component R24 62
Added Member To Class: ClassName=Drive Member=Component R25 0
Added Member To Class: ClassName=Drive Member=Component R26 10k
Added Member To Class: ClassName=Drive Member=Component R27 10k
Added Member To Class: ClassName=Drive Member=Component R28 10k
Added Member To Class: ClassName=Drive Member=Component VD1 BAT60B
Added Member To Class: ClassName=Drive Member=Component X1 PBD-8
Added Member To Class: ClassName=Drive Member=Component X2 PBD-8
Added Member To Class: ClassName=Drive Member=Component XS1 SSI
Added Member To Class: ClassName=Drive Member=Component XS2 I2C or UART
Added Member To Class: ClassName=Drive Member=Component XS3 POT
Added Member To Class: ClassName=Drive Member=Component XS4 SPI
Added Member To Class: ClassName=Drive Member=Component XS5 CAN
Added Member To Class: ClassName=Drive Member=Component XS6 SWD
Added Member To Class: ClassName=Drive Member=Component XS7 power_5v
Added Member To Class: ClassName=Drive Member=Component ZQ1 8Mhz
Added Room: Name=Drive
