Change Component Designator: OldDesignator=C6 NewDesignator=C8
Change Component Designator: OldDesignator=C7 NewDesignator=C9
Change Component Designator: OldDesignator=C8 NewDesignator=C10
Change Component Designator: OldDesignator=C9 NewDesignator=C11
Change Component Designator: OldDesignator=C10 NewDesignator=C12
Change Component Designator: OldDesignator=C11 NewDesignator=C13
Change Component Designator: OldDesignator=C12 NewDesignator=C14
Change Component Designator: OldDesignator=C13 NewDesignator=C15
Change Component Designator: OldDesignator=C14 NewDesignator=C16
Change Component Designator: OldDesignator=C15 NewDesignator=C17
Change Component Designator: OldDesignator=C16 NewDesignator=C18
Change Component Designator: OldDesignator=C17 NewDesignator=C19
Change Component Designator: OldDesignator=C18 NewDesignator=C7
Change Component Designator: OldDesignator=C19 NewDesignator=C6
Change Component Designator: OldDesignator=R25 NewDesignator=R27
Change Component Designator: OldDesignator=R27 NewDesignator=R25
Change Component Designator: OldDesignator=XS1 NewDesignator=XS2
Change Component Designator: OldDesignator=XS2 NewDesignator=XS3
Change Component Designator: OldDesignator=XS3 NewDesignator=XS4
Change Component Designator: OldDesignator=XS4 NewDesignator=XS5
Change Component Designator: OldDesignator=XS5 NewDesignator=XS6
Change Component Designator: OldDesignator=XS6 NewDesignator=XS7
Change Component Designator: OldDesignator=XS7 NewDesignator=XS1
Change Net Name : Old Net Name=NetC8_1 New Net Name=NetC10_1
Change Net Name : Old Net Name=NetC15_1 New Net Name=NetC17_1
Change Net Name : Old Net Name=NetC16_1 New Net Name=NetC18_1
Change Net Name : Old Net Name=NetC17_1 New Net Name=NetC19_1
Added Member To Class: ClassName=Drive Member=Component DA1 1117M3-L-3-3
